 NL    NX    NY  LOWBAD HIGHBAD  THRESH     AP1  PH/ADU  RNOISE    FRAD
  1  2208  2203   -43.8 30000.0   8.990   4.000   4.500   2.440  10.000
 
      1 2031.761  876.822    9.387   0.0036    8.457       6.    4.506    0.549
      2 1143.220  832.246    9.711   0.0010    5.795       4.    1.201    0.325
      3  433.329 1351.342   10.952   0.0013    1.296       4.    1.107    0.071
      4 1272.818  413.325   10.991   0.0019    1.437       4.    1.640    0.500
      5  409.593 2031.219   11.042   0.0030    2.011       6.    2.551    0.708
      6 2045.523  801.156   11.396   0.0032    2.471       5.    2.388    0.083
      7 1569.513 1992.727   11.761   0.0039    0.713       4.    2.598    0.871
      8 1042.300 1291.284   11.877   0.0019    0.252       4.    1.239    0.141
      9 1082.575 1076.470   11.906   0.0015    0.869       4.    0.929    0.056
     10 1350.159 2004.029   11.938   0.0036    0.297       4.    2.246    0.945
     11  573.908 1770.509   12.467   0.0022    0.173       4.    1.096    0.299
     12 1770.534 1179.824   12.489   0.0024    0.646       4.    1.191   -0.054
     13  638.089 2032.873   12.632   0.0026    0.490       4.    1.253    0.552
     14  773.884  756.376   12.654   0.0058    0.294      10.    2.677    1.388
     15  710.762 1888.712   12.691   0.0029    0.221       4.    1.332    0.626
     16  479.521 1455.257   12.768   0.0020    0.314       4.    0.892    0.340
     17 1105.861 1056.005   12.813   0.0019    1.010       5.    0.826    0.254
     18 1702.130 1271.398   12.942   0.0021   -0.156       4.    0.854    0.142
     19 1416.965  382.466   12.976   0.0028    0.022       4.    1.158    0.648
     20  623.403 1629.903   13.001   0.0024    0.194       6.    0.954    0.261
     21  182.018 1542.653   13.025   0.0024    0.010       4.    0.948    0.143
     22  356.665 1991.337   13.041   0.0033    0.636       4.    1.295    0.533
     23 1987.149 1957.847   13.098   0.0050    0.187       4.    1.927    1.098
     24  286.801  727.686   13.132   0.0022    0.261       4.    0.830    0.134
     25 1978.473 1007.850   13.160   0.0031   -0.102       6.    1.116   -0.001
     26 1834.941 1860.140   13.239   0.0040   -0.127       4.    1.427    0.969
     27 1958.519 1798.387   13.276   0.0041    0.050       4.    1.437    0.722
     28 1704.936 1879.788   13.338   0.0039   -0.069       5.    1.329    0.769
     29  564.016  944.533   13.366   0.0028    0.204       6.    0.929   -0.202
     30 1171.967 1064.937   13.389   0.0026   -0.124       4.    0.856    0.136
     31  679.903  851.948   13.401   0.0022   -0.157       4.    0.747    0.077
     32  625.935  849.556   13.478   0.0027   -0.118       4.    0.870    0.341
     33  277.694  387.259   13.542   0.0041   -0.175       5.    1.276    0.983
     34 1177.253 2069.630   13.642   0.0097   -0.084       7.    2.863    2.989
     35  178.292 1131.808   13.825   0.0034   -0.472       5.    0.914    0.474
     36  167.327  940.796   13.828   0.0034   -0.056       4.    0.905    0.169
     37  578.124  243.271   13.865   0.0152   -0.090       9.    4.026    4.358
     38  327.490 1005.430   13.923   0.0039    0.057       5.    0.989   -0.075
     39 1141.539 1994.100   13.953   0.0048   -0.179       5.    1.215    0.965
     40  613.394 2045.194   14.005   0.0051    0.599       5.    1.246    0.839
     41  201.124  569.259   14.047   0.0040   -0.008       4.    0.958    0.391
     42  258.535 1282.353   14.117   0.0042   -0.326       5.    0.975    0.159
     43  764.120  822.421   14.156   0.0041   -0.230       5.    0.927    0.039
     44  287.263  976.132   14.203   0.0043    0.022       4.    0.962    0.124
     45  173.637  753.818   14.240   0.0048    0.033       5.    1.048    0.254
     46  429.363  666.697   14.260   0.0050   -0.118       4.    1.081    0.444
     47 1679.416  428.407   14.268   0.0047   -0.276       4.    1.013    0.426
     48 1501.147 1778.390   14.282   0.0052   -0.159       5.    1.105    0.620
     49 1209.430 1153.161   14.301   0.0054   -0.213       5.    1.139    0.333
     50  401.858  833.872   14.310   0.0044   -0.024       4.    0.929   -0.090
     51  176.249  398.630   14.354   0.0053   -0.133       5.    1.090    0.624
     52 2006.005 1331.853   14.414   0.0057   -0.301       5.    1.134   -0.050
     53 1511.022 1549.813   14.429   0.0054   -0.184       5.    1.061    0.025
     54 1814.979  588.733   14.443   0.0056   -0.263       5.    1.102    0.163
     55  462.094 1580.263   14.455   0.0048    0.011       4.    0.939    0.778
     56  626.109 1578.558   14.457   0.0050    0.012       5.    0.962    0.377
     57 1590.902 1565.560   14.459   0.0054    0.121       4.    1.037    0.301
     58 1060.437  489.061   14.533   0.0061   -0.007       6.    1.145    0.977
     59 1554.654 2038.159   14.558   0.0059    0.780       4.    1.077    0.229
     60  763.896 1827.826   14.598   0.0069    0.377       4.    1.239    0.882
     61  772.561  235.852   14.660   0.0061    0.026       5.    1.057    0.673
     62 1712.915 1819.579   14.700   0.0111   -0.190       5.    1.212    0.429
     63 1667.539  865.427   14.709   0.0066   -0.171       4.    1.117    0.065
     64 1799.315 1189.006   14.719   0.0065    0.462       5.    1.091    0.271
     65 1407.146  780.690   14.722   0.0060   -0.147       5.    1.011    0.267
     66 1705.885 1819.165   14.734   0.0099   -0.402       5.    1.055    0.851
     67  601.667 2017.822   14.760   0.0074    0.721       5.    1.212    0.493
     68  670.600  419.320   14.786   0.0083    0.975       5.    1.335    0.699
     69  256.503  485.093   14.809   0.0072   -0.343       5.    1.143    0.473
     70 1561.408  646.089   14.824   0.0058   -0.065       6.    0.908    0.394
     71  453.189  602.947   14.837   0.0067   -0.017       5.    1.054    0.558
     72 1117.280  310.320   14.853   0.0070   -0.055       5.    1.085    0.695
     73 1216.770  953.340   14.859   0.0066   -0.692       5.    1.019    0.373
     74 1006.570  417.698   14.893   0.0071    0.028       5.    1.057    0.831
     75  673.108  818.206   14.895   0.0103    0.066       6.    1.564    2.376
     76 1886.135  556.895   14.954   0.0080   -0.090       5.    1.177    0.008
     77  789.284 1685.864   14.984   0.0082   -0.262       6.    1.177    1.052
     78 1997.172 2031.361   14.997   0.0090   -0.285       5.    1.203    1.149
     79 1577.729 1238.552   15.011   0.0082   -0.195       5.    1.155    0.260
     80  748.049 1488.773   15.046   0.0077    0.314       5.    1.070   -0.010
     81  367.252 1590.939   15.052   0.0082   -0.293       5.    1.133    0.866
     82 1196.309  795.319   15.064   0.0087    0.877       5.    1.181    0.568
     83  446.096  255.284   15.075   0.0115    0.083       5.    1.569    1.810
     84  787.779 1094.355   15.086   0.0084   -0.201       5.    1.132   -0.412
     85 1441.297  344.255   15.095   0.0106    0.255       6.    1.427    1.888
     86  808.786 1172.704   15.109   0.0079   -0.166       5.    1.059    0.144
     87 1311.235 1707.489   15.117   0.0079   -0.176       5.    1.046    0.154
     88 1931.160 1783.648   15.123   0.0088    0.176       5.    1.165    0.358
     89 2027.779  602.133   15.150   0.0099   -0.194       5.    1.299    0.736
     90 1408.427  506.710   15.163   0.0079   -0.173       5.    1.026    0.367
     91  448.767 1611.487   15.190   0.0093   -0.001       5.    1.192    0.819
     92  827.499 2053.521   15.191   0.0107   -0.386       5.    1.370    0.888
     93 1292.045 1541.376   15.201   0.0093    0.002       5.    1.180   -0.093
     94  126.416  588.216   15.203   0.0110   -0.035      15.    1.388   -0.214
     95 1465.783  543.691   15.210   0.0087   -0.023       4.    1.094    0.299
     96 1713.001 1518.342   15.226   0.0083   -0.071       5.    1.031   -0.529
     97  337.700 1860.745   15.227   0.0099   -0.419       5.    1.231    1.204
     98  594.984 1309.611   15.236   0.0086    0.196       5.    1.062   -0.393
     99 1232.752  780.895   15.243   0.0088    0.025       5.    1.082   -0.723
    100 1062.154 1540.286   15.245   0.0107   -0.186       5.    1.314    0.510
    101 1832.146  748.804   15.250   0.0109   -0.312       5.    1.345   -0.562
    102 1668.622  283.033   15.254   0.0091   -0.095       4.    1.110    0.723
    103 1768.864 1163.127   15.255   0.0104    0.601       6.    1.118    1.150
    104  260.455 1567.006   15.256   0.0087   -0.214       5.    1.064    0.449
    105  765.324 1796.526   15.259   0.0102    0.066       6.    1.240    1.074
    106  928.567  300.615   15.281   0.0103   -0.004       5.    1.242    0.812
    107  314.341  417.064   15.295   0.0120    0.071       5.    1.422    0.906
    108 1132.693  503.776   15.297   0.0100   -0.299       5.    1.169    0.646
    109 1948.598 1987.239   15.298   0.0100   -0.011       5.    1.194    0.954
    110 1802.396  744.582   15.300   0.0110    0.075       5.    1.310   -0.149
    111 1663.587  681.566   15.308   0.0092   -0.245       5.    1.086    0.630
    112 1785.808  636.482   15.310   0.0103    0.044       5.    1.207    0.254
    113  220.896  464.323   15.316   0.0109   -0.311       5.    1.287    0.464
    114  740.099  403.654   15.321   0.0109   -0.197       5.    1.282    1.053
    115 1075.520 1616.213   15.322   0.0259   -0.338      10.    3.048    5.709
    116 1188.123  430.291   15.329   0.0092    0.184       5.    1.070   -0.122
    117  722.903 1061.438   15.360   0.0093   -0.391       5.    1.059   -0.619
    118 1484.617  542.064   15.366   0.0085   -0.079       5.    0.963    0.224
    119  535.285  746.186   15.376   0.0104   -0.227       5.    1.180    1.016
    120 1207.936 1405.161   15.376   0.0117   -0.367       5.    1.327   -0.222
    121 1461.270 2047.059   15.377   0.0108   -0.482       5.    1.225    0.647
    122 1982.621 1255.912   15.378   0.0116   -0.177       4.    1.321    0.343
    123 1605.829  406.735   15.389   0.0101   -0.467       5.    1.144    1.201
    124 1958.618  242.886   15.396   0.0124   -0.266       4.    1.392    1.183
    125  208.680 1907.657   15.398   0.0104   -0.025       5.    1.165    0.562
    126  775.754 1698.326   15.416   0.0105   -0.323       4.    1.162    0.653
    127 1417.044  461.805   15.423   0.0104    0.032       5.    1.145    0.235
    128 1036.559  425.066   15.423   0.0116    0.130       5.    1.278    0.811
    129  800.828  354.299   15.426   0.0116   -0.078       5.    1.280    1.361
    130  259.403 1178.224   15.427   0.0102   -0.362       5.    1.122   -0.572
    131 1889.681 1659.552   15.427   0.0126   -0.510       5.    1.397    0.834
    132 1507.397  961.392   15.427   0.0100   -0.021       5.    1.094    0.079
    133  415.538 1237.401   15.428   0.0124   -0.157       5.    1.366    0.213
    134 1202.270 1314.970   15.430   0.0127    0.007       4.    1.400    0.049
    135 1491.550 1320.225   15.437   0.0113    0.089       5.    1.238    0.007
    136  767.725 1287.864   15.442   0.0108    0.032       5.    1.176    0.319
    137  298.737  221.734   15.444   0.0132   -0.144       5.    1.436    0.925
    138  897.480 1018.127   15.454   0.0105   -0.071       5.    1.130   -0.007
    139  259.928  180.860   15.466   0.0126   -0.200       5.    1.357    1.210
    140  228.469 1077.887   15.467   0.0111   -0.421       5.    1.198   -0.112
    141 2000.993 2022.073   15.469   0.0126   -0.302       5.    1.234    1.370
    142  165.689 1912.336   15.475   0.0242   -0.246       6.    2.583    6.770
    143  982.533 1506.959   15.476   0.0126   -0.392       5.    1.345    0.268
    144  783.142 1139.807   15.481   0.0100   -0.063       5.    1.060   -0.288
    145 1033.007 1713.265   15.486   0.0274   -0.207       4.    2.913    7.377
    146  891.194 1063.770   15.486   0.0109   -0.034       5.    1.150    0.046
    147  309.812  190.270   15.491   0.0150   -0.013       4.    1.581    0.704
    148  644.009 1283.869   15.492   0.0108   -0.033       5.    1.135   -0.709
    149 1644.550 1991.649   15.495   0.0199   -0.421       4.    2.104    5.330
    150 1170.028 1377.456   15.495   0.0125   -0.049       5.    1.315    0.114
    151 1844.482 1179.927   15.498   0.0116   -0.033       5.    1.222    0.397
    152  929.401  763.166   15.501   0.0126   -0.037       6.    1.328    1.244
    153 1140.583 1247.850   15.503   0.0128   -0.395       4.    1.340    0.299
    154  361.049  427.598   15.503   0.0137   -0.103       4.    1.435    0.294
    155 1843.745 1829.901   15.507   0.0124    0.090       5.    1.292    0.631
    156 1855.678  977.153   15.515   0.0115   -0.345       5.    1.205   -0.029
    157 1385.171 1295.413   15.515   0.0118   -0.329       5.    1.225    0.405
    158  827.119 1136.849   15.516   0.0111   -0.063       5.    1.156    0.072
    159 1496.848 1047.996   15.517   0.0120   -0.114       5.    1.248    0.354
    160  991.769 1051.842   15.524   0.0128    0.164       5.    1.318   -0.059
    161 1120.785  503.314   15.526   0.0113   -0.307       5.    1.142    0.101
    162  337.075  393.475   15.527   0.0126   -0.265       5.    1.300    0.562
    163 1842.650 1996.537   15.533   0.0114   -0.149       5.    1.154    0.943
    164 1425.333 1588.992   15.534   0.0101    0.045       5.    1.034   -0.219
    165  563.676  402.525   15.538   0.0140   -0.202       5.    1.435    0.595
    166 1715.132 1171.236   15.541   0.0117    0.016       5.    1.197   -0.752
    167 1049.709 1374.777   15.544   0.0136   -0.211       5.    1.391    0.361
    168  507.834 1726.964   15.544   0.0124   -0.365       5.    1.267    1.230
    169 1613.380 1416.531   15.545   0.0111   -0.073       5.    1.135    0.022
    170  249.774 1456.279   15.546   0.0115   -0.310       5.    1.171   -0.494
    171 2073.635  371.239   15.547   0.0157   -0.087       5.    1.609    1.362
    172  575.702 1812.834   15.549   0.0127    0.763       5.    1.282    0.335
    173  284.534  661.784   15.550   0.0127   -0.117       5.    1.294    0.617
    174  547.126  522.280   15.554   0.0132   -0.169       5.    1.344    0.338
    175 2023.093  209.549   15.555   0.0152   -0.588       5.    1.550    2.001
    176 1456.654 1657.251   15.556   0.0124   -0.319       5.    1.255   -0.042
    177 1490.967  156.603   15.558   0.0128   -0.048       4.    1.292    1.355
    178 1584.604 1372.553   15.559   0.0120   -0.283       5.    1.216    0.659
    179  609.137  980.122   15.561   0.0127    0.271       5.    1.279    1.347
    180  496.851 1429.537   15.569   0.0110    1.113       5.    1.091   -0.408
    181  349.737  498.354   15.571   0.0141   -0.102       5.    1.413    0.789
    182 1641.629 1109.027   15.571   0.0124    0.031       5.    1.239    0.181
    183 1393.197 1142.956   15.572   0.0123   -0.324       5.    1.230    0.028
    184 1695.451  667.350   15.578   0.0123    0.094       5.    1.224   -0.659
    185 1704.677  817.320   15.578   0.0123    0.024       5.    1.228    0.299
    186 1817.605  855.214   15.581   0.0125   -0.196       5.    1.248    0.031
    187 1876.739 1741.191   15.582   0.0130   -0.099       5.    1.291    0.092
    188 1764.015  477.681   15.584   0.0119   -0.135       4.    1.189    0.599
    189  168.868  143.219   15.585   0.0194    0.046       5.    1.938    0.625
    190 1635.292 1163.177   15.586   0.0120    0.059       5.    1.189   -0.535
    191 1595.109 1417.361   15.593   0.0121   -0.111       5.    1.194   -0.164
    192 2034.728  440.083   15.594   0.0137   -0.592       5.    1.357    0.229
    193 1745.194 1961.963   15.599   0.0135   -0.605       5.    1.330    1.665
    194  325.694  453.859   15.601   0.0142    0.001       5.    1.395    0.368
    195 1506.961 1442.472   15.610   0.0118   -0.146       5.    1.155   -0.121
    196  899.240 1851.049   15.613   0.0123   -0.006       5.    1.206   -0.207
    197  531.929  850.358   15.614   0.0116   -0.442       5.    1.139   -0.100
    198 1737.792  242.388   15.615   0.0133    0.079       5.    1.296    0.048
    199  754.893 2040.187   15.618   0.0155   -0.118       5.    1.513    2.006
    200  921.078 1379.819   15.623   0.0124   -0.367       5.    1.208    0.132
    201 1164.411 2058.458   15.625   0.0139    0.033       5.    1.334    1.462
    202  707.014 1161.553   15.625   0.0110   -0.460       5.    1.065    0.024
    203  679.406 1509.539   15.626   0.0132   -0.407       5.    1.280    0.048
    204 1329.948  694.074   15.629   0.0133   -0.249       5.    1.294    1.079
    205  868.911 1484.566   15.631   0.0127   -0.050       5.    1.218    0.614
    206 1557.090  519.473   15.631   0.0127   -0.217       5.    1.234    0.856
    207  407.758  250.911   15.640   0.0147    0.133       5.    1.412    0.847
    208 1207.915 1683.938   15.641   0.0115    0.161       5.    1.102    0.330
    209  704.279 1837.408   15.644   0.0141    0.559       5.    1.350   -1.005
    210 1585.231  527.707   15.647   0.0117    0.138       5.    1.114   -0.242
    211 1114.940 1348.613   15.649   0.0138   -0.344       5.    1.326   -0.795
    212 1776.282  760.903   15.653   0.0126   -0.158       5.    1.203    0.318
    213 1455.874 1631.890   15.660   0.0123   -0.267       5.    1.167    0.514
    214  769.346 2056.384   15.663   0.0157   -0.265       4.    1.486    1.421
    215  913.543  789.421   15.666   0.0134   -0.274       5.    1.257    0.859
    216  728.582 1924.803   15.669   0.0149    0.471       5.    1.393    0.267
    217  329.710 1105.736   15.669   0.0135   -0.303       5.    1.272   -0.551
    218 1501.385  726.603   15.673   0.0124   -0.097       4.    1.169    0.368
    219  321.228  144.961   15.674   0.0176    0.092       5.    1.659   -1.249
    220 1765.128 1067.981   15.694   0.0119   -0.271       5.    1.099   -0.147
    221  991.589 1838.527   15.720   0.0136   -0.437       5.    1.199    0.972
    222 2063.172  340.281   15.721   0.0167   -0.350       5.    1.527    0.267
    223 1810.906 1800.847   15.725   0.0142   -0.472       5.    1.296    0.526
    224  213.576  422.327   15.730   0.0138   -0.001       5.    1.251   -0.149
    225 2010.033 1454.547   15.733   0.0169   -0.391       5.    1.535    0.078
    226 1099.517  450.821   15.734   0.0140   -0.082       5.    1.269    0.358
    227 1123.829  572.850   15.739   0.0117   -0.360       5.    1.059    0.027
    228  459.622 1318.226   15.743   0.0128    0.884       5.    1.135   -0.853
    229 1581.845  633.017   15.746   0.0122   -0.039       5.    1.092   -0.607
    230 1404.797  246.991   15.764   0.0136   -0.068       5.    1.204    1.016
    231 1423.043 2019.936   15.790   0.0140   -0.030       4.    1.217    0.262
    232 1272.733  809.282   15.793   0.0138   -0.252       4.    1.202    0.036
    233 1099.168 1033.187   15.801   0.0138    1.200       5.    1.175    0.604
    234 2072.566  168.553   15.802   0.0207   -0.575       5.    1.805    0.995
    235 1280.776 1327.995   15.804   0.0164   -0.137       4.    1.424    1.209
    236 1870.583 1844.519   15.806   0.0153    0.020       5.    1.312    0.616
    237  861.241 1802.479   15.807   0.0160   -0.077       5.    1.373    1.269
    238  458.085 1016.124   15.807   0.0141   -0.064       5.    1.208    0.285
    239 1800.463 1592.352   15.810   0.0154   -0.284       5.    1.326   -0.096
    240 1968.197 1362.458   15.815   0.0168    0.123       5.    1.443   -0.612
    241 1859.766 1206.598   15.834   0.0151    0.141       5.    1.278    1.139
    242 1455.302 1986.044   15.856   0.0327   -0.232       4.    2.751    9.618
    243 1818.979 1453.028   15.857   0.0145    0.012       5.    1.205    0.201
    244  333.627 1523.313   15.857   0.0146   -0.384       5.    1.218   -0.458
    245  519.166 1772.405   15.864   0.0152    0.185       5.    1.212   -0.320
    246 1356.330  338.393   15.871   0.0147   -0.259       4.    1.212    0.396
    247  404.068 1422.620   15.886   0.0156    0.116       5.    1.274   -0.298
    248 1361.918 1541.471   15.893   0.0148   -0.173       5.    1.199   -0.639
    249  560.481  603.832   15.895   0.0163   -0.107       5.    1.330    0.924
    250  278.921 1021.686   15.911   0.0176   -0.087       5.    1.414   -0.729
    251 1986.613 1608.669   15.912   0.0179   -0.207       5.    1.446    0.747
    252  975.435  905.810   15.922   0.0168   -0.160       5.    1.342   -0.169
    253 1905.087 1234.943   15.926   0.0156    0.176       5.    1.231   -1.208
    254 1557.428 1316.053   15.930   0.0172   -0.201       5.    1.361    0.007
    255  929.014  736.431   15.932   0.0155   -0.309       5.    1.226    0.693
    256 1107.569 1922.417   15.937   0.0165   -0.436       5.    1.290    0.729
    257 1285.133 1116.002   15.942   0.0154   -0.118       5.    1.206   -0.079
    258  144.248 1180.826   15.944   0.0181   -0.084       4.    1.425    0.804
    259 1053.026  858.514   15.947   0.0158   -0.083       4.    1.242   -0.955
    260 1812.559  706.994   15.950   0.0163   -0.186       5.    1.281    0.071
    261 1952.352 1532.423   15.957   0.0189   -0.196       5.    1.452    0.327
    262 1911.566  458.287   15.971   0.0166   -0.035       5.    1.281    0.174
    263 1102.647 1454.127   15.980   0.0169   -0.214       5.    1.297   -0.552
    264 1509.897  743.130   15.988   0.0370   -0.078      12.    2.790    7.393
    265  577.568 1668.236   15.988   0.0286   -0.055       4.    2.182    6.189
    266  610.239  306.092   15.993   0.0208   -0.361       5.    1.593    2.459
    267  748.525 1338.399   15.996   0.0152   -0.105       5.    1.153   -0.074
    268  851.730 2055.777   16.001   0.0189   -0.167       5.    1.434    0.837
    269  571.114 1048.172   16.004   0.0153    0.120       5.    1.153   -0.851
    270  567.577  850.400   16.006   0.0150   -0.545       5.    1.132   -0.452
    271 1020.649  601.066   16.010   0.0158   -0.028       5.    1.190    0.519
    272  618.211  905.472   16.018   0.0165   -0.348       4.    1.240    0.783
    273 1500.877  845.885   16.019   0.0171   -0.338       5.    1.276   -0.482
    274 1446.454 1516.016   16.020   0.0160   -0.546       4.    1.203   -1.033
    275  897.712 1262.459   16.044   0.0172   -0.566       5.    1.273    1.410
    276 1173.591  319.190   16.048   0.0165   -0.257       6.    1.206    0.043
    277 1229.187 1307.552   16.050   0.0201   -0.286       5.    1.470    1.971
    278  198.875  704.858   16.057   0.0178    0.051       5.    1.295    0.052
    279 2039.259 1365.785   16.075   0.0237   -0.088       5.    1.708   -1.219
    280  914.092 1475.977   16.080   0.0186   -0.304       5.    1.342   -0.288
    281  992.945 1934.131   16.082   0.0176   -0.248       4.    1.264    0.535
    282  754.249  153.886   16.084   0.0204   -0.117       6.    1.458    1.252
    283 1037.999  781.695   16.087   0.0179   -0.496       5.    1.286    0.737
    284  690.710 1642.840   16.094   0.0185   -0.041       5.    1.300    0.055
    285 1586.903 1795.692   16.095   0.0196   -0.501       5.    1.391    1.140
    286 1958.550 1662.876   16.095   0.0218   -0.517       5.    1.562    2.779
    287 1571.281  367.193   16.132   0.0176   -0.358       5.    1.221    0.089
    288  971.897  139.963   16.132   0.0187    0.114       5.    1.294   -0.210
    289  336.955 1029.674   16.146   0.0179    0.056       5.    1.213    1.173
    290 1929.515 1371.766   16.149   0.0220   -0.136       5.    1.507    0.892
    291 1618.382 1938.045   16.174   0.0198   -0.229       5.    1.335   -0.193
    292  408.144  480.997   16.175   0.0342    0.063       5.    2.291    8.878
    293  937.357  667.065   16.182   0.0190   -0.328       4.    1.277   -0.209
    294 1678.953 1020.225   16.190   0.0203   -0.107       5.    1.348    0.451
    295 1215.055  444.295   16.195   0.0179    0.125       5.    1.181    0.457
    296 1508.430 1308.986   16.214   0.0197   -0.224       4.    1.288   -0.263
    297 1567.062  803.728   16.232   0.0193   -0.187       5.    1.252    0.559
    298 1165.713 1881.017   16.240   0.0259   -0.275       7.    1.666    3.350
    299  483.553  340.365   16.244   0.0217   -0.220       5.    1.389    0.081
    300 1802.738  233.510   16.249   0.0216   -0.293       5.    1.384   -0.154
    301 1213.598 1226.715   16.260   0.0237   -0.304       5.    1.504   -0.467
    302  365.974 1683.903   16.262   0.0192   -0.176       5.    1.212   -0.273
    303 1783.485 1076.307   16.274   0.0187   -0.447       5.    1.175    0.078
    304 2066.315 1048.249   16.280   0.0242   -0.414       4.    1.512   -0.305
    305 1839.776 1966.826   16.286   0.0212   -0.263       5.    1.311    0.833
    306  595.057  964.210   16.288   0.0403   -0.106       5.    2.516   11.002
    307 1628.134  735.426   16.292   0.0193   -0.144       5.    1.186   -0.630
    308  561.908 1474.598   16.301   0.0193   -0.348       4.    1.191   -0.118
    309 1409.619 1829.932   16.307   0.0202   -0.150       5.    1.237    0.228
    310 1944.439  491.401   16.318   0.0245   -0.028       5.    1.483   -1.612
    311 1543.197  943.811   16.318   0.0192   -0.074       5.    1.164   -0.371
    312 1568.732 1388.860   16.320   0.0205   -0.079       5.    1.240   -0.090
    313  414.459 2065.015   16.321   0.0519    1.480       8.    3.120   13.652
    314  367.226 1949.732   16.323   0.0260    0.039       6.    1.540    4.293
    315 1531.784 1613.536   16.334   0.0262   -0.336       5.    1.519    2.695
    316  222.775  407.261   16.353   0.0271    0.139       5.    1.592    1.511
    317  876.876 1773.919   16.357   0.0218   -0.278       5.    1.292    0.481
    318 1836.244 2006.000   16.366   0.0199   -0.134       5.    1.131    0.969
    319 1355.799  306.787   16.380   0.0205    0.049       5.    1.195   -0.049
    320  908.388 1054.301   16.382   0.0197    0.164       5.    1.140   -1.313
    321  528.560 1777.424   16.383   0.0229    0.475       5.    1.251    0.068
    322 1392.863  693.132   16.384   0.0248   -0.129       5.    1.434    4.818
    323  336.584 1182.224   16.387   0.0226   -0.241       5.    1.306   -0.088
    324 1143.738  282.653   16.393   0.0193    0.086       5.    1.113   -0.465
    325 1281.097  280.492   16.395   0.0199   -0.221       5.    1.146   -0.264
    326  995.991  413.788   16.403   0.0214   -0.153       5.    1.151    0.427
    327 1720.371 1954.358   16.444   0.0242   -0.263       5.    1.345   -0.256
    328 1396.336  804.817   16.446   0.0213    0.116       4.    1.181    0.092
    329 2057.112  139.918   16.447   0.0362    0.556       5.    1.991   -2.372
    330 1982.214  295.011   16.472   0.0274   -0.125       5.    1.492    0.326
    331  429.247 1854.455   16.473   0.0239   -0.139       5.    1.301    1.146
    332 1475.601 1100.066   16.488   0.0327   -0.108       7.    1.756    4.243
    333 1495.620 2068.057   16.533   0.0301   -0.515       5.    1.574   -1.361
    334  693.380  689.524   16.546   0.0261   -0.300       5.    1.345    0.757
    335 1350.570 1658.559   16.546   0.0264   -0.118       5.    1.364    0.491
    336 1831.999 1342.698   16.548   0.0259   -0.198       5.    1.340   -0.820
    337 1010.751  702.359   16.559   0.0251   -0.265       5.    1.215    0.738
    338  694.650 1602.898   16.569   0.0286   -0.196       5.    1.442   -0.306
    339  904.304 1722.801   16.569   0.0251   -0.283       5.    1.266    0.980
    340 1740.703 1831.612   16.585   0.0296    0.121       5.    1.483    0.005
    341 1909.212 1756.259   16.585   0.0303   -0.311       5.    1.525    0.074
    342 1393.913  198.019   16.586   0.0259   -0.149       5.    1.302    1.504
    343  141.789  409.736   16.587   0.0307    0.158       5.    1.530   -0.156
    344 1479.219 2035.827   16.601   0.0265   -0.528       5.    1.323    0.475
    345 1661.460 1595.060   16.606   0.0259   -0.231       5.    1.282    0.272
    346 1978.867 1437.200   16.615   0.0329   -0.236       5.    1.612    0.173
    347  134.777  969.796   16.616   0.0428    0.438       7.    2.101    4.424
    348  177.939 1252.539   16.620   0.0314    0.147       7.    1.530    1.034
    349 1050.212  468.440   16.620   0.0267    0.037       5.    1.298    0.139
    350 1116.102 1913.559   16.635   0.0275   -0.192       5.    1.298    1.658
    351  963.928  477.465   16.659   0.0266   -0.002       5.    1.257   -1.575
    352  859.295  716.652   16.673   0.0279   -0.589       5.    1.322    1.173
    353  155.770 1239.814   16.675   0.0308    0.888       5.    1.428    0.715
    354 1428.260  938.133   16.692   0.0296   -0.116       5.    1.361   -0.790
    355 1318.789 2043.312   16.696   0.0303    2.387       5.    1.352   -0.742
    356 1710.895  388.318   16.716   0.0290   -0.087       5.    1.315   -0.153
    357 1158.641  775.218   16.722   0.0345    1.621       7.    1.528   -5.425
    358 1538.726 1622.341   16.732   0.0354    0.118       5.    1.544    4.900
    359  789.172  497.264   16.734   0.0330   -0.017       5.    1.484   -2.003
    360 1264.834  694.409   16.739   0.0268   -0.211       5.    1.199    0.151
    361 1573.143  579.167   16.742   0.0296    0.053       5.    1.319   -0.479
    362  251.413  230.954   16.742   0.0397   -0.053       5.    1.770    3.110
    363 1041.418 2065.663   16.742   0.0309   -0.217       5.    1.378   -0.789
    364 1294.587 1979.122   16.756   0.0271   -0.186       5.    1.197   -0.002
    365  746.458  215.743   16.774   0.0331   -0.275       5.    1.448    0.557
    366  585.460  224.352   16.779   0.0386    0.204       5.    1.660    1.119
    367  407.070 1380.537   16.786   0.0311    0.795       5.    1.323    2.106
    368  460.190  745.788   16.799   0.0316   -0.222       5.    1.358   -1.245
    369  905.477 1235.840   16.801   0.0317   -0.261       5.    1.354   -1.366
    370  981.327 1839.463   16.802   0.0338   -0.137       5.    1.353    1.716
    371 1657.220 1298.313   16.810   0.0357   -0.016       5.    1.503    2.573
    372  992.505  317.296   16.826   0.0315   -0.280       4.    1.321    0.924
    373 1129.262  700.823   16.833   0.0307   -0.271       5.    1.188   -1.271
    374 1092.481 1719.172   16.839   0.0321    0.049       5.    1.329   -1.618
    375 1298.243 1116.687   16.840   0.0320   -0.205       5.    1.312   -0.144
    376 1368.989  431.998   16.840   0.0292   -0.324       5.    1.209   -0.856
    377 1027.707 1390.509   16.855   0.0324   -0.227       5.    1.334   -0.257
    378  137.050 1896.177   16.858   0.0352    0.310       5.    1.439    1.045
    379 1593.197 1096.662   16.864   0.0313   -0.023       5.    1.266    2.428
    380  538.787  562.000   16.868   0.0397   -0.404       5.    1.626    0.373
    381 1132.848  692.209   16.889   0.0324   -0.395       5.    1.193   -0.822
    382 1371.321  926.602   16.895   0.0350   -0.198       6.    1.337    0.842
    383 1357.971 2055.024   16.898   0.0370    1.073       5.    1.449   -1.869
    384 1371.917  917.822   16.905   0.0321   -0.279       4.    1.114    0.937
    385 1252.557  578.971   16.911   0.0312   -0.279       4.    1.223   -0.144
    386 1763.064  224.055   16.927   0.0411    0.264       5.    1.590   -2.231
    387 2064.996 1314.350   16.943   0.0467   -0.427       5.    1.800    1.516
    388 1460.714  897.470   16.948   0.0343    0.117       4.    1.304   -0.082
    389 1600.915  365.435   16.957   0.0312   -0.426       5.    1.182    0.308
    390 1018.905  697.267   16.961   0.0347   -0.287       5.    1.232    0.699
    391 1114.831  425.469   16.963   0.0337   -0.195       5.    1.275   -1.275
    392 1986.537  617.353   16.969   0.0373   -0.213       5.    1.397    0.856
    393  897.783 1930.689   16.971   0.0363   -0.256       5.    1.358    1.985
    394 1265.598  722.260   16.973   0.0342   -0.436       5.    1.291    2.101
    395 1523.189 1172.180   16.978   0.0395   -0.328       5.    1.250   -0.132
    396  758.070 1064.161   16.991   0.0324   -0.366       5.    1.204    0.278
    397 2009.594  599.119   17.004   0.0496   -0.191       6.    1.808    7.535
    398 1075.657 1895.334   17.037   0.0362   -0.286       5.    1.290   -0.238
    399 1126.595 1675.356   17.039   0.0447   -0.088       6.    1.584    4.224
    400  789.329  768.521   17.049   0.0392    0.490       6.    1.368    4.745
    401 1889.355 1081.668   17.049   0.0344   -0.363       5.    1.223    0.050
    402 1599.259 1547.273   17.050   0.0385   -0.049       5.    1.356   -0.319
    403  604.156  793.252   17.053   0.0424   -0.242       5.    1.499    3.979
    404  775.074 1850.544   17.054   0.0567    0.126       6.    1.996   12.186
    405  877.742 1871.918   17.054   0.0400   -0.260       5.    1.414   -0.655
    406 1994.465 1897.232   17.062   0.0380   -0.143       5.    1.327    1.940
    407 1907.731  335.711   17.070   0.0429   -0.281       4.    1.497   -1.303
    408  364.825 1178.870   17.070   0.0422   -0.279       5.    1.472   -0.665
    409  344.417 1969.958   17.071   0.0541    0.481       7.    1.872    8.711
    410  478.843  828.613   17.101   0.0411   -0.073       5.    1.392    2.187
    411 1752.349  520.501   17.129   0.0480   -0.441       5.    1.608    1.794
    412 1636.333  542.890   17.135   0.0361   -0.102       5.    1.194   -1.328
    413 1945.448  922.735   17.136   0.0412   -0.166       5.    1.362    4.045
    414  340.328  251.756   17.144   0.0488   -0.442       5.    1.613    2.866
    415 1641.990  899.442   17.152   0.0417   -0.151       5.    1.366   -0.241
    416 1963.403 1532.081   17.162   0.0489   -0.314       5.    1.516    2.164
    417 1248.766  215.781   17.166   0.0394   -0.125       4.    1.274    0.378
    418 1882.234  375.808   17.167   0.0563   -0.214       5.    1.817    5.629
    419 1256.293 2033.395   17.173   0.0400    0.725       5.    1.268   -2.692
    420  685.008  579.943   17.173   0.0469   -0.003       5.    1.505   -0.949
    421  561.773 1056.505   17.180   0.0432    0.166       5.    1.350   -2.670
    422 1873.608  837.846   17.189   0.0440   -0.318       5.    1.393    0.448
    423 1331.528 1408.187   17.191   0.0530   -0.029       5.    1.605    4.653
    424 1912.695  426.216   17.195   0.0461    0.214       5.    1.450   -0.917
    425  653.847  396.925   17.210   0.0502    0.245       5.    1.546    1.173
    426  833.104  488.729   17.210   0.0447    0.171       6.    1.362    1.862
    427 1674.440  492.113   17.219   0.0431   -0.238       5.    1.339    2.740
    428 1039.529 1179.995   17.233   0.0494   -0.649       5.    1.525   -1.685
    429  547.543  478.523   17.240   0.0491   -0.242       5.    1.501    1.757
    430  821.646 1650.792   17.240   0.0435   -0.180       5.    1.320    0.911
    431 1428.234  234.584   17.244   0.0418   -0.194       5.    1.272   -0.470
    432 1846.510 1608.704   17.251   0.0545   -0.190       5.    1.645   -0.442
    433 1515.990 1167.970   17.251   0.0519   -0.173       5.    1.322   -0.183
    434 1737.346  208.905   17.254   0.0443    0.109       5.    1.332    0.067
    435  219.636 1152.540   17.260   0.0508   -0.296       5.    1.491   -0.254
    436  260.639  895.514   17.261   0.0451   -0.163       5.    1.351    0.874
    437 1666.751  809.827   17.276   0.0420   -0.013       6.    1.239    0.160
    438 1664.198 1833.279   17.281   0.0507   -0.077       5.    1.485   -1.660
    439 1678.159 1867.349   17.283   0.0514    0.130       5.    1.511    0.180
    440  179.090  428.716   17.293   0.0549    0.168       5.    1.608   -0.055
    441  809.373 1227.137   17.304   0.0459   -0.000       5.    1.329    0.444
    442  173.372 1268.241   17.311   0.0490    0.560       5.    1.393   -2.583
    443 1799.096  877.744   17.315   0.0528   -0.144       5.    1.520   -0.577
    444 1417.821 1690.000   17.321   0.0492   -0.307       5.    1.407    0.541
    445 1494.730  783.738   17.323   0.0390   -0.061       4.    1.104    1.045
    446 1102.411 1635.685   17.326   0.0526    0.222       5.    1.488   -1.957
    447 1199.731  457.421   17.338   0.0440   -0.153       5.    1.236    0.796
    448 1250.273  480.120   17.347   0.0399   -0.098       5.    1.119   -0.570
    449 1534.508 1304.720   17.347   0.0513   -0.148       5.    1.429    0.121
    450 1398.749 1338.896   17.349   0.0521   -0.283       5.    1.460   -0.968
    451 1940.043 1018.762   17.349   0.0504    0.325       5.    1.387   -3.604
    452  848.532 1516.421   17.355   0.0518   -0.024       5.    1.441   -1.912
    453  347.332  574.400   17.360   0.0541   -0.100       5.    1.496   -0.971
    454  253.151 1972.764   17.362   0.0482   -0.607       5.    1.343    0.726
    455 1602.951  993.142   17.367   0.0463   -0.129       5.    1.275    0.500
    456  962.661 1877.595   17.372   0.0533   -0.184       5.    1.468   -2.352
    457  649.313  597.809   17.375   0.0539   -0.061       5.    1.465   -1.934
    458  290.835 1504.499   17.380   0.0487   -0.394       5.    1.332   -1.535
    459 1878.123 1817.776   17.381   0.0540   -0.133       5.    1.474    0.623
    460 1259.126 1112.794   17.381   0.0579   -0.154       6.    1.550    4.741
    461  904.743 1636.849   17.383   0.0498   -0.007       5.    1.353   -1.281
    462 1291.404 1191.854   17.386   0.0567   -0.459       4.    1.537    5.968
    463 1527.749 1194.915   17.393   0.0532    0.039       5.    1.437    0.292
    464  650.520  729.479   17.396   0.0445   -0.193       5.    1.196   -2.577
    465 1210.216  176.954   17.417   0.0464    0.340       5.    1.216   -1.107
    466 1118.599  178.486   17.417   0.0498   -0.315       5.    1.325    0.346
    467  455.549  380.048   17.417   0.0645    0.267       5.    1.702    0.011
    468 1816.058 2049.901   17.419   0.0518    0.186       5.    1.365   -0.518
    469  214.464 1005.896   17.425   0.0583   -0.608       5.    1.539    1.081
    470  324.427 1804.259   17.429   0.0528   -0.585       5.    1.388    2.150
    471 1105.267 1568.722   17.429   0.0573    0.136       4.    1.503   -3.044
    472 1687.741 1399.811   17.434   0.0449   -0.368       5.    1.169   -1.205
    473 1125.767 2069.212   17.447   0.0586    0.047       5.    1.507    0.524
    474 1378.595  423.469   17.456   0.0520   -0.167       5.    1.323    2.812
    475  743.742 1681.480   17.459   0.0551   -0.314       5.    1.417    1.904
    476 1978.665  907.746   17.460   0.0597    1.560       6.    1.475    2.341
    477  743.060 1004.394   17.461   0.0436   -0.335       5.    1.106    0.272
    478  949.033 1039.784   17.467   0.0594   -0.127       5.    1.484    5.443
    479 1853.208  176.802   17.468   0.0588   -0.181       5.    1.483    0.600
    480  427.164  199.313   17.468   0.0631   -0.203       5.    1.608    2.211
    481 1725.550 1778.109   17.468   0.0637   -0.155       5.    1.621   -3.441
    482  925.922 1339.927   17.492   0.0569   -0.405       5.    1.424   -1.095
    483  586.735 1563.476   17.492   0.0517   -0.220       5.    1.291   -0.378
    484  161.307 2062.746   17.499   0.0798   -0.591       5.    2.004    6.599
    485  681.073 1377.302   17.502   0.0498   -0.229       4.    1.231   -0.689
    486 1950.903  998.703   17.507   0.0534   -0.052       5.    1.308    0.562
    487  885.098  644.838   17.513   0.0582   -0.164       5.    1.424   -2.667
    488 2026.704 1745.942   17.521   0.0670   -0.176       5.    1.632   -0.203
    489  645.960  945.799   17.522   0.0590   -0.146      15.    1.432    5.927
    490 1471.622  343.062   17.522   0.0481   -0.005       5.    1.166   -1.872
    491 1322.613 1617.514   17.526   0.0604   -0.415       6.    1.466    3.580
    492 1495.601  440.263   17.529   0.0555    0.020       5.    1.332   -1.797
    493 1606.816  844.449   17.536   0.0533    0.062       5.    1.279   -0.771
    494 1344.969 1479.719   17.549   0.0654    0.090       5.    1.546   -2.790
    495 1198.072 1062.618   17.551   0.0578    0.082       5.    1.372   -2.403
    496  806.979 1019.371   17.551   0.0565   -0.357       5.    1.342    1.348
    497 1083.480 1013.336   17.551   0.0681    0.506       8.    1.600    5.877
    498 1588.331 2055.065   17.560   0.0648   -0.194       4.    1.529   -1.397
    499 1203.400  250.485   17.571   0.0617   -0.314       5.    1.443    2.102
    500 1223.094  476.775   17.574   0.0534   -0.238       5.    1.241    1.013
    501 1063.497 1274.684   17.580   0.0692    1.110       6.    1.542    6.505
    502  894.334  568.587   17.584   0.0612    0.325       5.    1.404   -0.894
    503  716.338 1020.322   17.586   0.0584   -0.255       5.    1.354    2.758
    504  628.458 1314.011   17.590   0.0573   -0.061       6.    1.294    4.691
    505 1278.707  921.607   17.594   0.0612   -0.554       5.    1.413   -0.113
    506  750.110  193.375   17.598   0.0629    0.097       5.    1.433    0.511
    507 1894.568 1206.078   17.605   0.0642    0.057       6.    1.454    5.138
    508  215.323  976.365   17.607   0.0619   -0.456       5.    1.403    0.192
    509 1951.457 1765.994   17.615   0.0583    0.111       5.    1.305   -1.377
    510 1637.060 1903.879   17.616   0.0696   -0.228       5.    1.560   -2.253
    511 1123.774  927.744   17.617   0.0662   -0.743       5.    1.497    3.783
    512  853.344  640.416   17.618   0.0633   -0.122       5.    1.420    3.613
    513  515.200 1236.554   17.619   0.0599   -0.262       5.    1.349    0.160
    514 1779.484 1725.069   17.619   0.0674   -0.511       5.    1.521   -0.326
    515  184.085  357.822   17.625   0.0706   -0.016       5.    1.579   -1.575
    516 1702.838  341.205   17.644   0.0653   -0.309       4.    1.436    5.182
    517  210.158  552.122   17.644   0.0633    0.102       6.    1.370    0.063
    518 2024.021  157.667   17.648   0.0822    0.439       6.    1.794    0.566
    519 1378.479  801.478   17.657   0.0678    0.013       6.    1.473    0.531
    520 1393.960  535.232   17.662   0.0581    0.018       5.    1.242   -1.312
    521  757.658  521.516   17.662   0.0683   -0.159       5.    1.484    2.231
    522 2050.713  524.934   17.680   0.0844   -0.354       5.    1.816    3.286
    523 1842.168 2039.496   17.683   0.0652   -0.172       5.    1.378   -1.880
    524  458.769  661.064   17.685   0.0734    0.421       5.    1.557    1.826
    525 1221.887 1472.518   17.688   0.0722   -0.328       5.    1.536   -0.807
    526  373.846  329.771   17.692   0.0773   -0.447       4.    1.651    0.711
    527 1936.526 1823.461   17.693   0.0590   -0.094       5.    1.246    4.313
    528  416.853  837.400   17.697   0.0675    0.001       5.    1.382    0.921
    529  891.119 1152.064   17.700   0.0705   -0.107       8.    1.480    7.372
    530  294.113 1734.559   17.710   0.0684   -0.115       5.    1.426    2.720
    531  185.571  931.738   17.716   0.0661    0.070       5.    1.342   -0.911
    532 1187.356 1211.723   17.717   0.0719   -0.216       5.    1.490   -0.790
    533  754.534 1662.796   17.722   0.0720   -0.264       7.    1.482    4.484
    534  134.527  898.017   17.722   0.0762    0.309       5.    1.553   -1.491
    535 1666.117 1441.215   17.726   0.0623   -0.318       5.    1.287   -0.694
    536 1603.117  489.655   17.728   0.0623   -0.276       5.    1.271    0.257
    537  224.070  894.384   17.730   0.0751   -0.124       5.    1.533   -4.918
    538 1080.581  752.315   17.734   0.0719   -0.138       5.    1.466   -3.391
    539  959.049 1955.052   17.736   0.0708   -0.288       5.    1.441    1.914
    540  660.709 1181.646   17.741   0.0620   -0.290       6.    1.267    3.384
    541 1016.317 1404.961   17.746   0.0764   -0.282       5.    1.546   -0.013
    542  199.699 1739.594   17.749   0.0640   -0.222       5.    1.278    0.297
    543  270.917  635.644   17.750   0.0708   -0.010       5.    1.431    1.079
    544 1410.695 1216.110   17.751   0.0683    0.020       5.    1.373   -0.106
    545 1886.800 1525.888   17.753   0.0839   -0.221       5.    1.686    3.893
    546 1480.178 1912.802   17.755   0.0683   -0.319       5.    1.371   -3.849
    547 2041.922 2064.688   17.757   0.0990    0.271       5.    1.969    0.884
    548 1326.747 1977.231   17.760   0.0693    0.296       5.    1.380    2.538
    549  767.888 1008.096   17.761   0.0693   -0.382       5.    1.354   -1.094
    550 1550.442  479.238   17.761   0.0650    0.085       5.    1.294   -2.022
    551  696.781 1445.476   17.766   0.0659   -0.148       5.    1.310    0.795
    552 1654.743 1109.754   17.769   0.0675   -0.159       5.    1.318   -0.944
    553  169.330  222.475   17.774   0.0884    0.153       6.    1.748    0.880
    554  647.067 1806.889   17.775   0.0680   -0.289       5.    1.346   -2.600
    555 1588.225 1026.820   17.782   0.0705    0.050       7.    1.382    3.820
    556  197.906 2012.733   17.790   0.0812   -0.718       5.    1.602    3.885
    557  902.988  240.308   17.799   0.0646   -0.190       6.    1.236    2.898
    558 1574.982 1319.214   17.799   0.0705   -0.153       5.    1.360   -0.998
    559 1450.511 1590.212   17.800   0.0659   -0.129       5.    1.272   -1.303
    560  216.633 1808.322   17.803   0.0644   -0.035       5.    1.237   -2.407
    561  688.396  564.735   17.808   0.0788   -0.222       5.    1.505   -0.795
    562 1258.424  557.608   17.809   0.0680   -0.437       5.    1.299   -0.161
    563  458.193 1875.329   17.811   0.0734    0.111       5.    1.403    1.891
    564 1163.888  994.691   17.811   0.0787   -0.905       5.    1.528   -0.588
    565  918.661  802.591   17.818   0.0690   -0.281       5.    1.299    0.507
    566  682.086  757.961   17.821   0.0761   -0.432       5.    1.442   -0.362
    567  179.629 1356.780   17.826   0.0760   -0.758       5.    1.459   -0.458
    568 1004.088 2007.954   17.828   0.0778   -0.115       5.    1.470   -5.023
    569  524.158 1566.049   17.836   0.0726   -0.662       6.    1.355    1.329
    570  740.054  163.456   17.839   0.0882    0.303       6.    1.651   -2.644
    571 1639.290 1185.440   17.841   0.0719   -0.157       5.    1.349   -0.628
    572  409.348 1691.264   17.841   0.0692   -0.355       5.    1.291   -0.020
    573  383.050 1590.991   17.843   0.0720   -0.288       5.    1.323    0.730
    574  407.593 1531.711   17.845   0.0693   -0.318       5.    1.290   -1.208
    575 1146.205 1974.535   17.854   0.0684   -0.030       5.    1.258   -1.293
    576  196.275  520.593   17.859   0.0818    0.010       5.    1.496   -1.888
    577  905.197  989.986   17.860   0.0782   -0.191       5.    1.446   -0.140
    578 1270.359 2034.511   17.863   0.0725    0.689       5.    1.313    0.080
    579 1143.811  763.609   17.863   0.0728    0.846       4.    1.316   -4.143
    580  883.032  190.307   17.865   0.0696   -0.111       5.    1.268    4.720
    581 1723.062 1135.484   17.868   0.0719   -0.226       5.    1.305   -2.572
    582  336.201  613.138   17.877   0.0759   -0.145       5.    1.370   -1.742
    583 1424.454 1176.574   17.877   0.0797    0.091       5.    1.433   -1.424
    584 1324.677 1415.299   17.881   0.0794   -0.249       7.    1.413    1.571
    585 1205.821 2042.040   17.883   0.0819   -0.178       6.    1.477   -1.758
    586 1913.437  903.652   17.885   0.0788   -0.371       4.    1.429   -1.874
    587  513.638  667.453   17.889   0.0816    0.089       5.    1.465   -1.509
    588  675.213 1697.651   17.891   0.0843   -0.340       5.    1.511    0.025
    589 1415.953  565.626   17.892   0.0819    0.256       5.    1.467   -8.444
    590  341.650 1627.999   17.905   0.0748   -0.317       5.    1.328    0.832
    591  812.750 1440.276   17.905   0.0742   -0.423       5.    1.318    0.966
    592 1287.767 1299.110   17.908   0.0793   -0.167       4.    1.404    0.593
    593 1515.297 1513.538   17.908   0.0747   -0.211       5.    1.323   -1.571
    594 1995.678  778.927   17.908   0.0828    0.168       5.    1.452   -0.811
    595 1301.374  844.733   17.918   0.0740   -0.424       5.    1.302    4.728
    596 1571.594 1060.584   17.920   0.0808   -0.121       5.    1.415   -0.524
    597  814.262 1066.734   17.920   0.0797   -0.423       5.    1.400    1.481
    598 1601.978  646.656   17.921   0.0789    0.030       5.    1.381   -3.295
    599  230.517 1152.026   17.925   0.0853   -0.080       5.    1.460    0.209
    600  411.988  320.632   17.929   0.0894   -0.297       5.    1.557   -0.435
    601 1194.000 1434.532   17.931   0.0854   -0.284       5.    1.480   -0.304
    602 2068.848  205.296   17.936   0.1054   -0.299       5.    1.834   -0.465
    603  183.631 1906.664   17.942   0.0849   -0.046       4.    1.469   -3.236
    604 1819.644 1248.266   17.957   0.0706   -0.284       5.    1.202   -0.995
    605 1493.403 1810.724   17.960   0.0739   -0.321       5.    1.258    1.996
    606  910.308 1519.866   17.962   0.0921   -0.262       5.    1.556    2.866
    607 1933.048 1286.784   17.963   0.0894   -0.344       5.    1.515    0.128
    608 2026.175 2036.015   17.965   0.1083   -0.150       5.    1.811   -1.341
    609  292.865  517.592   17.966   0.0849   -0.394       5.    1.438   -2.818
    610  153.134  861.615   17.969   0.0946   -0.139       5.    1.589   -3.942
    611  848.408 1084.481   17.970   0.0828   -0.170       5.    1.387    0.837
    612  579.652 1064.463   17.984   0.0717    0.006       5.    1.172    0.680
    613  794.554  731.547   17.985   0.0821    0.421       6.    1.352    3.963
    614  990.934  871.805   17.987   0.1088   -0.049       5.    1.804    5.913
    615 1641.265 1290.475   17.988   0.0769    0.068       5.    1.270   -3.263
    616  138.424 1507.494   17.988   0.0994    0.375       5.    1.621   -0.993
    617  813.393  894.759   17.990   0.0826   -0.287       5.    1.366    1.465
    618  829.418 1630.162   17.991   0.0923   -0.425       5.    1.527   -1.268
    619 1365.159 1953.987   17.992   0.0900    0.165       4.    1.458   -5.248
    620 1260.752 1040.754   17.992   0.0850    0.177       5.    1.396   -3.451
    621 1076.015 1426.322   17.994   0.0969   -0.102       5.    1.596   -3.642
    622 1610.586 1584.871   17.995   0.0847    0.130       5.    1.378   -6.432
    623  990.774  522.710   18.001   0.0874    0.010       5.    1.426   -3.489
    624 1070.882 1350.180   18.018   0.0954   -0.077       5.    1.521   -4.177
    625  613.732  598.803   18.018   0.0900    0.201       5.    1.442   -2.075
    626 1777.764  548.881   18.038   0.1023   -0.073       5.    1.627   -0.734
    627  700.864  854.589   18.046   0.0890    0.517       4.    1.384   -1.387
    628  946.318 1317.958   18.050   0.0951   -0.555       5.    1.506    1.744
    629 2010.249  265.983   18.052   0.0977    0.074       4.    1.526   -0.861
    630 1559.016  884.553   18.053   0.0881   -0.213       5.    1.386   -1.835
    631 1237.848  807.465   18.059   0.0905    0.104       5.    1.397   -2.436
    632 1875.153  466.459   18.062   0.0905   -0.362       5.    1.410   -3.903
    633 1854.253 1633.031   18.071   0.1045   -0.144       5.    1.611   -0.584
    634  202.214  780.955   18.090   0.1011    0.109       5.    1.532   -0.389
    635 1060.317 1603.300   18.090   0.1076   -0.270       4.    1.651    7.289
    636  966.595  931.839   18.091   0.0909   -0.277       5.    1.384    1.246
    637  518.911  310.302   18.092   0.0972   -0.281       6.    1.478    2.973
    638 1851.612 1399.285   18.092   0.0930   -0.257       5.    1.404   -0.316
    639 1214.463  717.728   18.103   0.0926   -0.055       5.    1.389   -5.678
    640 1351.030 1332.879   18.112   0.1048   -0.267       5.    1.568   -1.528
    641  204.719 1499.201   18.114   0.0870    0.295       5.    1.284   -0.713
    642  571.226 1701.576   18.124   0.1013   -0.357       5.    1.492   -7.057
    643 1611.123 1806.815   18.128   0.1009   -0.428       5.    1.488    0.222
    644  299.355 1058.258   18.129   0.0928   -0.328       4.    1.364   -4.146
    645  327.195 1383.437   18.130   0.0935   -0.305       5.    1.374   -3.986
    646 1030.812 1811.775   18.134   0.1083   -0.012      10.    1.566    3.493
    647 1447.402  400.925   18.140   0.0873    0.127       6.    1.263   -4.747
    648  784.199 1353.929   18.140   0.0907   -0.333       5.    1.322   -0.335
    649  672.126 1037.980   18.142   0.0928    0.159       5.    1.343    4.538
    650 1887.413 1880.321   18.143   0.0936   -0.119       5.    1.356    3.416
    651  385.566  581.882   18.145   0.1083   -0.082       5.    1.566   -2.804
    652  284.439 1881.707   18.148   0.0988   -0.268       5.    1.425   -5.843
    653 1390.987  508.119   18.149   0.0866   -0.233       5.    1.231   -4.169
    654  977.637 1692.271   18.149   0.1154   -0.220       5.    1.666   -6.685
    655 2004.887 1806.493   18.154   0.0939   -0.056       5.    1.342   -2.417
    656  683.856 1750.344   18.158   0.1031   -0.254       5.    1.480   -4.655
    657  992.812  763.471   18.161   0.0975   -0.144       5.    1.389    1.651
    658 1670.439  135.580   18.162   0.1196   -0.423       5.    1.703   -0.423
    659  795.784  582.613   18.167   0.1108   -0.177       5.    1.573    2.489
    660 1460.018 1822.708   18.178   0.1016   -0.311       5.    1.428   -5.947
    661 1826.947  336.340   18.185   0.1185    0.048       5.    1.653    1.320
    662 1941.553  329.966   18.187   0.1025   -0.388       5.    1.435   -1.632
    663 1248.834  916.303   18.187   0.1018   -0.298       5.    1.417   -1.167
    664 1473.503 1821.842   18.190   0.0968    0.076       5.    1.343   -2.878
    665 1520.258  940.604   18.193   0.1015   -0.122       5.    1.398   -4.962
    666 1724.162 1425.439   18.196   0.0937   -0.262       5.    1.294   -3.969
    667 1131.598 1108.272   18.197   0.1050    0.470       4.    1.417   -0.559
    668  824.687 1375.822   18.198   0.1043   -0.377       5.    1.433   -1.759
    669  467.029  326.192   18.206   0.1189   -0.393       5.    1.640    1.559
    670 1258.282 1496.750   18.216   0.1111   -0.094       5.    1.517   -3.254
    671  232.005 1574.573   18.220   0.1008    0.137       5.    1.359   -6.486
    672 1415.147 1563.601   18.222   0.1102   -0.041       5.    1.496   -2.462
    673  757.305 1407.405   18.226   0.1052   -0.438       5.    1.417   -1.886
    674 1273.106 1587.969   18.231   0.1202   -0.064       5.    1.616   -8.995
    675 1040.009  817.739   18.232   0.1044   -0.469       5.    1.407   -5.468
    676 1887.946 1935.361   18.242   0.1003   -0.467       5.    1.339   -2.564
    677  790.362 1461.701   18.248   0.0987   -0.313       5.    1.311   -0.558
    678  819.113  135.437   18.273   0.1422   -0.073       6.    1.836   -9.168
    679 1334.844  259.414   18.276   0.1037    0.064       5.    1.342   -2.857
    680  140.936 1713.246   18.285   0.1246   -0.090       5.    1.600   -4.936
    681 1969.587 1414.390   18.290   0.1331   -0.017       6.    1.684   -0.409
    682  236.550 1508.861   18.296   0.1078   -0.053       5.    1.364   -4.894
    683 1466.947 1588.941   18.298   0.1086   -0.138       5.    1.370   -5.384
    684 1403.682  606.318   18.306   0.1027   -0.103       5.    1.293   -2.447
    685  771.009 1813.236   18.309   0.1097    0.250       6.    1.336    0.427
    686  211.711 1417.038   18.311   0.1144   -0.326       5.    1.431   -1.123
    687 1688.787  463.095   18.315   0.1165   -0.129       5.    1.464   -2.305
    688  597.789  684.830   18.316   0.1209    0.081       5.    1.500   -8.588
    689 1177.571 1124.194   18.334   0.1299    0.062       4.    1.594   -4.783
    690  833.106  989.712   18.335   0.1043   -0.333       5.    1.289   -4.593
    691 1268.483 1168.156   18.340   0.1212   -0.160       5.    1.481   -0.424
    692  428.064 1174.865   18.346   0.1196    0.232       5.    1.445    3.112
    693 1326.656 1433.973   18.355   0.1168    0.155       5.    1.409   -4.829
    694  705.768 1958.949   18.359   0.1230   -0.235       5.    1.481    3.684
    695  877.014 1354.005   18.374   0.1186   -0.480       5.    1.420    1.101
    696  873.944  333.054   18.383   0.1265   -0.360       5.    1.496   -2.746
    697 1962.222 1912.677   18.387   0.1185    0.153       5.    1.368   -8.398
    698  934.523  314.053   18.387   0.1216    0.107       5.    1.398   -1.630
    699 2071.781  970.747   18.398   0.1394   -0.646       7.    1.627   -6.438
    700 1960.271  142.551   18.401   0.1690   -0.105       5.    1.959   -6.225
    701  452.982 1595.396   18.403   0.1234   -0.073       5.    1.410   -0.825
    702  392.607 1224.508   18.417   0.1329   -0.034       5.    1.527   -6.843
    703 1975.949  637.799   18.422   0.1271    0.115       6.    1.449   -6.032
    704  338.118 1491.141   18.438   0.1136   -0.393       5.    1.285   -4.903
    705  237.099  166.510   18.442   0.1440   -0.222       5.    1.595   -4.912
    706  675.931 1910.036   18.442   0.1399    0.310       5.    1.558   -8.324
    707 1413.970  723.838   18.444   0.1290   -0.003       5.    1.449   -3.784
    708 1158.633 1441.317   18.454   0.1390   -0.160       5.    1.550    1.552
    709  293.091 1106.402   18.460   0.1454   -0.562       5.    1.617   -5.762
    710  752.869  394.540   18.477   0.1521   -0.385       5.    1.641    1.827
    711  323.500 1646.262   18.502   0.1336   -0.087       5.    1.398   -5.932
    712 1589.552 1878.376   18.503   0.1429   -0.457       5.    1.526   -2.521
    713  839.537  287.809   18.508   0.1340   -0.092       5.    1.423   -5.420
    714 1031.074 1515.017   18.511   0.1556   -0.314       5.    1.652   -4.835
    715  396.786 1355.403   18.517   0.1345    1.497       5.    1.379  -12.222
    716  443.894  165.257   18.529   0.1760   -0.113       5.    1.831   -6.775
    717  845.631 1357.086   18.563   0.1407   -0.412       5.    1.426   -7.477
    718  141.894 1158.777   18.582   0.1773   -0.335       4.    1.755  -12.005
    719  207.181  251.682   18.583   0.1697    0.058       4.    1.670  -11.425
    720 1786.173 1930.994   18.639   0.1699   -0.322       5.    1.612    0.033
    721 1712.422 1075.335   18.641   0.1470   -0.181       5.    1.391   -0.458
    722 1615.856  182.872   18.642   0.1602    0.027       5.    1.509   -7.383
    723  274.458  949.891   18.649   0.1620   -0.166       5.    1.515   -4.961
    724 1655.870 1223.187   18.695   0.1684   -0.130       5.    1.515   -2.412
    725  208.859 1596.271   18.702   0.1531   -0.141       6.    1.374   -6.324
    726  861.777  611.767   18.705   0.1772   -0.052       4.    1.577    3.817
    727  350.286 1749.188   18.710   0.1499   -0.259       6.    1.332   -8.981
    728  609.539  143.462   18.735   0.2371   -0.007       5.    2.074    8.495
    729 1662.901  961.145   18.749   0.1653   -0.317       7.    1.408   -6.619
    730 1308.419  980.051   18.761   0.1867   -0.506      20.    1.600    7.870
    731 1833.628 1142.669   18.770   0.1539   -0.214       5.    1.299   -9.349
    732 2050.166 1225.692   18.773   0.2127   -0.300       5.    1.797    7.011
    733  204.541 1262.803   18.784   0.1816    0.153       6.    1.508  -10.854
    734  568.197 1197.550   18.838   0.1736   -0.304       5.    1.378   -5.536
    735 1731.818 1698.603   18.853   0.1898   -0.027       6.    1.471  -20.437
    736  596.335 1500.921   18.856   0.1701   -0.463       5.    1.334   -5.840
    737 1931.952 1685.211   18.871   0.2059   -0.361       6.    1.576   -6.173
    738 1972.248  136.736   18.873   0.2450   -0.024       5.    1.888  -14.851
    739  471.212  460.480   18.899   0.2235   -0.254       5.    1.693   -3.098
    740  237.679  297.233   18.910   0.2322    0.119       5.    1.698   -7.684
    741  844.000  744.841   18.945   0.2037   -0.007       6.    1.475  -13.972
    742 2060.905  282.771   18.951   0.2335   -0.133       6.    1.679  -18.115
    743 2009.594  537.446   18.962   0.2151   -0.461       6.    1.533   -2.044
    744  173.010 1223.374   18.994   0.2281    0.001       6.    1.544  -14.890
    745  864.524 1458.875   19.017   0.2155   -0.383       4.    1.473   -6.232
    746  582.164  581.152   19.027   0.2311   -0.345       6.    1.545   -4.445
    747  814.842 1569.053   19.033   0.2064   -0.322       5.    1.373   -6.098
    748 2018.428  972.320   19.038   0.2293   -0.564      10.    1.542    2.793
    749 2027.766  402.074   19.039   0.2444   -0.752       6.    1.622   -8.371
    750  775.794 1442.305   19.068   0.2059   -0.186       9.    1.338   -2.271
    751  318.430 1452.209   19.093   0.2375   -0.300       6.    1.511  -11.334
    752 1983.190 1337.097   19.116   0.2818   -0.074       6.    1.743   -8.038
    753 1278.061  866.027   19.133   0.2636   -0.312       5.    1.611   -6.892
    754 1690.716 1959.886   19.137   0.2649   -0.524       5.    1.624    1.078
    755  720.833 1696.388   19.161   0.2880   -0.055       7.    1.693  -12.268
    756 1404.789  876.959   19.162   0.2551   -0.106       7.    1.512  -17.527
    757  411.327 1285.789   19.173   0.2277    0.165       5.    1.339  -16.320
    758 2015.154 1026.521   19.180   0.2727   -0.160       6.    1.602  -21.493
    759 2076.217 1874.351   19.196   0.2927   -0.097       5.    1.698   -6.078
    760 1651.787  161.285   19.206   0.2769   -0.155       6.    1.598  -10.940
    761  974.943 1897.017   19.244   0.2710   -0.549       6.    1.496  -13.830
    762 1482.943  973.761   19.245   0.2581   -0.011       5.    1.404   -9.146
    763 1771.598  278.571   19.263   0.2943   -0.322       5.    1.607   -8.501
    764 2050.585 1998.845   19.278   0.3246   -0.166       5.    1.726  -10.861
    765  157.734  688.166   19.284   0.3048   -0.058       6.    1.633  -12.929
    766 1296.283  552.235   19.313   0.2758   -0.206       6.    1.416  -16.960
    767  629.375 1735.159   19.332   0.2991   -0.063       5.    1.515  -21.113
    768 1108.716 2060.346   19.349   0.3260   -0.298       7.    1.650  -11.296
    769  660.157  276.685   19.357   0.3201   -0.432       6.    1.600  -15.709
    770  156.438  618.970   19.362   0.3058    0.051       5.    1.517  -16.679
    771 1927.143  151.394   19.393   0.4014   -0.365       4.    1.955   -6.747
    772  162.586 1667.849   19.396   0.3048   -0.376       7.    1.474  -14.464
    773 1664.596 1511.295   19.402   0.3068   -0.158       7.    1.483  -18.162
    774 1317.814 1160.821   19.408   0.3106   -0.143       6.    1.492  -16.098
    775  472.890  521.203   19.408   0.3397   -0.174       5.    1.626  -11.116
    776 1206.421 1872.832   19.421   0.3164   -0.194       5.    1.492  -14.659
    777 2051.830 1380.629   19.422   0.3819   -0.278       7.    1.800   -7.686
    778  364.531  737.147   19.432   0.3424   -0.026       8.    1.590  -27.077
    779 2035.311 1771.934   19.493   0.3827   -0.084       6.    1.708  -29.247
    780  403.090  201.239   19.498   0.3948    0.414       6.    1.704  -29.937
    781  493.817  284.435   19.530   0.4206   -0.216       7.    1.812  -27.463
    782  165.826 1819.889   19.564   0.4077    0.068      14.    1.671   -8.805
    783 1887.891 2055.403   19.593   0.4018   -0.647       6.    1.628   -3.133
    784  505.721  692.531   19.602   0.3724   -0.000       7.    1.503  -17.791
    785  254.118 1863.209   19.602   0.3524   -0.569       6.    1.391  -22.294
    786 1513.395 1925.283   19.619   0.4152   -0.444       7.    1.627  -27.404
    787 1968.637 1448.294   19.665   0.4487   -0.199       6.    1.696  -18.025
    788  630.988  279.173   19.679   0.4242   -0.205       5.    1.574  -18.082
    789 2074.967 1888.840   19.711   0.5132   -0.144       6.    1.872  -44.535
    790 1553.634 1162.495   19.721   0.4768   -0.081       5.    1.703  -29.460
    791  237.104 1232.124   19.722   0.4464   -0.410       6.    1.613  -23.233
    792  523.096 2039.788   19.723   0.4583   -0.247       5.    1.631  -30.403
    793 1993.366  171.813   19.732   0.4999    0.085       6.    1.780  -34.152
    794 1897.810  425.151   19.755   0.4601   -0.160       7.    1.591  -29.444
    795 1395.349  145.783   19.759   0.4540   -0.381       6.    1.581  -21.225
    796  358.988  368.930   19.804   0.4947   -0.258       8.    1.659  -26.537
    797  777.658 1011.022   19.857   0.4608   -0.357       6.    1.453  -28.734
    798 1012.844  175.448   19.875   0.4455   -0.150       7.    1.377  -29.723
    799 2072.209 1722.891   19.895   0.5424   -0.083       6.    1.675  -43.747
    800 1483.800 1708.426   19.946   0.5045   -0.314       7.    1.477  -44.021
    801 1540.136 1817.332   19.994   0.5413    0.073      11.    1.527  -42.624
