 NL    NX    NY  LOWBAD HIGHBAD  THRESH     AP1  PH/ADU  RNOISE    FRAD
  1  2208  2202   -43.2 30000.0   8.710   4.000   4.500   2.440  10.000
 
      1 1357.426 1667.292    8.370   0.0018   23.038       7.    2.324    0.325
      2 1013.757 1351.679    9.819   0.0012    5.814       4.    1.372    0.298
      3 1695.553 1791.094    9.821   0.0014    5.357       4.    1.649    0.093
      4 2001.489 1187.354   10.426   0.0014    3.177       4.    1.435    0.145
      5  223.554  798.011   11.006   0.0019    2.110       4.    1.625    0.442
      6  623.169  434.147   11.291   0.0020    1.349       4.    1.611    0.415
      7 1695.205  565.280   11.880   0.0016    0.866       4.    1.017    0.226
      8  183.310 1970.244   11.973   0.0028    0.778       4.    1.722    0.343
      9 1678.323  193.617   11.975   0.0023    0.841       4.    1.419    0.643
     10 1032.330  355.742   12.031   0.0016    0.559       4.    0.994    0.315
     11  625.704  628.970   12.147   0.0015    0.408       4.    0.890    0.209
     12 1498.008  264.336   12.183   0.0020    0.235       6.    1.122    0.418
     13  405.083  797.128   12.259   0.0019    0.716       4.    1.037    0.346
     14  641.896 1130.831   12.290   0.0015    0.311       4.    0.831    0.120
     15  694.511  515.637   12.411   0.0020    0.537       4.    1.018    0.317
     16  768.690  521.252   12.648   0.0018    0.019       4.    0.832    0.216
     17  849.330 1934.535   12.892   0.0030    0.188       6.    1.231    0.562
     18  334.375 1329.429   13.052   0.0023    0.225       4.    0.886    0.238
     19 1365.068  175.613   13.239   0.0027   -0.102       5.    0.964    0.488
     20 1448.361  212.270   13.268   0.0025    0.281       4.    0.892    0.460
     21  920.670 1853.774   13.272   0.0027   -0.102       6.    0.916   -0.052
     22  171.414 1377.130   13.384   0.0025   -0.156       6.    0.810   -0.102
     23  684.921 1853.437   13.427   0.0028    0.097       4.    0.910   -0.114
     24  342.272  921.645   13.557   0.0028   -0.066       5.    0.848    0.271
     25  746.153 1241.375   13.669   0.0028   -0.046       4.    0.812    0.121
     26 1911.053 1678.602   13.806   0.0034   -0.172       4.    0.937    0.133
     27  634.795 1482.887   13.813   0.0152   -0.138       9.    4.143    4.489
     28  807.043  595.578   13.815   0.0031   -0.302       4.    0.842    0.090
     29  559.030  773.708   13.844   0.0034    0.112       4.    0.905    0.104
     30 2048.506 1710.932   13.920   0.0043    0.253       4.    1.105    0.504
     31 1067.215 1697.768   13.970   0.0033   -0.421       4.    0.832   -0.260
     32  923.980  913.964   14.091   0.0106    0.220      10.    2.483    2.487
     33  261.351 2038.412   14.190   0.0072   -0.441       6.    1.608    1.518
     34  890.320 1178.608   14.193   0.0292    0.201      12.    6.471    7.329
     35  574.426 1360.275   14.225   0.0042   -0.254       5.    0.925    0.214
     36 1341.134 1681.868   14.279   0.0600    9.754      38.   10.258   18.091
     37 1353.035 1184.523   14.302   0.0041    0.074       5.    0.851   -0.177
     38  457.504  225.632   14.319   0.0050    0.080       4.    1.037    0.537
     39  278.067 1509.783   14.389   0.0040    0.205       5.    0.793   -0.014
     40  398.706 1180.467   14.411   0.0041    0.127       4.    0.811    0.473
     41 1648.987 1937.847   14.423   0.0047   -0.078       5.    0.917   -0.429
     42  935.270  893.177   14.433   0.0052    0.107       5.    1.016   -0.094
     43  410.802 1166.197   14.443   0.0045    0.161       5.    0.859    0.371
     44 1570.694  719.161   14.445   0.0048    0.160       5.    0.928    0.166
     45 1945.609  718.276   14.456   0.0166   -0.220       6.    3.179    4.336
     46  865.327 1221.819   14.541   0.0050    0.126       5.    0.923   -0.167
     47 1670.331  316.047   14.567   0.0051   -0.237       5.    0.931    0.689
     48 1945.148 2017.160   14.568   0.0049   -0.113       6.    0.892   -0.321
     49 1048.389  994.389   14.596   0.0053   -0.049       5.    0.943    0.033
     50  848.689 1911.835   14.600   0.0054    0.357       6.    0.969    0.118
     51 1509.771 1659.891   14.601   0.0059    0.115       5.    1.049   -0.579
     52  234.763 1879.771   14.612   0.0059   -0.299       5.    1.054    0.349
     53  961.185  305.000   14.644   0.0053    0.191       5.    0.914    0.197
     54 1056.486 1797.863   14.693   0.0047   -0.086       5.    0.803   -0.379
     55 1868.843 1008.316   14.787   0.0066    0.070       5.    1.071   -0.080
     56 1217.863  385.540   14.833   0.0061    0.190       5.    0.954    0.218
     57 1007.393 1081.450   14.847   0.0064   -0.369       5.    0.993    0.074
     58 1115.781  575.703   14.874   0.0066    0.020       5.    1.005    0.791
     59 1441.487 2004.196   14.920   0.0063   -0.038       5.    0.936    0.035
     60 1466.032  417.949   14.930   0.0078   -0.063       6.    1.156    0.789
     61  914.475  272.561   14.945   0.0073   -0.302       5.    1.067    0.802
     62  512.483 1936.240   14.985   0.0072   -0.167       5.    1.032    0.442
     63 2020.130 1448.667   15.060   0.0073    0.273       5.    0.995   -0.606
     64 1860.628  753.694   15.073   0.0079    0.126       4.    1.081    0.160
     65  273.157 1443.177   15.074   0.0068   -0.105       6.    0.919   -0.305
     66 1059.410 1360.945   15.091   0.0092    1.919       5.    1.224    0.537
     67 1699.470 1463.761   15.093   0.0081   -0.054       5.    1.086   -0.399
     68 1500.156  981.673   15.104   0.0077    0.191       5.    1.023   -0.359
     69 1534.289 2032.732   15.108   0.0081   -0.334       5.    1.082    1.033
     70  666.291  776.178   15.109   0.0086    0.053       5.    1.149   -0.114
     71 1794.841 1108.905   15.115   0.0080   -0.059       5.    1.057    0.569
     72 1472.307 1667.148   15.146   0.0086    0.381       5.    1.116   -0.487
     73 1237.591  182.647   15.147   0.0079   -0.278       5.    1.027    0.453
     74 2044.251  625.476   15.165   0.0091   -0.307       5.    1.167    1.169
     75 1088.484 1450.555   15.191   0.0086   -0.434       5.    1.090   -0.007
     76  190.167 1364.093   15.198   0.0076    0.159       5.    0.948    0.519
     77  900.631 1981.614   15.200   0.0084   -0.220       5.    1.060   -0.300
     78 1128.693 1992.425   15.220   0.0080    0.119       5.    0.998   -0.298
     79  201.149  522.640   15.223   0.0081   -0.017       5.    1.007    0.637
     80 2072.614  460.632   15.240   0.0109    0.027       5.    1.345    0.374
     81 1302.652 1069.267   15.250   0.0175    0.217       9.    2.114    3.145
     82 2054.411 1473.035   15.252   0.0096    0.157       5.    1.171    0.323
     83 1373.831 1054.836   15.293   0.0077   -0.106       5.    0.912   -0.844
     84 2073.480 1294.902   15.314   0.0197   -0.022       8.    2.303    3.877
     85  955.174  390.385   15.326   0.0096    0.457       5.    1.120   -0.124
     86  921.281 1015.921   15.350   0.0105   -0.281       4.    1.201    0.372
     87 1506.131 1405.160   15.368   0.0092   -0.206       5.    1.047   -0.279
     88  903.652  665.273   15.386   0.0100    0.122       5.    1.123    0.184
     89  405.938 1586.519   15.390   0.0176    0.101       4.    1.984    5.152
     90 2007.055 1701.898   15.403   0.0101    0.032       5.    1.122    0.408
     91 1860.856 1830.622   15.406   0.0098   -0.153       4.    1.089   -0.281
     92 1441.579 1200.628   15.430   0.0102   -0.029       5.    1.117   -0.082
     93 1073.846  832.339   15.444   0.0091    0.099       5.    0.980   -0.062
     94  232.995 1242.852   15.459   0.0103   -0.169       5.    1.112    0.570
     95 1867.948  484.163   15.475   0.0104   -0.101       4.    1.105   -0.184
     96  966.090  721.538   15.479   0.0099    0.032       5.    1.044   -0.403
     97 1776.360  529.421   15.485   0.0101   -0.120       5.    1.063   -0.016
     98  861.861 1172.991   15.498   0.0104    0.260       5.    1.092   -0.111
     99 1159.462  183.866   15.499   0.0097    0.243       5.    1.016    0.438
    100 1348.729 1033.319   15.504   0.0107    0.003       5.    1.117   -0.089
    101 2052.374 2050.156   15.512   0.0142   -0.004       5.    1.481    0.711
    102 1368.932 1534.019   15.530   0.0116   -0.177       5.    1.189   -0.873
    103 1395.329  528.346   15.535   0.0109   -0.055       5.    1.114   -0.363
    104  857.636  311.736   15.557   0.0106    0.120       5.    1.067    0.037
    105 1137.285 1801.885   15.565   0.0099   -0.269       5.    0.992   -0.431
    106  396.298 2018.536   15.577   0.0105   -0.117       5.    0.897   -0.143
    107  222.671  260.759   15.586   0.0112    0.251       5.    1.108    0.702
    108 2044.794 1422.082   15.591   0.0303   -0.241       5.    3.008    9.649
    109  910.148  740.365   15.594   0.0102   -0.046       5.    1.002    0.592
    110 1062.471 1998.226   15.600   0.0100   -0.179       5.    0.982    0.560
    111 1116.044  623.704   15.601   0.0116    0.156       5.    1.134   -0.688
    112 1482.118 1162.314   15.604   0.0259   -0.008       9.    2.544    5.187
    113 1678.114 1868.393   15.605   0.0121    0.050       5.    1.180   -0.344
    114 1041.630 1287.244   15.607   0.0119    1.026       5.    1.149   -0.889
    115 1204.645 1545.644   15.609   0.0115   -0.240       5.    1.121    0.169
    116  910.360 1499.812   15.625   0.0119   -0.407       5.    1.160    0.852
    117  942.330 1563.018   15.632   0.0116   -0.304       5.    1.118    0.305
    118 1525.156 1095.688   15.634   0.0109   -0.382       5.    1.056   -0.268
    119 1326.840 1087.414   15.637   0.0122    0.114       5.    1.170   -0.134
    120 1463.623 1698.873   15.640   0.0126    0.162       5.    1.210   -0.959
    121 1064.864  647.796   15.645   0.0113    0.002       5.    1.076   -0.356
    122 1282.900 1527.623   15.651   0.0123   -0.509       4.    1.177   -0.028
    123 1349.544  395.782   15.656   0.0117   -0.087       4.    1.110    0.361
    124 1304.084 1798.363   15.659   0.0107   -0.566       5.    1.018   -0.762
    125  828.148 2019.268   15.660   0.0119   -0.228       5.    1.122   -0.111
    126  476.033  361.036   15.667   0.0121    0.001       5.    1.136   -0.321
    127  683.443 1627.329   15.669   0.0110   -0.076       5.    1.033    0.154
    128  940.645 1801.804   15.670   0.0099    0.027       5.    0.925   -0.175
    129  316.648 1805.970   15.674   0.0105    0.079       6.    0.984   -0.182
    130 2043.792  681.945   15.678   0.0130    0.029       5.    1.207    0.481
    131  919.301 1972.146   15.680   0.0120   -0.113       5.    1.119    0.211
    132  242.593  816.138   15.680   0.0220    1.765       6.    2.034    5.461
    133 1036.737 1307.808   15.683   0.0144    1.752       5.    1.324    0.979
    134  241.691  292.341   15.690   0.0118    0.013       5.    1.093   -0.581
    135 1310.406  896.858   15.707   0.0117   -0.102       5.    1.074    0.447
    136  419.271 1202.445   15.707   0.0120    0.107       5.    1.095   -0.111
    137  712.037 1746.902   15.709   0.0111   -0.110       4.    1.020   -0.293
    138  258.565 1868.725   15.711   0.0108    0.099       5.    0.983    0.503
    139 1615.893  784.357   15.720   0.0124   -0.086       5.    0.985   -0.131
    140 1755.251 1161.258   15.724   0.0122   -0.045       4.    1.108   -0.263
    141  199.053 1510.833   15.732   0.0115   -0.189       5.    1.035    0.098
    142 1693.974  438.268   15.737   0.0121   -0.022       5.    1.089    0.106
    143 1268.218 1045.887   15.741   0.0116    0.044       5.    1.041   -0.454
    144  874.768 1022.794   15.742   0.0126    0.008       5.    1.124   -0.241
    145  455.160 2000.016   15.742   0.0127   -0.117       5.    1.088    1.287
    146  291.449  323.651   15.743   0.0133   -0.172       5.    1.191    0.767
    147 1627.942  549.320   15.744   0.0127    0.679       5.    1.124   -1.130
    148  582.054  315.179   15.746   0.0161   -0.234       5.    1.450    0.225
    149  171.726  918.165   15.747   0.0145   -0.054       5.    1.298   -0.046
    150  189.555 1024.698   15.751   0.0123   -0.280       5.    1.095   -0.014
    151  831.744 1678.941   15.751   0.0101   -0.176       5.    0.901    0.206
    152  832.333 1161.462   15.755   0.0133   -0.023       5.    1.182    0.240
    153 1690.632  151.471   15.757   0.0153    0.721       5.    1.350   -0.702
    154 1729.778  459.986   15.759   0.0135   -0.033       5.    1.194    1.148
    155 1503.631  180.892   15.762   0.0137   -0.195       5.    1.218    0.857
    156 1749.364  736.346   15.767   0.0125   -0.121       5.    1.098   -0.327
    157  494.534  592.002   15.773   0.0127   -0.001       5.    1.111    0.683
    158 1313.960 1746.672   15.774   0.0132    1.086       5.    1.151   -1.415
    159  316.143 1856.015   15.775   0.0113    0.238       5.    0.992   -1.455
    160  271.456  375.401   15.775   0.0116    0.083       5.    1.015   -0.295
    161 1606.169 1056.262   15.775   0.0123    0.019       5.    1.067    0.144
    162 1646.847 1544.741   15.784   0.0132   -0.433       5.    1.159   -1.001
    163 1385.896 1525.370   15.788   0.0133   -0.023       5.    1.153   -0.137
    164 1617.940 2017.438   15.789   0.0116   -0.189       5.    1.005   -0.067
    165  310.308  191.974   15.793   0.0114   -0.035       5.    0.991   -0.127
    166 2035.242 1255.487   15.796   0.0120    0.184       5.    1.035   -1.020
    167 1380.951 1385.966   15.798   0.0136   -0.240       5.    1.176   -0.110
    168 1260.395  214.554   15.798   0.0138   -0.019       5.    1.190    0.290
    169 1529.098  307.946   15.803   0.0120    0.402       5.    1.029   -0.549
    170 1389.087 1637.730   15.803   0.0440    4.148       8.    3.682   12.632
    171 2052.989  985.249   15.803   0.0149    0.740       4.    1.277   -0.366
    172 1472.393 1980.593   15.810   0.0113    0.223       5.    0.966   -0.402
    173  388.842 2022.365   15.822   0.0137   -0.131       5.    0.968   -0.106
    174  322.713  175.206   15.827   0.0137   -0.083       5.    1.164    0.588
    175 1602.914  970.260   15.830   0.0114   -0.145       5.    0.959   -0.222
    176  722.698 1474.891   15.830   0.0123    0.044       5.    1.036   -1.058
    177 1454.648  166.446   15.833   0.0135   -0.010       5.    1.130    0.059
    178 1971.327 1589.817   15.838   0.0134   -0.030       5.    1.127   -1.090
    179  545.950  996.515   15.838   0.0138   -0.135       6.    1.156    0.464
    180  253.757 1690.332   15.848   0.0135   -0.095       5.    1.118   -0.190
    181 1051.185  152.310   15.859   0.0155    0.113       5.    1.290    0.455
    182  794.391  546.952   15.862   0.0147    0.350       5.    1.215   -0.008
    183  531.853  971.319   15.875   0.0138   -0.208       5.    1.133   -0.292
    184 1017.156 1520.281   15.901   0.0146   -0.501       5.    1.188    0.749
    185  578.626  875.853   15.903   0.0147   -0.208       5.    1.185    0.359
    186 1131.610 1004.826   15.906   0.0146    0.041       5.    1.174    0.046
    187 1557.910 1165.523   15.908   0.0135    0.007       5.    1.081    0.007
    188 1564.613 1021.109   15.914   0.0158   -0.258       6.    1.264    1.741
    189  739.405  924.890   15.915   0.0159   -0.143       5.    1.274    0.589
    190  535.554 1530.360   15.917   0.0127    0.130       4.    1.012   -0.628
    191 1026.287 1791.733   15.921   0.0124    0.134       5.    0.979   -0.967
    192  934.425 1983.731   15.924   0.0144    0.020       5.    1.144   -0.343
    193  217.865  751.995   15.930   0.0137    0.996       5.    1.072   -0.527
    194  847.072 1592.943   15.934   0.0124    0.177       5.    0.977   -0.508
    195  740.128 1692.910   15.942   0.0135   -0.029       5.    1.047   -1.009
    196 1071.929 1254.028   15.963   0.0169   -0.162       5.    1.310    0.080
    197  420.950 1414.800   15.971   0.0135   -0.058       5.    1.039    0.082
    198  780.479 1742.079   15.971   0.0126   -0.298       5.    0.968   -0.274
    199  957.591 1720.265   15.991   0.0138   -0.368       5.    1.052   -1.331
    200 1621.801  778.010   15.999   0.0166   -0.098       5.    1.080   -0.452
    201 1763.989 1200.004   16.003   0.0150   -0.187       4.    1.127    1.167
    202 1404.150  201.490   16.004   0.0148    0.468       5.    1.108   -0.627
    203 1943.230 1065.418   16.013   0.0153    0.164       6.    1.145   -0.937
    204  316.023  884.928   16.021   0.0148   -0.016       5.    1.101    0.437
    205  831.125  626.792   16.021   0.0169    0.000       5.    1.258    0.160
    206 1864.349  312.627   16.029   0.0196   -0.008       6.    1.437    2.500
    207 2020.194  255.806   16.033   0.0159    0.226       5.    1.168    0.078
    208  421.848 1984.760   16.034   0.0154    0.084       5.    1.107    0.381
    209  320.256 1400.897   16.039   0.0138   -0.410       5.    1.016   -0.095
    210 1062.765 2024.020   16.053   0.0153   -0.021       5.    1.111   -0.828
    211 1783.223  652.586   16.056   0.0162   -0.024       5.    1.180   -0.447
    212  305.913  699.422   16.079   0.0172   -0.298       5.    1.226    0.590
    213  192.250  785.056   16.079   0.0207    1.393       5.    1.454    3.809
    214  806.827 1709.718   16.098   0.0133   -0.261       5.    0.936   -0.762
    215 1455.344 1596.165   16.099   0.0172   -0.114       5.    1.212   -1.004
    216 2069.614 1586.886   16.100   0.0186    0.176       4.    1.313   -0.823
    217  490.815 1092.578   16.104   0.0172   -0.215       5.    1.165    0.959
    218 1144.977 2037.322   16.106   0.0143   -0.036       5.    1.006    0.261
    219 1701.666 1232.055   16.124   0.0168   -0.088       5.    1.165   -0.325
    220  941.067  407.734   16.129   0.0172    0.056       5.    1.181   -0.115
    221 1621.433 1826.085   16.130   0.0188   -0.003       5.    1.300   -0.562
    222  957.491  418.868   16.131   0.0157    0.072       5.    1.079   -0.081
    223  573.009 1028.513   16.136   0.0170   -0.188       5.    1.174   -0.319
    224 2050.784 1518.158   16.139   0.0195    0.026       5.    1.342   -1.320
    225  342.321 1625.967   16.141   0.0154   -0.209       5.    1.056   -0.388
    226 1941.943  156.162   16.152   0.0191   -0.232       5.    1.306    1.379
    227  698.016 1240.576   16.154   0.0173   -0.139       5.    1.177   -0.445
    228  593.116 1235.982   16.156   0.0175   -0.352       5.    1.192   -0.287
    229 1296.177  461.557   16.157   0.0159   -0.205       5.    1.078   -0.160
    230 2004.577  474.660   16.162   0.0185   -0.123       5.    1.252    0.751
    231  275.235 1463.216   16.175   0.0169    0.169       5.    1.132    0.151
    232 1248.673 1105.479   16.176   0.0179   -0.166       5.    1.201   -1.321
    233 1807.259 1245.322   16.182   0.0171   -0.176       5.    1.137   -0.137
    234  259.070 1480.205   16.191   0.0158    0.215       6.    1.043   -1.058
    235 1941.449  635.482   16.216   0.0182    0.195       5.    1.177   -0.925
    236  686.341  184.474   16.220   0.0204    0.018       5.    1.318    0.049
    237  887.436 1421.656   16.221   0.0201   -0.231       5.    1.310    0.045
    238  604.063 1534.912   16.222   0.0177   -0.170       5.    1.150   -1.700
    239 2017.202 1888.655   16.223   0.0203    0.150       5.    1.313   -0.561
    240 1370.374 1195.012   16.251   0.0187   -0.030       5.    1.177    0.708
    241  170.170  850.096   16.253   0.0198    0.150       5.    1.247   -0.012
    242  225.697  480.607   16.257   0.0180    0.257       4.    1.134    0.792
    243 1421.527 1710.156   16.258   0.0202    1.515       4.    1.259   -0.685
    244  341.389 1833.197   16.266   0.0180   -0.070       5.    1.132   -1.003
    245  483.035 1193.931   16.267   0.0179   -0.246       5.    1.128   -0.240
    246  978.857 1584.703   16.273   0.0189   -0.357       5.    1.179   -0.423
    247 1660.564  622.988   16.273   0.0198    0.118       4.    1.237   -1.402
    248  885.555  676.585   16.275   0.0192   -0.104       5.    1.198    2.045
    249  941.700 1165.267   16.278   0.0213    0.089       5.    1.301   -0.202
    250  983.533 1286.484   16.280   0.0208    0.504       5.    1.292   -0.542
    251 1176.085 1507.530   16.286   0.0202   -0.274       5.    1.254   -0.386
    252 1612.635  859.175   16.289   0.0181    0.079       5.    1.118    0.493
    253  349.126  390.866   16.291   0.0190   -0.176       5.    1.161    0.643
    254 1629.720 1689.118   16.295   0.0219   -0.603       5.    1.357    1.037
    255  903.973 1731.056   16.297   0.0168   -0.180       5.    1.032   -0.381
    256  225.570 1098.654   16.301   0.0189    0.091       5.    1.164    0.206
    257  765.256  283.617   16.302   0.0206   -0.057       5.    1.267    1.244
    258  760.424  920.873   16.323   0.0209    0.056       5.    1.263   -0.160
    259 1582.731  749.067   16.329   0.0239   -0.120       5.    1.443    2.575
    260 1301.961 1015.838   16.339   0.0194    0.024       5.    1.158    2.520
    261 1750.331  384.892   16.342   0.0197   -0.111       5.    1.172   -0.127
    262 1764.380 1332.553   16.344   0.0399    0.280       5.    2.368   11.232
    263 1105.830 1053.604   16.360   0.0200   -0.125       5.    1.177    0.640
    264 1580.141 1049.508   16.365   0.0193   -0.227       5.    1.131    0.859
    265 1889.485  262.292   16.373   0.0201    0.201       5.    1.175    0.820
    266 1834.942 1681.394   16.379   0.0209   -0.083       7.    1.168    0.940
    267 1816.084  727.556   16.397   0.0203    0.051       4.    1.163    0.721
    268 2010.487  930.028   16.406   0.0208   -0.235       5.    1.187    0.133
    269  454.021  884.801   16.412   0.0194   -0.022       4.    1.097   -1.193
    270 1968.322  999.377   16.420   0.0208    0.190       5.    1.161   -0.834
    271  210.282  660.490   16.422   0.0228   -0.332       5.    1.278    1.231
    272 1817.901 1215.821   16.423   0.0220   -0.096       5.    1.237    2.165
    273  861.630 1883.660   16.429   0.0201   -0.058       5.    1.127   -0.513
    274 1196.086 1836.991   16.430   0.0191   -0.020       5.    1.060   -0.930
    275  354.658 1101.720   16.436   0.0184   -0.088       5.    1.016   -1.276
    276  446.931 1521.439   16.446   0.0207   -0.107       5.    1.145   -2.058
    277 1571.536 1903.584   16.476   0.0226   -0.405       5.    1.223   -1.119
    278 1851.711 1536.442   16.497   0.0219   -0.283       4.    1.171    1.032
    279 2020.936  360.371   16.503   0.0232   -0.185       5.    1.230    1.402
    280 1896.399  397.923   16.505   0.0378   -0.058       5.    2.009    9.683
    281  412.442 1977.957   16.509   0.0203   -0.048       5.    1.041   -0.839
    282 1259.045  419.209   16.513   0.0251   -0.093       4.    1.318    3.766
    283 1141.228 1038.083   16.524   0.0253    0.016       5.    1.320   -1.396
    284 1531.750 1198.811   16.532   0.0214   -0.292       5.    1.116   -0.405
    285 1034.632 1627.298   16.533   0.0221   -0.251       5.    1.138   -0.512
    286 1380.390 1546.356   16.546   0.0259   -0.297       5.    1.317   -1.637
    287  784.082 1305.680   16.560   0.0243    0.089       5.    1.236   -0.755
    288  495.782 1519.156   16.575   0.0225   -0.095       5.    1.133    1.397
    289 2041.218 1775.990   16.603   0.0290    0.205       5.    1.425   -0.533
    290  994.686 1397.608   16.610   0.0373    1.095       9.    1.783    6.407
    291  605.176  608.181   16.636   0.0294    0.632       5.    1.399    0.998
    292 1993.163  688.133   16.636   0.0235   -0.111       5.    1.126    0.427
    293 1743.799  432.279   16.649   0.0263    0.023       5.    1.255   -0.737
    294 1611.041 1595.762   16.651   0.0311   -0.157       5.    1.469    5.556
    295 1103.267  467.324   16.664   0.0244   -0.210       5.    1.149   -0.335
    296  506.032 1700.495   16.668   0.0254   -0.138       5.    1.193   -1.350
    297 1906.708  264.867   16.669   0.0352   -0.002       7.    1.654    6.204
    298  935.015  227.275   16.675   0.0255   -0.095       4.    1.192    0.172
    299 1973.839 1628.308   16.686   0.0268    0.081       5.    1.244   -0.792
    300 1129.292  187.699   16.695   0.0261   -0.212       5.    1.205    1.761
    301 1159.317 1623.504   16.700   0.0267   -0.554       4.    1.231   -0.763
    302 1247.850  852.081   16.708   0.0242   -0.154       4.    1.104   -0.241
    303 2061.074  957.501   16.709   0.0317    0.164       5.    1.441    2.538
    304  535.834  497.072   16.734   0.0295   -0.027       6.    1.320    0.636
    305 1855.874 1925.278   16.749   0.0333   -0.125       5.    1.465    5.725
    306 1835.269  413.648   16.753   0.0291   -0.067       5.    1.277   -0.103
    307  405.460  525.433   16.761   0.0268   -0.159       5.    1.178    0.385
    308  240.453  980.742   16.771   0.0292   -0.165       5.    1.275   -0.306
    309  952.520 1162.562   16.791   0.0311    0.397       5.    1.289   -0.481
    310  630.946  746.407   16.799   0.0338   -0.216       5.    1.446    4.985
    311  406.724 1041.887   16.808   0.0273   -0.069       5.    1.155   -1.126
    312  476.031 1844.344   16.811   0.0296   -0.274       5.    1.248   -1.832
    313  479.211  387.467   16.814   0.0322    0.009       5.    1.360   -0.368
    314 1365.555 2050.951   16.827   0.0327    0.020       5.    1.359   -0.170
    315  994.505  456.563   16.843   0.0298   -0.266       4.    1.232   -0.281
    316 1511.557  626.703   16.844   0.0262   -0.294       5.    1.080    0.749
    317 1568.124  662.319   16.864   0.0285    0.082       5.    1.153   -1.340
    318 1086.521  703.452   16.874   0.0304    0.113       5.    1.187    0.879
    319  178.744 1667.179   16.880   0.0271   -0.141       5.    1.082    0.738
    320  481.763 1734.605   16.883   0.0295   -0.073       5.    1.175    0.002
    321 1425.059 1026.412   16.888   0.0291   -0.085       5.    1.159    1.099
    322 1692.538  897.126   16.893   0.0324   -0.154       5.    1.288   -0.546
    323 1434.245 1846.678   16.899   0.0301   -0.291       4.    1.194    0.373
    324 1169.743 1205.983   16.900   0.0316   -0.206       5.    1.251    1.646
    325  809.975 1397.801   16.911   0.0351   -0.383       6.    1.383    1.707
    326  438.165  630.564   16.911   0.0300   -0.026       4.    1.174   -0.257
    327 1425.062 1784.687   16.922   0.0303   -0.623       5.    1.187   -1.868
    328  177.860  272.366   16.924   0.0307    0.100       5.    1.187   -0.170
    329  916.284  797.670   16.939   0.0343   -0.207       5.    1.313   -0.532
    330 1343.508 1477.496   16.951   0.0361   -0.468       5.    1.375   -2.354
    331  708.454  498.463   16.961   0.0377    0.441       5.    1.401    1.991
    332  709.982 1363.162   16.964   0.0341   -0.190       5.    1.284   -2.120
    333 1546.236 1415.904   17.009   0.0344   -0.206       5.    1.250    1.937
    334  979.300 1056.499   17.012   0.0372   -0.299       5.    1.333   -1.791
    335 1220.127  846.196   17.016   0.0350   -0.178       6.    1.267    1.014
    336  866.735  854.628   17.023   0.0394   -0.178       5.    1.417    1.170
    337 1497.865 1128.249   17.050   0.0333    0.013       5.    1.169   -2.337
    338  944.067  809.911   17.051   0.0370   -0.311       4.    1.305    0.520
    339  419.744 1131.072   17.055   0.0303   -0.178       6.    1.057   -0.286
    340  482.884 1803.093   17.056   0.0356   -0.241       5.    1.238   -0.494
    341  788.043 1341.113   17.056   0.0412   -0.074       5.    1.441    6.689
    342 1176.358 1856.613   17.058   0.0310   -0.322       4.    1.081    1.020
    343  794.448 1205.621   17.059   0.0379   -0.239       4.    1.329   -0.307
    344 1888.728 1687.754   17.061   0.0372   -0.066       4.    1.293    1.168
    345 1843.672 1682.650   17.065   0.0352   -0.101       5.    1.079   -0.375
    346 1677.519  673.271   17.072   0.0356   -0.402       5.    1.230   -1.045
    347 1504.123 1030.517   17.086   0.0340   -0.351       5.    1.167   -0.092
    348  751.056 1191.536   17.088   0.0410    0.109       5.    1.397   -1.524
    349  142.947 1243.539   17.090   0.0395   -0.568       6.    1.357    1.580
    350 1728.031 1069.515   17.094   0.0338    0.149       5.    1.141   -1.760
    351 1636.380  580.306   17.096   0.0315    0.388       5.    1.062   -0.509
    352 1856.425  423.750   17.096   0.0372    0.284       4.    1.256   -2.452
    353 1062.938  263.247   17.116   0.0393   -0.096       5.    1.313    0.440
    354  982.632 1138.246   17.121   0.0491   -0.359       5.    1.640    9.093
    355  465.140 2000.688   17.132   0.0370    0.055       5.    1.131    1.067
    356 1403.798  482.508   17.146   0.0360   -0.231       4.    1.172    1.623
    357  953.242 1541.538   17.150   0.0340   -0.181       4.    1.107    0.195
    358  779.746  930.156   17.180   0.0390   -0.100       5.    1.236    1.415
    359 1474.158 1727.242   17.183   0.0413   -0.201       5.    1.300   -1.823
    360 1855.520  257.414   17.197   0.0418    0.425       5.    1.306    0.026
    361 2011.726 1658.448   17.200   0.0435   -0.267       5.    1.371    0.240
    362  190.469 1275.294   17.210   0.0384   -0.393       4.    1.202   -1.088
    363 1472.463 1476.635   17.220   0.0407    0.013       5.    1.251   -1.764
    364 1674.988  582.825   17.230   0.0453    1.168       4.    1.357    6.790
    365 1521.291 1462.547   17.238   0.0411   -0.317       5.    1.248   -1.581
    366 1494.468 1173.517   17.241   0.0395    0.138       4.    1.196    3.137
    367 1497.579 1467.919   17.246   0.0438   -0.303       5.    1.325   -0.460
    368 1667.578  684.791   17.261   0.0462   -0.393       4.    1.377    2.043
    369 1921.633 1648.562   17.263   0.0417   -0.014       5.    1.241   -1.207
    370  385.535  448.962   17.266   0.0413    0.047       5.    1.228    5.629
    371 1741.909 1950.254   17.267   0.0419   -0.329       5.    1.248   -0.652
    372 1273.904 1099.913   17.271   0.0435   -0.066       5.    1.294    1.224
    373  517.962  761.890   17.275   0.0447   -0.124       4.    1.319   -1.897
    374 1681.901 1738.561   17.278   0.0472    0.732       5.    1.375   -0.165
    375 1770.878  783.831   17.285   0.0431   -0.091       5.    1.265   -0.256
    376 1820.259 1523.034   17.290   0.0420   -0.292       5.    1.215   -1.187
    377  895.339  351.168   17.302   0.0414    0.018       5.    1.195   -0.194
    378  938.074 1523.180   17.315   0.0464   -0.281       5.    1.327   -0.392
    379  364.506  935.622   17.319   0.0423   -0.098       5.    1.200    2.618
    380  687.742 1573.180   17.352   0.0408   -0.210       5.    1.134   -2.286
    381 1741.897 1341.615   17.352   0.0447    0.308       5.    1.231    4.822
    382 1673.951 1601.967   17.358   0.0502   -0.141       5.    1.376    5.660
    383  230.719  948.988   17.361   0.0455   -0.399       4.    1.256    1.076
    384  662.061  342.949   17.366   0.0498   -0.154       5.    1.366    2.348
    385  425.305  138.834   17.368   0.0523   -0.310       5.    1.433    1.007
    386 1125.443 1112.071   17.368   0.0469   -0.234       6.    1.278    0.034
    387  391.343 2052.132   17.369   0.0468   -0.221       5.    1.272   -0.943
    388 1369.830 1108.996   17.372   0.0454   -0.124       6.    1.230    4.250
    389 1853.868  595.260   17.379   0.0440   -0.223       5.    1.193   -2.116
    390  924.235  496.922   17.384   0.0467   -0.119       5.    1.261    2.351
    391  849.465 1358.445   17.387   0.0498   -0.204       6.    1.332    1.383
    392  526.294 1493.458   17.389   0.0387    0.005       5.    1.039   -1.143
    393  882.348  341.967   17.392   0.0534   -0.260       5.    1.414    2.594
    394 1617.205  398.891   17.392   0.0486   -0.175       5.    1.306   -0.182
    395  737.569  479.285   17.409   0.0499    0.290       5.    1.321   -0.632
    396  986.150 1550.438   17.410   0.0468   -0.267       5.    1.240    0.197
    397 1440.283 1866.182   17.422   0.0445   -0.280       5.    1.172    0.036
    398  173.197  404.620   17.435   0.0494   -0.225       5.    1.285    1.474
    399  622.485  493.114   17.454   0.0554    0.400       5.    1.403    2.673
    400 2027.543  831.453   17.467   0.0521   -0.285       5.    1.320    4.071
    401  240.662 1101.858   17.477   0.0510   -0.200       5.    1.278    1.139
    402 1612.066 1395.718   17.484   0.0516   -0.452       4.    1.301    2.767
    403 1223.778  607.736   17.490   0.0466   -0.076       5.    1.153   -0.742
    404 1102.805 1597.825   17.495   0.0598   -0.447       5.    1.482    8.117
    405 1980.377 1556.302   17.499   0.0513   -0.364       5.    1.262   -0.579
    406 2022.875 1870.911   17.504   0.0520   -0.002       5.    1.264   -2.060
    407 1778.366 1417.261   17.507   0.0519   -0.148       4.    1.267   -1.212
    408 1871.183  301.606   17.508   0.0555    0.184       4.    1.335    0.596
    409 1891.422 1674.288   17.513   0.0540   -0.119       6.    1.310    2.083
    410 1423.017 1180.353   17.515   0.0485   -0.083       6.    1.174    4.093
    411 1486.932  689.670   17.518   0.0489    0.021       5.    1.180    1.531
    412 1485.085  724.873   17.519   0.0499    0.135       5.    1.213    2.297
    413  239.323 1081.728   17.520   0.0485   -0.054       4.    1.174   -1.975
    414  797.729  284.128   17.525   0.0562    0.190       5.    1.351   -1.862
    415 1642.264 1375.026   17.527   0.0604   -0.354       7.    1.459    5.317
    416  268.117  989.225   17.533   0.0456   -0.129       6.    1.084    1.547
    417 1007.554 1994.939   17.541   0.0554   -0.375       5.    1.329    2.003
    418  500.260 1089.930   17.541   0.0540   -0.092       5.    1.198   -0.431
    419  164.202 1501.110   17.542   0.0548   -0.086       5.    1.306    3.178
    420  481.681 1920.110   17.543   0.0522   -0.146       5.    1.235   -2.083
    421  565.552 1225.767   17.544   0.0509   -0.230       5.    1.216   -0.217
    422 1010.543  165.482   17.549   0.0576   -0.344       5.    1.365    0.722
    423 1020.277  287.050   17.555   0.0491   -0.061       4.    1.154    0.832
    424 1136.811 1344.304   17.567   0.0576   -0.344       5.    1.342   -0.636
    425 1295.191  147.136   17.568   0.0648   -0.300       6.    1.516   -0.576
    426  828.012  969.790   17.568   0.0551   -0.166       6.    1.272    0.870
    427 1831.875 2055.250   17.572   0.0577   -0.280       5.    1.342    0.220
    428  778.660 1534.468   17.579   0.0494   -0.189       4.    1.145    0.546
    429  402.173  350.339   17.591   0.0543   -0.059       5.    1.243   -1.084
    430 1923.381  712.440   17.592   0.0555    0.323       5.    1.264    1.128
    431  873.947 1439.838   17.596   0.0554   -0.368       5.    1.263    0.079
    432 1035.989  232.183   17.599   0.0558   -0.164       4.    1.268    1.999
    433  876.487 1591.543   17.600   0.0593    0.057       7.    1.336    7.607
    434 1335.165  985.841   17.601   0.0546    0.028       5.    1.197   -0.888
    435 1971.746 1672.543   17.618   0.0638   -0.402       5.    1.432    0.150
    436  935.914 1920.870   17.621   0.0512   -0.066       4.    1.144   -1.628
    437 1688.529  775.890   17.628   0.0563   -0.192       5.    1.256   -0.622
    438  382.595 1875.587   17.630   0.0539   -0.106       5.    1.196   -1.699
    439  753.928 1692.723   17.633   0.0380   -0.135       5.    0.831   -1.201
    440  670.950  509.626   17.636   0.0654    0.395       6.    1.420    3.903
    441 1252.670 1992.718   17.636   0.0479   -0.132       5.    1.050   -1.482
    442 1895.057  351.302   17.641   0.0554   -0.023       4.    1.212    1.361
    443 1879.014 1627.286   17.642   0.0544   -0.286       5.    1.202   -0.992
    444 1356.911  224.915   17.663   0.0604    0.140       5.    1.297   -0.036
    445  144.721 1142.771   17.667   0.0651   -0.285       5.    1.408    0.422
    446  635.290 1104.497   17.680   0.0588    0.550       5.    1.241    4.041
    447  135.497 1021.883   17.694   0.0722   -0.189       5.    1.528    3.392
    448  910.302 1150.588   17.695   0.0589    0.294       5.    1.232    0.058
    449 1756.969 1359.509   17.696   0.0539    0.457       5.    1.124   -1.062
    450 1107.614  743.434   17.697   0.0573    0.075       5.    1.198   -1.486
    451 1313.023  529.137   17.701   0.0620   -0.083       5.    1.289    3.110
    452 1652.571 1037.661   17.704   0.0560    0.278       5.    1.154   -0.994
    453 1901.262  297.515   17.710   0.0649    0.165       5.    1.342    1.155
    454 1077.650  697.597   17.716   0.0628    0.137       5.    1.238   -1.821
    455 1102.805  700.385   17.718   0.0622   -0.014       5.    1.272   -1.019
    456 1822.633  909.255   17.720   0.0651   -0.277       4.    1.341    0.443
    457 1628.319  311.745   17.720   0.0580    0.122       6.    1.184    1.587
    458 1410.669 1152.848   17.722   0.0555   -0.076       5.    1.142   -1.998
    459 2039.314 1343.518   17.728   0.0639   -0.184       5.    1.311   -1.517
    460  794.764  749.363   17.730   0.0666   -0.131       5.    1.356    1.390
    461 1931.296  146.525   17.733   0.0711   -0.435       5.    1.449    1.410
    462  410.491 1707.145   17.733   0.0642   -0.198       5.    1.310    6.901
    463 1673.826  220.094   17.735   0.0827    1.070       5.    1.662   10.064
    464  865.476  403.195   17.735   0.0665   -0.281       5.    1.344   -0.619
    465 1570.003 1760.288   17.767   0.0656   -0.332       5.    1.298    1.725
    466 1303.502  261.276   17.778   0.0571   -0.275       5.    1.116   -0.934
    467 1065.459 1632.117   17.779   0.0682   -0.374       5.    1.332   -2.337
    468 1740.505  828.808   17.783   0.0764   -0.173       5.    1.493    2.178
    469 1350.579 1945.847   17.786   0.0581   -0.267       5.    1.132    0.746
    470 1515.312 1475.013   17.796   0.0681   -0.437       5.    1.306    1.766
    471 1363.202  578.839   17.804   0.0647    0.031       6.    1.234    7.206
    472 1729.201  886.237   17.807   0.0704    0.178       5.    1.344   -0.748
    473  855.852 2022.067   17.812   0.0691   -0.359       5.    1.322   -3.798
    474  237.953 1267.211   17.819   0.0628   -0.090       5.    1.195   -3.437
    475  659.158 1894.996   17.821   0.0651    0.109       5.    1.229   -3.781
    476 1974.199 2012.167   17.821   0.0603   -0.055       6.    1.133   -2.250
    477  949.569 1500.184   17.823   0.0738   -0.132       5.    1.378   -2.289
    478 1546.852  229.086   17.825   0.0624    0.446       5.    1.171   -2.925
    479 1914.714  999.744   17.826   0.0647   -0.019       5.    1.215   -1.218
    480 1511.624  402.814   17.829   0.0662   -0.178       4.    1.240   -4.434
    481 1028.426 1922.592   17.834   0.0606   -0.325       5.    1.140   -0.726
    482  920.608 1000.001   17.840   0.0644   -0.029       6.    1.181   -0.347
    483 1467.402 1822.134   17.848   0.0720   -0.049       4.    1.336   -2.961
    484  754.513  260.880   17.852   0.0774    0.102       4.    1.430    5.681
    485  557.351  180.535   17.854   0.0762   -0.240       5.    1.406   -1.458
    486 1613.160 1613.053   17.857   0.0725   -0.239       5.    1.334    3.109
    487 1714.387 1448.253   17.861   0.0677   -0.212       5.    1.236   -0.635
    488 1119.615 1820.563   17.865   0.0620   -0.249       6.    1.133   -0.231
    489  235.652 1334.600   17.876   0.0725   -0.447       5.    1.318   -0.851
    490 2038.477  988.791   17.878   0.0784    0.347       6.    1.401    0.014
    491 1203.676 1763.031   17.886   0.0673   -0.346       5.    1.211   -1.422
    492  748.519 1018.625   17.889   0.0851    0.036       4.    1.517   -0.287
    493  406.493 1482.123   17.890   0.0739   -0.115       5.    1.315   -2.014
    494 1351.432 1267.634   17.891   0.0744   -0.318       5.    1.331    0.654
    495 1609.267  481.038   17.896   0.0731    0.004       5.    1.298   -4.820
    496 1467.427  241.892   17.899   0.0734    0.789       5.    1.286    0.114
    497 1178.764 2029.634   17.917   0.0677    0.123       5.    1.179   -3.416
    498 1514.039 1885.334   17.918   0.0728   -0.101       5.    1.268    1.396
    499 1370.687  658.496   17.920   0.0731   -0.076       5.    1.261   -2.377
    500  921.863  634.142   17.928   0.0755    0.232       5.    1.303   -1.076
    501 2063.297  325.017   17.929   0.0929   -0.070       5.    1.608   -7.075
    502  520.732 1384.070   17.933   0.0712   -0.094       4.    1.226   -2.631
    503 1705.793 1119.802   17.933   0.0708   -0.148       5.    1.221   -0.268
    504 2000.314  564.860   17.939   0.0843   -0.109       5.    1.451   -1.484
    505 1277.526  643.950   17.945   0.0743   -0.086       5.    1.268   -2.267
    506 1584.310  928.247   17.952   0.0690   -0.088       5.    1.172    3.691
    507 1237.114  640.926   17.954   0.0689    0.030       5.    1.160   -1.241
    508  220.975  135.382   17.958   0.0882   -0.066       5.    1.487   -2.111
    509 1637.847 1792.591   17.963   0.0888    1.025       5.    1.468   -6.260
    510  578.168 1168.484   17.964   0.0758   -0.197       5.    1.265    2.003
    511 1404.756  848.948   17.964   0.0779   -0.166       5.    1.309    1.355
    512 1018.951 1877.915   17.968   0.0653   -0.113       5.    1.090    1.630
    513 1896.367  197.982   17.975   0.0808   -0.041       5.    1.344    1.775
    514  371.061  388.635   17.981   0.0828   -0.078       5.    1.362    5.512
    515 1301.592  195.979   17.989   0.0706    0.159       5.    1.146    2.603
    516  395.512  272.077   17.990   0.0779   -0.229       5.    1.270    0.282
    517 1277.962  146.758   17.992   0.0913   -0.180       4.    1.506   -0.775
    518 1918.341 1528.562   18.000   0.0816   -0.244       5.    1.328    2.276
    519 1671.394 1276.700   18.013   0.0769    0.023       5.    1.231   -3.940
    520 1873.951 1357.922   18.014   0.0802   -0.106       5.    1.278   -3.816
    521 1646.121 1507.384   18.015   0.0818   -0.398       5.    1.324   -1.626
    522  254.370  195.191   18.022   0.0856   -0.192       5.    1.348   -1.572
    523 1261.374 1277.507   18.022   0.0837   -0.163       5.    1.345   -0.758
    524 1936.764  669.496   18.023   0.0898   -0.009       5.    1.436    0.009
    525  324.256  355.958   18.038   0.0743   -0.040       5.    1.165   -2.102
    526  191.726  382.026   18.038   0.0752    0.113       5.    1.180   -3.795
    527 1841.708 1426.949   18.039   0.0800   -0.100       5.    1.259    1.179
    528 1615.239 1275.603   18.043   0.0769   -0.069       5.    1.213   -2.860
    529 1699.369  689.484   18.048   0.0835   -0.275       4.    1.306   -2.452
    530 1901.974 1883.661   18.048   0.0877   -0.132       5.    1.377   -0.419
    531 1331.535  995.414   18.058   0.0908    0.116       5.    1.337   -1.206
    532 1638.921 1965.432   18.059   0.0746   -0.144       5.    1.145    1.532
    533 1918.452 1865.649   18.063   0.0813   -0.118       5.    1.256    0.240
    534  548.381 1136.914   18.066   0.0808   -0.269       5.    1.247    0.598
    535  631.444  725.127   18.068   0.0920   -0.247       5.    1.416   -0.154
    536 1783.017  623.896   18.069   0.0830    0.096       5.    1.269   -0.178
    537 1264.724 1612.820   18.074   0.0878   -0.666       5.    1.356    0.369
    538 1988.398  474.992   18.093   0.0916    0.084       5.    1.361   -4.071
    539 1708.494  498.252   18.095   0.0884    0.239       5.    1.315   -2.323
    540 1546.479  925.448   18.097   0.0788    0.004       5.    1.178   -2.984
    541 1282.325  362.035   18.101   0.0782   -0.134       4.    1.169   -1.204
    542  733.179 2016.140   18.103   0.0916   -0.254       5.    1.365   -1.375
    543  323.690  602.036   18.105   0.0780   -0.160       5.    1.164    0.277
    544 1432.445 1063.774   18.107   0.0774   -0.394       5.    1.146   -1.398
    545 1275.069 1388.727   18.108   0.0883   -0.209       5.    1.320   -2.044
    546  988.911  375.575   18.115   0.0867    0.775       5.    1.262   -2.534
    547 1941.792  376.722   18.119   0.0865   -0.061       5.    1.268    0.090
    548 1235.122  965.225   18.121   0.0871   -0.120       5.    1.274   -2.982
    549 1808.539  586.231   18.122   0.0968   -0.230       5.    1.428    0.846
    550 1080.700 1915.115   18.130   0.0756   -0.431       5.    1.101   -1.525
    551  999.490  647.102   18.141   0.0889   -0.230       5.    1.289    2.773
    552 1905.291 1095.642   18.151   0.0898    0.018       4.    1.291   -3.086
    553  995.635 1201.980   18.162   0.0952   -0.808       5.    1.362    1.808
    554  797.888  385.303   18.168   0.1002   -0.016       5.    1.403   -1.393
    555 1072.537  558.077   18.180   0.0923    0.003       5.    1.286    0.426
    556 1089.207 1539.441   18.183   0.1019   -0.287       5.    1.428   -1.232
    557 1648.089 1456.425   18.186   0.1039    0.076       5.    1.439   -4.839
    558 1029.473 1900.088   18.192   0.0895   -0.173       5.    1.242   -3.919
    559 1189.974 1748.861   18.193   0.0789   -0.647       5.    1.102    0.263
    560 1801.426  788.295   18.203   0.0954    0.061       5.    1.294   -4.475
    561  350.109 1314.336   18.214   0.0885    0.606       5.    1.179    2.144
    562 1662.649 1340.168   18.218   0.0907   -0.179       5.    1.234   -2.581
    563  227.115  194.440   18.226   0.0901   -0.191       5.    1.198   -5.750
    564 1927.291 1071.905   18.232   0.0932    0.264       4.    1.226   -0.169
    565  201.852  595.791   18.234   0.0917   -0.224       4.    1.225   -0.830
    566  336.986 1139.434   18.239   0.0830   -0.217       5.    1.105    0.521
    567  992.418 1723.288   18.241   0.0853   -0.355       5.    1.135   -2.097
    568  988.140  814.035   18.252   0.1013   -0.299       5.    1.333    0.066
    569  807.096 1548.600   18.270   0.0930   -0.040       5.    1.206   -3.613
    570 2069.229  302.604   18.287   0.1245   -0.034       5.    1.587   -5.803
    571 1562.750  797.972   18.293   0.1009   -0.272       5.    1.279   -1.128
    572 2059.115  288.912   18.299   0.1162   -0.192       5.    1.472   -6.298
    573 1766.935  797.242   18.306   0.1052   -0.000       5.    1.302   -2.153
    574 1472.079 1055.202   18.316   0.0958   -0.366       5.    1.198   -1.114
    575 1270.024 1553.117   18.316   0.1115   -0.363       5.    1.399   -5.021
    576 1679.062  246.841   18.338   0.1124    0.323       5.    1.358   -6.586
    577  138.740  720.272   18.339   0.1435   -0.186       5.    1.759   -2.267
    578  315.626  813.666   18.345   0.1034   -0.144       5.    1.261   -6.643
    579 1343.240 2026.164   18.354   0.1101    0.033       5.    1.316   -6.221
    580  803.407  141.747   18.357   0.1345    0.015       5.    1.617    2.788
    581  918.315  717.895   18.366   0.1131   -0.034       6.    1.317   -4.561
    582  684.444 1009.569   18.370   0.1149    0.046       5.    1.357   -7.720
    583 1164.757  610.878   18.371   0.1008    0.147       6.    1.170    1.308
    584  839.435 1398.371   18.388   0.1188   -0.254       5.    1.383   -4.806
    585 1273.878 1128.635   18.391   0.1103    0.050       5.    1.286   -7.743
    586 1426.070  567.060   18.395   0.1132    0.091       5.    1.306   -5.963
    587  526.023 1098.231   18.405   0.1025   -0.098       5.    1.183   -2.573
    588 1553.304  327.264   18.415   0.1219    0.104       5.    1.386   -4.217
    589 1173.835 1614.980   18.423   0.1254   -0.379       6.    1.428   -3.556
    590  749.334  982.084   18.431   0.1278   -0.037       5.    1.440   -4.908
    591 1511.347  194.070   18.449   0.1253   -0.281       5.    1.375   -1.214
    592  236.020 1452.264   18.453   0.1036   -0.013       5.    1.148   -3.872
    593  499.191 1418.259   18.466   0.1135    0.039       5.    1.237   -3.774
    594  413.663 1765.790   18.473   0.1264   -0.013       5.    1.370   -6.209
    595  578.020  800.075   18.479   0.1186    0.291       5.    1.275   -3.964
    596  648.075  354.304   18.513   0.1298   -0.158       5.    1.360   -1.461
    597  889.660 1071.404   18.516   0.1347   -0.264       5.    1.421   -3.894
    598  706.948 1123.344   18.557   0.1311    0.213       5.    1.302   -6.033
    599  579.186  734.051   18.591   0.1499   -0.014       5.    1.470   -1.385
    600  135.849 1747.981   18.607   0.1555   -0.273       6.    1.509   -2.617
    601 1161.431 1606.067   18.609   0.1463   -0.223       6.    1.415   -3.768
    602 1071.603 1473.606   18.616   0.1386   -0.370       5.    1.340   -4.145
    603 1368.854 1247.777   18.641   0.1372   -0.149       5.    1.288   -3.761
    604 1614.782  155.374   18.672   0.1422    0.180       4.    1.303   -7.863
    605 1150.474 1443.749   18.782   0.1539   -0.180       5.    1.271   -6.264
    606 1143.053 1280.266   18.816   0.1698    0.010       6.    1.356  -14.429
    607 1380.809  398.208   18.841   0.1818   -0.245       5.    1.437   -2.132
    608 1382.440  648.573   18.842   0.1802    0.092       5.    1.407   -6.828
    609 1263.204 1208.872   18.861   0.1700   -0.097       5.    1.317   -9.228
    610  875.996  421.328   18.914   0.1757   -0.256       5.    1.306   -4.995
    611 1205.192  810.616   18.942   0.1889    0.010       5.    1.349   -4.511
    612  891.734  587.775   19.113   0.2153   -0.000      16.    1.332    2.338
    613 1547.871 1015.525   19.211   0.2323   -0.171       4.    1.315   -6.243
    614  622.520 1085.019   19.277   0.2536    0.317       6.    1.354  -21.890
    615 1388.169 1973.279   19.307   0.2483   -0.026       6.    1.287  -12.765
