 NL    NX    NY  LOWBAD HIGHBAD  THRESH     AP1  PH/ADU  RNOISE    FRAD
  1  2212  2199   -42.9 30000.0  15.180   4.000   4.500   2.440  10.000
 
      1 1357.226 1668.217    8.678   0.0158   15.156      36.    2.751   -0.072
      2 1695.115 1791.689    9.810   0.0059    3.395       8.    4.640    0.003
      3 1013.356 1352.341    9.811   0.0030    3.771       8.    2.312   -0.014
      4 1356.432 1666.902    9.895   0.0466   15.172      36.    2.682   -0.117
      5 2001.158 1188.007   10.400   0.0040    2.238       5.    2.835    0.084
      6  223.193  798.716   11.010   0.0029    1.436       5.    1.790   -0.060
      7  622.825  434.864   11.285   0.0017    0.769       4.    1.035    0.023
      8 1694.964  566.034   11.838   0.0024    0.442       6.    1.143    0.077
      9 1678.078  194.408   11.926   0.0042    0.246      10.    1.928    0.138
     10  182.870 1970.831   11.962   0.0043    0.372       6.    2.090   -0.069
     11 1032.073  356.474   12.014   0.0027    0.318       6.    1.261    0.043
     12  625.327  629.693   12.129   0.0020    0.197       5.    0.931    0.042
     13 1497.733  265.124   12.144   0.0034    0.095       8.    1.524    0.112
     14  404.708  797.843   12.242   0.0027    0.356       5.    1.183   -0.073
     15  641.526 1131.537   12.287   0.0034    0.293       6.    1.447   -0.125
     16  694.167  516.346   12.380   0.0025    0.168       6.    1.033    0.026
     17  768.360  521.991   12.627   0.0028    0.121       6.    1.091    0.014
     18  848.907 1935.085   12.868   0.0076   -0.190       6.    2.865    0.246
     19  334.015 1330.085   13.041   0.0036    0.028       6.    1.244   -0.207
     20 1364.823  176.396   13.217   0.0040   -0.131       7.    1.264    0.100
     21 1448.086  213.050   13.247   0.0040    0.072       9.    1.232    0.141
     22  920.232 1854.306   13.253   0.0042   -0.143       8.    1.341    0.107
     23  171.072 1377.766   13.367   0.0044   -0.229       6.    1.321   -0.193
     24  684.453 1853.998   13.478   0.0042   -0.006       6.    1.241   -0.078
     25  341.904  922.320   13.543   0.0039   -0.029       6.    1.094   -0.170
     26  745.767 1242.037   13.650   0.0047   -0.072       7.    1.260   -0.197
     27  806.713  596.293   13.790   0.0040   -0.127       5.    1.054   -0.006
     28 1910.622 1679.129   13.807   0.0070    0.004       7.    1.821    0.228
     29  558.652  774.410   13.826   0.0041   -0.189       5.    1.076    0.040
     30  634.762 1483.554   13.878   0.0037   -0.157       4.    0.929   -0.118
     31 2048.044 1711.424   13.903   0.0073    0.039       9.    1.800    0.327
     32 1066.810 1698.349   13.944   0.0049   -0.142       5.    1.178   -0.102
     33  923.638  915.117   14.155   0.0246   -0.085       8.    5.684    2.108
     34  260.934 2038.859   14.185   0.0112   -0.248       7.    2.564    0.540
     35  574.083 1360.897   14.219   0.0053   -0.053       5.    1.179   -0.248
     36 1352.686 1185.193   14.273   0.0054   -0.226       4.    1.161   -0.090
     37  457.153  226.427   14.312   0.0060   -0.001       7.    1.245   -0.139
     38  277.700 1510.437   14.372   0.0050    0.179       6.    1.025   -0.167
     39  398.330 1181.166   14.397   0.0055    0.123       4.    1.148   -0.068
     40  934.935  893.898   14.414   0.0048   -0.056       4.    0.998    0.065
     41 1648.575 1938.413   14.417   0.0080   -0.208       7.    1.540   -0.033
     42  410.445 1166.848   14.434   0.0055    0.053       5.    1.093   -0.321
     43 1570.436  719.940   14.437   0.0047    0.043       5.    0.949    0.019
     44  864.920 1222.533   14.508   0.0055    0.012       4.    1.092   -0.026
     45 1670.051  316.834   14.556   0.0063   -0.047       4.    1.218    0.242
     46 1944.646 2017.707   14.566   0.0084    0.071      12.    1.480    0.001
     47 1509.362 1660.466   14.575   0.0075   -0.195       5.    1.413   -0.112
     48  848.246 1912.391   14.580   0.0063    0.103       5.    1.176   -0.116
     49 1048.019  995.155   14.589   0.0058   -0.235       4.    1.101    0.104
     50  888.333 1178.000   14.590   0.0069    0.143       5.    1.173   -0.172
     51  234.308 1880.332   14.607   0.0054   -0.215       4.    1.007    0.007
     52  960.915  305.774   14.611   0.0055    0.036       5.    1.016    0.061
     53 1056.078 1798.445   14.668   0.0062   -0.124       5.    1.113   -0.004
     54 1868.561 1008.997   14.771   0.0066   -0.007       5.    1.148    0.043
     55 1217.632  386.232   14.802   0.0066    0.030       6.    1.094    0.285
     56 1006.996 1082.195   14.826   0.0071   -0.350       5.    1.208   -0.112
     57 1944.509  720.222   14.832   0.0114   -0.203       8.    1.363    0.482
     58 1115.454  576.421   14.866   0.0080   -0.035       5.    1.315    0.488
     59 1441.018 2004.763   14.910   0.0082   -0.084       6.    1.286   -0.111
     60  893.547 1182.123   14.919   0.0083    0.096       5.    1.182   -0.227
     61  914.208  273.332   14.925   0.0072   -0.054       4.    1.153    0.305
     62 1465.874  418.673   14.941   0.0061   -0.171       5.    0.983    0.103
     63  511.989 1936.803   14.951   0.0079    0.108       6.    1.242   -0.087
     64 1860.394  754.462   15.045   0.0075    0.032       5.    1.124    0.221
     65  272.759 1443.798   15.048   0.0067    0.065       5.    1.027   -0.152
     66 2019.762 1449.278   15.050   0.0077    0.154       5.    1.170    0.204
     67 1499.776  982.373   15.063   0.0070   -0.197       5.    1.050   -0.157
     68 1699.058 1464.324   15.075   0.0081   -0.191       5.    1.214   -0.121
     69  665.977  776.866   15.080   0.0065    0.088       5.    0.972   -0.011
     70 1794.522 1109.569   15.085   0.0076   -0.196       4.    1.131    0.186
     71 1059.091 1361.600   15.087   0.0086    1.733       5.    1.271   -0.032
     72 1533.973 2033.244   15.107   0.0096   -0.375       7.    1.353   -0.051
     73 1471.981 1667.734   15.120   0.0090   -0.078       5.    1.318   -0.108
     74 2043.943  626.291   15.124   0.0096   -0.239       6.    1.362    0.534
     75 1237.327  183.470   15.133   0.0081   -0.342       4.    1.175    0.104
     76  900.163 1982.232   15.164   0.0085   -0.131       5.    1.224    0.169
     77  189.759 1364.690   15.177   0.0076    0.193       5.    1.086   -0.086
     78 1128.332 1992.989   15.190   0.0080   -0.205       5.    1.124    0.107
     79  200.816  523.344   15.207   0.0086   -0.280       6.    1.175   -0.083
     80 2072.335  461.439   15.209   0.0127   -0.009       7.    1.699    0.816
     81 1088.099 1451.215   15.240   0.0092   -0.116       5.    1.270    0.004
     82 2054.049 1473.578   15.257   0.0097    0.022       8.    1.296    0.282
     83 1373.544 1055.565   15.260   0.0077   -0.112       5.    1.050   -0.239
     84  954.892  391.114   15.314   0.0082    0.080       4.    1.089    0.042
     85  626.701 1482.618   15.316   0.0080   -0.095       6.    0.818   -0.165
     86  920.966 1016.613   15.320   0.0103   -0.350       5.    1.327    0.547
     87 1505.812 1405.689   15.357   0.0097   -0.226       5.    1.258    0.023
     88  903.375  666.116   15.363   0.0092   -0.164       5.    1.201    0.309
     89 1860.380 1831.145   15.376   0.0109   -0.110       7.    1.373    0.211
     90 1441.296 1201.418   15.408   0.0098    0.042       5.    1.243   -0.057
     91 1073.452  833.230   15.416   0.0095   -0.060       6.    1.205    0.253
     92  232.536 1243.530   15.430   0.0111   -0.070       6.    1.393    0.278
     93 2006.567 1702.464   15.430   0.0097    0.004       7.    1.189    0.248
     94  965.777  722.216   15.437   0.0081   -0.168       4.    1.016    0.182
     95  405.527 1587.032   15.438   0.0305    0.130       7.    3.649    3.045
     96 1776.181  530.130   15.467   0.0088   -0.327       5.    1.078    0.287
     97 1867.724  484.963   15.472   0.0100   -0.142       5.    1.214    0.212
     98 1368.524 1534.608   15.482   0.0105   -0.169       5.    1.256   -0.088
     99  861.529 1173.709   15.483   0.0102   -0.210       5.    1.238   -0.101
    100 1159.236  184.685   15.491   0.0098   -0.051       5.    1.183    0.334
    101 1348.464 1034.020   15.500   0.0094   -0.091       4.    1.143   -0.081
    102 1395.161  529.106   15.501   0.0076   -0.075       5.    0.915    0.052
    103 2051.885 2050.722   15.514   0.0133    0.004       7.    1.568    0.360
    104 1947.281  716.408   15.533   0.0172   -0.289       6.    1.460    0.730
    105  857.283  312.439   15.534   0.0092   -0.056       5.    1.090   -0.016
    106  395.939 2019.107   15.540   0.0096    0.146       5.    1.112    0.002
    107 1041.279 1287.966   15.542   0.0100    0.191       5.    1.175   -0.153
    108  222.276  261.461   15.545   0.0097    0.016       4.    1.139    0.086
    109 1136.852 1802.416   15.551   0.0087   -0.262       5.    1.025   -0.210
    110 1062.064 1998.823   15.572   0.0104   -0.102       5.    1.198    0.436
    111 1677.650 1868.972   15.591   0.0123    0.072       5.    1.408    0.002
    112 1115.711  624.447   15.594   0.0092   -0.030       5.    1.053    0.027
    113 1463.242 1699.394   15.601   0.0110   -0.259       5.    1.254   -0.175
    114  909.888  741.074   15.604   0.0106    0.028       4.    1.206    0.300
    115 1204.332 1546.261   15.607   0.0115   -0.191       5.    1.306   -0.072
    116  827.647 2019.783   15.619   0.0110   -0.157       5.    1.251    0.202
    117 1349.225  396.640   15.627   0.0104   -0.105       4.    1.162    0.319
    118 1326.653 1088.189   15.628   0.0090   -0.030       5.    1.013    0.038
    119  940.212 1802.408   15.628   0.0097   -0.214       5.    1.089    0.149
    120 1282.576 1528.247   15.630   0.0111   -0.104       4.    1.242   -0.158
    121  909.869 1500.546   15.630   0.0123   -0.377       5.    1.393    0.372
    122 2043.566  682.824   15.631   0.0126    0.064       5.    1.392    0.489
    123 1303.587 1798.988   15.633   0.0106   -0.742       5.    1.185    0.038
    124  682.992 1627.947   15.633   0.0093   -0.111       4.    1.052    0.044
    125  918.850 1972.576   15.635   0.0097   -0.033       5.    1.086    0.206
    126 1064.534  648.530   15.636   0.0094   -0.082       5.    1.053    0.045
    127 1524.793 1096.364   15.640   0.0092   -0.369       4.    1.028   -0.075
    128  316.192 1806.605   15.643   0.0101   -0.313       4.    1.127    0.040
    129  941.997 1563.653   15.645   0.0117   -0.355       5.    1.312   -0.117
    130  475.609  361.756   15.654   0.0105   -0.152       5.    1.170   -0.008
    131  241.342  293.119   15.655   0.0106   -0.087       4.    1.181    0.058
    132 1302.630 1071.666   15.661   0.0101   -0.092       7.    0.865   -0.122
    133 1310.066  897.560   15.664   0.0096   -0.341       5.    1.058    0.110
    134  258.103 1869.389   15.679   0.0100    0.091       5.    1.094   -0.092
    135  711.682 1747.532   15.680   0.0101   -0.312       5.    1.101   -0.365
    136 1754.954 1161.818   15.682   0.0101   -0.192       4.    1.103    0.067
    137  290.973  324.294   15.683   0.0118   -0.113       5.    1.298    0.181
    138 2074.543 1295.827   15.683   0.0144   -0.047       5.    1.267    0.568
    139 1036.601 1308.459   15.685   0.0162    0.853       5.    1.775    0.465
    140 1693.700  439.015   15.702   0.0102   -0.216       4.    1.109    0.321
    141  874.336 1023.538   15.702   0.0108   -0.136       4.    1.170    0.022
    142  454.829 2000.503   15.705   0.0106    0.007       4.    1.139   -0.080
    143  171.614  918.880   15.705   0.0121   -0.368       5.    1.316    0.076
    144  418.938 1203.060   15.707   0.0098   -0.072       5.    1.053    0.122
    145 1615.713  785.230   15.710   0.0102   -0.204       6.    1.062    0.098
    146 2075.545 1628.588   15.716   0.0145   -0.005       6.    1.528    0.666
    147  831.299 1679.617   15.717   0.0087   -0.055       4.    0.930    0.031
    148  198.728 1511.503   15.719   0.0100   -0.159       4.    1.068   -0.242
    149 1729.541  460.623   15.721   0.0119   -0.280       5.    1.274    0.310
    150 1627.698  550.055   15.722   0.0105    0.306       5.    1.122    0.228
    151 1749.145  737.201   15.722   0.0100   -0.143       5.    1.073    0.316
    152  189.062 1025.284   15.727   0.0103   -0.223       4.    1.105   -0.030
    153 1313.473 1747.094   15.730   0.0126    0.443       5.    1.343   -0.332
    154 1605.908 1056.955   15.730   0.0098    0.051       5.    1.040   -0.224
    155 1267.845 1046.567   15.731   0.0099   -0.178       4.    1.059   -0.038
    156 1690.294  152.362   15.735   0.0116    0.399       4.    1.232   -0.024
    157  581.700  315.871   15.735   0.0111   -0.211       4.    1.178    0.064
    158 1503.401  181.726   15.735   0.0112   -0.014       5.    1.190    0.306
    159  494.156  592.679   15.738   0.0104    0.004       4.    1.102   -0.110
    160  832.003 1162.200   15.738   0.0118   -0.238       4.    1.251   -0.161
    161 1528.818  308.846   15.738   0.0103    0.184       5.    1.087   -0.010
    162 1380.601 1386.547   15.744   0.0116   -0.042       5.    1.225   -0.187
    163 2044.387 1422.523   15.746   0.0589   -0.228       5.    6.181    5.661
    164 1617.466 2017.997   15.755   0.0125   -0.151       5.    1.295    0.121
    165 1472.001 1981.041   15.756   0.0106   -0.019       5.    1.095    0.020
    166 1385.557 1526.025   15.759   0.0121   -0.082       5.    1.262   -0.034
    167  242.498  817.157   15.760   0.0191    1.272       5.    2.003    0.858
    168  271.142  376.044   15.761   0.0107   -0.052       4.    1.123    0.149
    169  315.702 1856.662   15.763   0.0111   -0.023       5.    1.161   -0.239
    170  309.987  192.674   15.765   0.0104   -0.279       5.    1.081    0.222
    171 2034.795 1256.135   15.767   0.0106    0.142       5.    1.094    0.234
    172 2052.618  986.072   15.772   0.0115    0.431       5.    1.191    0.180
    173 1646.377 1545.369   15.783   0.0124   -0.251       5.    1.283    0.043
    174 1481.801 1163.906   15.787   0.0099   -0.132       4.    1.007   -0.171
    175 1260.034  215.255   15.800   0.0117   -0.033       5.    1.180    0.355
    176  322.456  175.924   15.801   0.0114   -0.177       5.    1.165   -0.216
    177  545.569  997.216   15.801   0.0119   -0.280       5.    1.218    0.308
    178  388.417 2022.808   15.808   0.0110   -0.022       5.    1.099    0.128
    179  722.359 1475.472   15.812   0.0103    0.071       5.    1.046   -0.293
    180  253.436 1690.933   15.825   0.0107    0.194       5.    1.071   -0.190
    181  531.545  972.023   15.825   0.0124    0.098       5.    1.233   -0.289
    182 1970.917 1590.348   15.834   0.0119   -0.239       5.    1.193    0.063
    183 1454.208  167.180   15.839   0.0113   -0.136       6.    1.134    0.091
    184 1050.912  153.165   15.840   0.0126    0.064       4.    1.256    0.237
    185 1602.591  970.991   15.844   0.0104   -0.295       4.    1.043    0.214
    186  739.149  925.642   15.854   0.0126   -0.212       4.    1.254   -0.080
    187 1557.551 1166.270   15.873   0.0115   -0.029       5.    1.129   -0.175
    188  217.561  752.586   15.875   0.0117    0.796       5.    1.143   -0.223
    189  578.075  876.563   15.879   0.0133   -0.185       5.    1.311    0.059
    190  535.059 1531.030   15.880   0.0123   -0.211       5.    1.202    0.336
    191 1025.962 1792.342   15.881   0.0096    0.106       5.    0.937   -0.036
    192  794.100  547.439   15.885   0.0121    0.243       5.    1.177   -0.038
    193 1131.317 1005.569   15.895   0.0112    0.006       5.    1.090   -0.045
    194 1016.897 1520.928   15.897   0.0120   -0.245       4.    1.164   -0.067
    195  846.666 1593.512   15.922   0.0123    0.253       4.    1.179   -0.314
    196  934.046 1984.154   15.924   0.0113    0.136       5.    1.079   -0.106
    197  739.796 1693.588   15.924   0.0091   -0.247       5.    0.864   -0.053
    198 1564.484 1021.739   15.929   0.0111   -0.233       4.    1.052    0.012
    199  420.648 1415.422   15.933   0.0113   -0.169       5.    1.075    0.251
    200 1621.536  778.688   15.938   0.0110   -0.363       4.    1.030    0.294
    201  780.048 1742.628   15.946   0.0097   -0.105       5.    0.912   -0.132
    202 1403.811  202.405   15.957   0.0116    0.278       5.    1.086   -0.159
    203 1329.476 1698.400   15.958   0.0979    2.834       9.    9.127    7.536
    204 1071.626 1254.642   15.958   0.0127   -0.387       4.    1.187   -0.168
    205  315.529  885.730   15.973   0.0130   -0.313       5.    1.211    0.194
    206 1943.072 1066.164   15.976   0.0134   -0.104       5.    1.247    0.286
    207  957.086 1720.761   15.977   0.0120   -0.103       5.    1.109   -0.266
    208 1763.810 1200.717   15.990   0.0125   -0.130       4.    1.155    0.133
    209  319.984 1401.375   15.996   0.0116   -0.266       5.    1.068   -0.224
    210  830.770  627.575   16.001   0.0130   -0.069       5.    1.190    0.056
    211 1782.936  653.270   16.011   0.0112   -0.134       5.    1.018   -0.037
    212 2020.035  256.629   16.014   0.0136    0.242       5.    1.225    0.369
    213  421.446 1985.186   16.021   0.0118   -0.154       4.    1.064    0.017
    214 1062.262 2024.610   16.025   0.0124   -0.219       5.    1.116    0.154
    215 1701.324 1232.642   16.046   0.0139   -0.153       4.    1.241    0.278
    216 1301.849 1066.826   16.062   0.0140   -0.185       5.    0.952   -0.049
    217 1389.042 1636.496   16.066   0.0419    2.810       5.    3.664    2.852
    218  490.520 1093.179   16.068   0.0131   -0.283       5.    1.154   -0.223
    219 1144.684 2037.996   16.071   0.0126    0.163       6.    1.087    0.064
    220  572.675 1029.269   16.081   0.0127   -0.083       4.    1.102   -0.205
    221  258.716 1480.934   16.085   0.0117   -0.065       4.    1.020   -0.076
    222 2050.299 1518.912   16.091   0.0134    0.072       5.    1.160    0.431
    223  806.241 1710.385   16.092   0.0116   -0.117       5.    1.007   -0.091
    224 2069.189 1587.505   16.093   0.0154    0.128       5.    1.329    0.277
    225 1455.071 1596.924   16.098   0.0140   -0.643       5.    1.200   -0.240
    226  940.944  408.489   16.100   0.0146   -0.090       5.    1.255    0.547
    227 2004.263  475.597   16.103   0.0140   -0.126       4.    1.208    0.440
    228  957.162  419.546   16.105   0.0141   -0.120       5.    1.207    0.274
    229  341.792 1626.454   16.106   0.0125   -0.322       4.    1.078   -0.032
    230  305.437  700.351   16.108   0.0144   -0.136       4.    1.241    0.063
    231 1621.115 1826.819   16.110   0.0150   -0.054       4.    1.288   -0.117
    232  697.651 1241.354   16.121   0.0127    0.079       4.    1.084   -0.102
    233  592.812 1236.753   16.131   0.0139   -0.169       5.    1.175   -0.359
    234 1295.897  462.119   16.144   0.0135   -0.141       5.    1.137    0.318
    235  274.982 1463.958   16.145   0.0123    0.039       5.    1.030    0.054
    236  887.140 1422.375   16.150   0.0140   -0.230       5.    1.172   -0.124
    237 1806.882 1245.867   16.157   0.0137   -0.221       4.    1.144    0.031
    238 1941.608  156.948   16.159   0.0153   -0.215       5.    1.275    0.340
    239 1864.516  313.095   16.161   0.0298    0.261       8.    2.455    2.164
    240  603.441 1535.494   16.172   0.0120   -0.062       5.    0.991    0.002
    241 1248.452 1106.117   16.177   0.0129   -0.201       5.    1.062   -0.097
    242  983.132 1287.095   16.185   0.0153    0.487       4.    1.247   -0.125
    243  225.392  481.258   16.187   0.0135    0.048       4.    1.104    0.014
    244  169.966  850.736   16.188   0.0146   -0.191       5.    1.200   -0.102
    245 1941.214  636.247   16.194   0.0138   -0.114       4.    1.119    0.380
    246  686.032  185.340   16.209   0.0149   -0.161       5.    1.210   -0.052
    247 2016.840 1889.066   16.212   0.0158    0.058       7.    1.263    0.240
    248 1660.240  623.695   16.218   0.0140   -0.246       5.    1.128    0.315
    249  482.652 1194.529   16.223   0.0132   -0.201       4.    1.062   -0.261
    250 1421.304 1710.574   16.229   0.0171    1.459       5.    1.346   -0.384
    251  348.683  391.485   16.240   0.0126   -0.042       4.    0.998    0.219
    252  340.962 1833.656   16.245   0.0153   -0.278       5.    1.215   -0.234
    253 1370.190 1195.738   16.248   0.0142   -0.080       4.    1.122    0.172
    254  941.232 1166.034   16.253   0.0156   -0.074       4.    1.213   -0.157
    255  978.412 1585.200   16.255   0.0135   -0.202       5.    1.066   -0.079
    256  903.437 1731.392   16.261   0.0134   -0.318       5.    1.048    0.281
    257  192.259  786.418   16.262   0.0334    1.116      12.    2.528    2.247
    258 1175.772 1508.281   16.263   0.0158   -0.057       5.    1.242    0.207
    259 1612.463  859.891   16.263   0.0140   -0.022       5.    1.091    0.138
    260  885.291  677.005   16.267   0.0139   -0.049       4.    1.090   -0.005
    261 2069.528 1294.832   16.272   0.0206   -0.159       5.    1.230    0.212
    262  765.043  284.455   16.276   0.0158   -0.133       5.    1.230    0.300
    263  225.230 1099.354   16.294   0.0153    0.025       5.    1.178    0.292
    264 1629.309 1689.908   16.302   0.0174   -0.298       4.    1.334    0.538
    265  760.127  921.750   16.307   0.0168    0.017       4.    1.280   -0.068
    266 1579.854 1050.112   16.321   0.0131   -0.189       4.    0.992   -0.181
    267 1105.567 1054.393   16.327   0.0175   -0.207       5.    1.327    0.142
    268 1815.710  728.252   16.335   0.0153    0.141       5.    1.149    0.289
    269 1750.106  385.674   16.337   0.0167   -0.220       5.    1.255    0.093
    270  453.768  885.524   16.340   0.0146   -0.129       5.    1.080   -0.616
    271  354.202 1102.238   16.342   0.0148   -0.168       5.    1.103   -0.542
    272 1889.196  263.159   16.366   0.0171    0.045       4.    1.266    0.262
    273 1967.891 1000.026   16.371   0.0145   -0.044       5.    1.064    0.039
    274 2009.969  930.719   16.379   0.0163   -0.029       4.    1.194   -0.050
    275 1582.662  749.806   16.379   0.0173    0.002       5.    1.261    0.385
    276  412.046 1978.526   16.392   0.0152   -0.219       5.    1.092   -0.197
    277 1301.583 1016.910   16.392   0.0222   -0.067       6.    1.605    1.103
    278  861.208 1884.275   16.393   0.0165   -0.072       5.    1.196    0.425
    279 1195.812 1837.306   16.400   0.0162   -0.130       5.    1.163   -0.321
    280  446.592 1522.043   16.409   0.0149   -0.135       4.    1.062   -0.004
    281 1571.028 1904.152   16.417   0.0167   -0.516       5.    1.189    0.172
    282 1834.569 1682.038   16.419   0.0172   -0.263       4.    1.212   -0.057
    283 1817.414 1216.673   16.446   0.0168   -0.173       5.    1.172    0.082
    284 1851.384 1536.966   16.451   0.0153   -0.137       4.    1.070    0.238
    285 1531.442 1199.511   16.458   0.0157   -0.219       5.    1.097    0.649
    286  210.025  661.228   16.463   0.0182   -0.355       5.    1.270   -0.322
    287  783.519 1306.249   16.466   0.0175    0.092       4.    1.215   -0.487
    288 1034.176 1627.991   16.504   0.0180    0.028       5.    1.214   -0.412
    289 1379.760 1546.936   16.509   0.0178   -0.139       5.    1.200   -0.134
    290 1743.288  433.273   16.532   0.0155   -0.110       4.    1.028   -0.014
    291 1482.433 1155.919   16.534   0.0169    0.025       4.    1.095   -0.207
    292 1141.204 1038.765   16.540   0.0200   -0.144       5.    1.330    0.181
    293 2020.774  360.928   16.561   0.0198    0.098       5.    1.293    0.550
    294 1992.852  688.855   16.569   0.0194   -0.217       4.    1.266    0.393
    295 2040.651 1776.578   16.614   0.0202    0.039       5.    1.272    0.235
    296 1103.138  468.029   16.621   0.0178   -0.175       5.    1.118   -0.100
    297  505.549 1700.771   16.662   0.0178   -0.113       4.    1.093   -0.126
    298  535.519  497.306   16.663   0.0236   -0.327       4.    1.458    0.536
    299  495.659 1519.626   16.664   0.0179   -0.027       5.    1.083   -0.264
    300 1973.479 1628.890   16.671   0.0199   -0.165       5.    1.215    0.498
    301  240.414  981.544   16.672   0.0182   -0.198       4.    1.114   -0.358
    302  604.737  608.783   16.672   0.0203    0.420       4.    1.238   -0.004
    303 1128.988  188.764   16.679   0.0209   -0.189       4.    1.272    0.577
    304  406.211 1042.646   16.685   0.0192   -0.078       5.    1.162   -0.092
    305 1259.093  420.169   16.690   0.0318   -0.037       6.    1.845    2.870
    306  475.664 1844.921   16.696   0.0178   -0.329       5.    1.071    0.041
    307  934.830  228.107   16.698   0.0196    0.056       5.    1.175    0.590
    308  404.778  526.305   16.700   0.0193   -0.219       5.    1.152   -0.161
    309 1247.382  852.871   16.708   0.0182   -0.237       5.    1.087    0.158
    310  952.160 1163.300   16.710   0.0205    0.067       4.    1.221   -0.317
    311 1835.045  414.302   16.712   0.0198    0.028       4.    1.176    0.050
    312 1159.000 1624.142   16.714   0.0196   -0.478       6.    1.161    0.178
    313  994.235  456.909   16.743   0.0190   -0.207       4.    1.107   -0.097
    314 2061.159  959.247   16.750   0.0313    0.229       7.    1.807    1.767
    315  481.227 1735.383   16.756   0.0188   -0.208       5.    1.089   -0.185
    316  997.947 1368.030   16.763   0.1063    2.294      18.    5.851    7.250
    317  624.095  567.525   16.771   0.0220   -0.259       5.    1.265   -0.359
    318 1567.779  663.306   16.777   0.0197   -0.339       5.    1.125   -0.140
    319  478.778  387.882   16.786   0.0257    0.012       6.    1.455    0.861
    320 1764.506 1332.359   16.792   0.0766    0.192       6.    4.326    6.408
    321 1511.266  627.519   16.795   0.0190   -0.161       5.    1.072    0.465
    322 1906.350  265.964   16.803   0.0453   -0.106       5.    2.505    4.108
    323 1152.348  538.556   16.809   0.0199    0.004       5.    1.110    0.146
    324 1679.760 1807.094   16.820   0.1015    2.191      26.    5.441    6.817
    325 1610.873 1596.134   16.824   0.0357   -0.080       6.    1.960    2.638
    326 1424.695 1785.116   16.828   0.0232   -0.160       4.    1.279    0.626
    327 1364.904 2051.400   16.831   0.0206    0.145       4.    1.128   -0.062
    328 1433.806 1847.216   16.832   0.0215   -0.246       5.    1.184    0.149
    329  709.429 1363.841   16.848   0.0217   -0.439       5.    1.187   -0.089
    330 1855.491 1925.846   16.853   0.0377   -0.106       7.    2.005    3.062
    331 1896.220  398.996   16.868   0.0658   -0.006       7.    3.528    5.533
    332  177.689  273.006   16.890   0.0244    0.076       5.    1.293    0.104
    333  178.285 1667.700   16.894   0.0215   -0.035       5.    1.137   -0.148
    334  915.867  798.830   16.894   0.0256   -0.254       5.    1.355    0.536
    335  809.493 1398.811   16.908   0.0287   -0.220       6.    1.512    0.716
    336 1342.929 1478.073   16.909   0.0242   -0.048       4.    1.268   -0.030
    337  978.924 1057.147   16.909   0.0226   -0.377       5.    1.179   -0.209
    338 1086.354  703.983   16.913   0.0217   -0.017       6.    1.127   -0.002
    339  438.194  631.425   16.929   0.0213   -0.029       5.    1.096    0.183
    340 1169.281 1206.560   16.932   0.0246   -0.322       5.    1.256   -0.408
    341 1219.911  847.170   16.934   0.0223   -0.203       5.    1.135   -0.027
    342  865.997  855.388   16.934   0.0246   -0.098       5.    1.263   -0.113
    343 1424.894 1027.303   16.937   0.0253   -0.089       5.    1.296    1.381
    344  708.289  498.503   16.950   0.0248    0.298       5.    1.260    0.942
    345  793.950 1206.637   16.951   0.0254   -0.140       5.    1.297    0.272
    346 1545.996 1416.708   16.952   0.0249   -0.371       5.    1.264    0.357
    347  142.600 1244.225   16.963   0.0286   -0.262       4.    1.450   -0.448
    348 1473.757 1727.666   16.969   0.0238   -0.232       5.    1.200   -0.059
    349  630.455  747.556   16.989   0.0383   -0.213       5.    1.886    2.754
    350 1497.689 1128.809   16.990   0.0222   -0.145       5.    1.102   -0.153
    351  482.281 1803.798   16.998   0.0245   -0.233       4.    1.206    0.328
    352 1677.665  674.499   17.000   0.0238   -0.429       4.    1.176    0.245
    353 1727.698 1070.191   17.000   0.0204   -0.179       5.    1.007    0.206
    354  952.862 1542.166   17.011   0.0241   -0.216       4.    1.179   -0.240
    355 1692.031  897.946   17.018   0.0249   -0.185       5.    1.217    0.335
    356  419.256 1131.668   17.019   0.0221   -0.140       5.    1.069   -0.366
    357 1843.141 1683.255   17.035   0.0264   -0.134       5.    1.239   -0.080
    358  787.821 1341.806   17.041   0.0390   -0.113       5.    1.846    2.904
    359 1503.936 1031.310   17.044   0.0225   -0.278       5.    1.072    0.142
    360  750.968 1192.259   17.054   0.0251    0.147       5.    1.192   -0.690
    361  943.941  810.369   17.068   0.0229   -0.172       5.    1.081    0.175
    362  190.657 1276.162   17.073   0.0219   -0.386       5.    1.031    0.044
    363 1471.993 1477.208   17.076   0.0268   -0.283       5.    1.257   -0.227
    364 1856.412  424.756   17.082   0.0261    0.334       5.    1.212    0.165
    365 1888.000 1688.380   17.084   0.0311    0.022       5.    1.439    1.006
    366 1855.374  258.181   17.095   0.0289    0.150       5.    1.337    0.557
    367 1636.054  580.482   17.103   0.0241    0.163       4.    1.111   -0.203
    368 1175.956 1857.565   17.108   0.0245   -0.244       5.    1.124    0.173
    369  779.405  930.684   17.126   0.0255   -0.106       5.    1.153   -0.243
    370 1520.707 1463.028   17.132   0.0275   -0.410       5.    1.244    0.258
    371 1681.421 1739.053   17.150   0.0286    0.582       5.    1.264   -0.026
    372 1741.943 1950.580   17.151   0.0259   -0.458       5.    1.152    0.138
    373  517.585  762.424   17.153   0.0277   -0.074       5.    1.237   -0.681
    374 1921.125 1649.113   17.154   0.0302   -0.054       5.    1.330    0.159
    375 1062.388  263.966   17.156   0.0246    0.018       5.    1.094    0.139
    376  464.981 2001.443   17.158   0.0247    0.089       4.    1.087   -0.273
    377  991.589 1396.624   17.158   0.0302    0.548       4.    1.257   -0.404
    378 1403.634  483.322   17.159   0.0391   -0.258       6.    1.720    3.059
    379 1817.965 1139.569   17.159   0.0277   -0.130       4.    1.229    0.116
    380  230.549  950.190   17.160   0.0259   -0.460       4.    1.151    0.307
    381  997.218 1399.973   17.161   0.0281    0.730       4.    1.168   -0.091
    382 1853.947  596.442   17.165   0.0273   -0.265       5.    1.211    0.226
    383  895.407  352.239   17.169   0.0260   -0.295       4.    1.148    0.353
    384 1273.829 1100.668   17.181   0.0259   -0.412       5.    1.133   -0.173
    385  737.374  479.705   17.190   0.0280    0.096       5.    1.214   -0.184
    386  849.408 1359.191   17.196   0.0273   -0.123       5.    1.178   -0.333
    387 1819.786 1523.684   17.207   0.0248   -0.284       4.    1.062    0.038
    388  390.344 2052.244   17.211   0.0252   -0.138       4.    1.079    0.288
    389  662.094  344.105   17.213   0.0300   -0.132       6.    1.285    0.747
    390  384.754  449.539   17.214   0.0347   -0.112       6.    1.408    2.702
    391 1369.428 1109.784   17.219   0.0247   -0.124       6.    1.048    0.265
    392 1494.874 1174.125   17.219   0.0245    0.050       6.    1.030   -0.418
    393  621.577  493.710   17.224   0.0363    0.103       5.    1.530    2.080
    394 1497.489 1468.660   17.227   0.0267   -0.335       6.    1.093   -0.388
    395 1770.165  784.909   17.229   0.0278   -0.248       5.    1.174   -0.193
    396  937.611 1524.036   17.229   0.0282   -0.220       5.    1.189   -0.355
    397 2011.426 1658.770   17.232   0.0274   -0.152       5.    1.152    0.455
    398 1674.634  584.116   17.236   0.0487    0.598       7.    1.911    4.078
    399 1667.782  685.548   17.236   0.0292   -0.436       7.    1.221    0.812
    400 1440.261 1866.507   17.261   0.0268   -0.087       4.    1.099    0.689
    401  687.109 1573.734   17.265   0.0256   -0.263       5.    1.055    0.025
    402  924.175  497.566   17.271   0.0288   -0.202       4.    1.186    0.002
    403  424.994  139.429   17.282   0.0342   -0.015       4.    1.385   -0.168
    404  364.360  936.842   17.289   0.0291   -0.266       5.    1.184    1.035
    405 1558.595 1143.815   17.293   0.0285   -0.174       4.    1.153    0.042
    406  525.948 1493.740   17.300   0.0251   -0.021       5.    1.009   -0.630
    407 1445.664  305.048   17.303   0.0406   -0.144       6.    1.638    1.758
    408 1124.648 1112.442   17.309   0.0300   -0.191       4.    1.201    0.665
    409 1616.973  399.439   17.314   0.0270   -0.252       5.    1.073    0.172
    410  239.874 1102.382   17.316   0.0309   -0.290       5.    1.227   -0.199
    411 1223.599  608.436   17.319   0.0279   -0.282       5.    1.109   -0.032
    412  565.007 1226.547   17.325   0.0294   -0.211       5.    1.158   -0.185
    413 1742.014 1342.255   17.338   0.0409    0.325       5.    1.541    2.989
    414 2027.469  831.815   17.348   0.0311   -0.250       5.    1.202    0.023
    415  982.332 1139.150   17.353   0.0649   -0.313       8.    2.482    4.969
    416 1871.017  301.873   17.371   0.0345    0.173       4.    1.319    0.196
    417 1673.517 1602.659   17.371   0.0397   -0.128       5.    1.499    2.406
    418  827.906  970.313   17.372   0.0314   -0.096       5.    1.198    0.107
    419  778.735 1535.068   17.373   0.0299   -0.169       5.    1.145    0.172
    420  873.653 1440.317   17.378   0.0301   -0.424       4.    1.152    0.354
    421 1611.597 1395.019   17.386   0.0337   -0.324       4.    1.283   -0.138
    422 1683.106  219.729   17.386   0.0336    0.482       6.    1.266    0.390
    423  985.912 1550.863   17.389   0.0396   -0.327       5.    1.473    1.652
    424  381.683 1875.822   17.396   0.0295   -0.174       5.    1.108    0.140
    425  882.046  343.221   17.400   0.0324   -0.352       4.    1.219    0.335
    426  144.019 1143.206   17.402   0.0371   -0.166       5.    1.392   -0.126
    427 1688.133  776.284   17.409   0.0307   -0.363       4.    1.141    0.102
    428  480.459 1920.680   17.413   0.0359   -0.190       5.    1.336    0.988
    429  935.428 1921.762   17.418   0.0282   -0.076       4.    1.042    0.195
    430 1166.354 1070.467   17.418   0.0326    0.026       5.    1.200   -0.459
    431 2022.003 1872.072   17.419   0.0372    0.103       5.    1.369   -0.334
    432 1334.700  986.702   17.430   0.0325   -0.014       4.    1.192   -0.440
    433  267.460  989.618   17.432   0.0336   -0.040       5.    1.231   -0.613
    434 1277.617  407.292   17.433   0.0429   -0.059       5.    1.536    3.360
    435 1010.081  166.053   17.436   0.0319   -0.069       4.    1.162    0.109
    436  238.668 1082.494   17.442   0.0308   -0.051       4.    1.122   -0.418
    437  500.393 1090.227   17.451   0.0277   -0.291       5.    0.992   -0.402
    438  797.437  285.001   17.451   0.0313   -0.006       5.    1.134   -0.583
    439 1894.150  352.462   17.456   0.0311   -0.057       5.    1.119   -0.099
    440 1019.784  287.825   17.460   0.0331   -0.006       5.    1.177    0.582
    441 1356.738  225.917   17.463   0.0283   -0.100       4.    1.014   -0.248
    442 1777.934 1417.961   17.467   0.0342   -0.126       5.    1.226    0.939
    443 1252.283 1993.204   17.487   0.0288   -0.120       5.    1.015   -0.376
    444  173.120  406.071   17.488   0.0404   -0.018       5.    1.427    0.291
    445  658.659 1895.601   17.488   0.0327   -0.011       5.    1.155   -0.064
    446  164.323 1501.352   17.494   0.0366   -0.285       6.    1.247    1.235
    447 1756.885 1360.487   17.497   0.0315    0.487       4.    1.095    0.287
    448  753.311 1693.971   17.501   0.0304   -0.252       5.    1.056   -0.002
    449 1890.478 1675.216   17.511   0.0337    0.048       4.    1.165    0.106
    450 1569.417 1760.419   17.531   0.0382   -0.261       5.    1.310    0.098
    451 1484.880  726.070   17.531   0.0380   -0.289       5.    1.286    2.231
    452  153.221 1504.049   17.533   0.0342   -0.186       5.    1.147    0.349
    453  909.464 1151.491   17.541   0.0400   -0.078       5.    1.351   -0.197
    454 1294.876  148.281   17.549   0.0358   -0.084       6.    1.201   -0.011
    455 1979.791 1556.289   17.551   0.0358   -0.302       5.    1.202    0.342
    456 1878.273 1628.136   17.559   0.0357   -0.218       5.    1.196    0.519
    457 1971.814 1673.073   17.559   0.0372   -0.251       4.    1.243    0.397
    458  798.970 1266.057   17.569   0.0369   -0.071       5.    1.226   -0.539
    459 1036.086  232.657   17.574   0.0393   -0.343       7.    1.286    1.345
    460 1466.699 1822.561   17.576   0.0363   -0.042       5.    1.176    1.158
    461 1508.554  500.062   17.577   0.0701    0.000       4.    2.322    3.638
    462 1144.167 1967.527   17.582   0.0340   -0.209       4.    1.123   -0.218
    463 1007.478 1995.154   17.583   0.0336   -0.126       5.    1.094    0.392
    464 1000.652 1379.141   17.585   0.0981    1.730       6.    3.179    4.501
    465 1135.928 1344.568   17.586   0.0368   -0.374       4.    1.218   -0.077
    466  402.217  350.639   17.589   0.0335   -0.166       5.    1.093    0.323
    467 1627.727  312.382   17.591   0.0391   -0.159       5.    1.282    1.095
    468 1076.855  698.966   17.592   0.0346    0.099       6.    1.127   -0.515
    469 1409.900 1153.911   17.592   0.0345   -0.108       4.    1.131    0.025
    470 1202.637 1763.161   17.592   0.0343   -0.363       5.    1.127    0.090
    471 1064.629 1632.261   17.594   0.0363    0.009       4.    1.184   -0.622
    472  855.867 2022.651   17.600   0.0373   -0.114       4.    1.216    0.077
    473 1555.372 1320.112   17.601   0.0372   -0.205       5.    1.192    1.015
    474 1740.670  829.702   17.607   0.0343    0.028       5.    1.093    0.032
    475 1831.512 2056.157   17.616   0.0408   -0.061       6.    1.312    0.118
    476 1900.381  298.356   17.620   0.0367    0.269       4.    1.173   -0.094
    477 1312.465  529.812   17.622   0.0323   -0.078       5.    1.035   -0.559
    478 1102.740  701.335   17.623   0.0340   -0.117       4.    1.082   -0.518
    479  747.795 1019.013   17.625   0.0408   -0.277       5.    1.311   -0.238
    480 1302.908  262.219   17.632   0.0347   -0.446       4.    1.107   -0.078
    481 1486.411  690.099   17.635   0.0340   -0.085       5.    1.072    0.256
    482  237.622 1267.830   17.646   0.0362   -0.126       5.    1.138    0.062
    483  948.594 1500.749   17.651   0.0378   -0.420       4.    1.192   -0.195
    484 1822.804  909.323   17.664   0.0403   -0.310       5.    1.255    0.367
    485 1922.943  712.685   17.665   0.0442    0.134       5.    1.372    0.791
    486  922.067  635.168   17.667   0.0356   -0.070       4.    1.104    0.191
    487 1511.551  404.345   17.668   0.0357    0.019       5.    1.105    0.104
    488 2038.776 1344.105   17.670   0.0348   -0.232       5.    1.080   -0.458
    489 1106.894  743.777   17.675   0.0397    0.032       5.    1.214   -0.157
    490 1349.903 1946.030   17.677   0.0379   -0.146       6.    1.164    0.610
    491 1930.648  148.029   17.684   0.0455   -0.145       5.    1.394    0.019
    492  249.281  803.416   17.689   0.0463    1.289       6.    1.370    0.759
    493  865.420  403.644   17.690   0.0447   -0.386       5.    1.364   -0.316
    494 2005.038 1220.680   17.692   0.0481    1.297       5.    1.419    2.825
    495  285.000 1496.267   17.696   0.0361    0.022       4.    1.088   -0.258
    496  931.273 1456.070   17.699   0.0423   -0.348       5.    1.277    0.737
    497  635.023 1104.206   17.705   0.0417    0.272       5.    1.251   -0.143
    498 2038.508  989.863   17.714   0.0431    0.155       5.    1.276    0.161
    499  670.556  510.605   17.716   0.0403    0.276       5.    1.202    0.361
    500 1753.126 1877.048   17.723   0.0581   -0.284       5.    1.730    3.740
    501 1301.608  196.781   17.732   0.0408   -0.173       5.    1.205    0.948
    502 1431.902 1065.239   17.733   0.0396   -0.266       5.    1.173   -0.614
    503 1018.632 1878.538   17.742   0.0355   -0.052       4.    1.041    0.257
    504 2015.010 1387.502   17.743   0.0403    0.106       4.    1.177   -0.218
    505 1609.492  482.344   17.744   0.0384   -0.017       5.    1.126   -0.323
    506  254.634  195.459   17.749   0.0329   -0.362       4.    0.960    0.014
    507 1713.759 1448.354   17.750   0.0422   -0.086       4.    1.234    0.159
    508  671.430  388.794   17.754   0.0460    0.006       4.    1.344   -0.009
    509 1914.323 1000.402   17.759   0.0418   -0.066       4.    1.213   -0.312
    510 1729.260  886.786   17.763   0.0416    0.017       4.    1.199   -0.082
    511  577.878 1169.046   17.767   0.0416   -0.164       4.    1.202   -0.670
    512  383.025 1198.317   17.775   0.0375    0.043       5.    1.060    0.095
    513 1103.486 1599.964   17.775   0.0421   -0.415       5.    1.165   -0.376
    514  135.613 1022.965   17.776   0.0554   -0.035       5.    1.587    1.517
    515 1119.331 1821.426   17.785   0.0403   -0.236       5.    1.150    0.170
    516 1422.231 1181.102   17.786   0.0513   -0.200       6.    1.444    3.172
    517 1567.677 1062.909   17.789   0.0424   -0.199       5.    1.203   -0.262
    518 1093.536 1209.698   17.790   0.0488   -0.287       5.    1.379    1.646
    519  329.390 1344.830   17.792   0.0409   -0.121       5.    1.145    0.951
    520  557.206  181.945   17.800   0.0419   -0.071       5.    1.183   -0.544
    521 1546.447  230.555   17.809   0.0402    0.035       5.    1.121    0.064
    522 2040.387  294.426   17.814   0.0444   -0.092       6.    1.236    0.137
    523  989.127 1027.307   17.816   0.0416   -0.431       4.    1.162   -0.144
    524  872.575  949.341   17.819   0.0432   -0.156       5.    1.195    0.022
    525 1467.212  242.626   17.821   0.0407    0.485       4.    1.117    0.054
    526  564.716  526.330   17.823   0.0499   -0.206       5.    1.376   -0.846
    527 1708.102  498.351   17.823   0.0454   -0.087       4.    1.260    0.310
    528  191.818  382.807   17.825   0.0427    0.403       4.    1.174   -0.660
    529 1010.817 1511.208   17.834   0.0459   -0.476       6.    1.237   -0.265
    530 1583.908  316.343   17.835   0.0398    0.048       5.    1.085   -0.371
    531  234.934 1334.497   17.835   0.0400   -0.154       5.    1.095   -0.555
    532 1027.899 1923.311   17.858   0.0379   -0.224       5.    1.014   -0.077
    533 1706.308 1262.171   17.861   0.0434   -0.184       4.    1.166    0.336
    534  405.703 1482.548   17.864   0.0463   -0.202       5.    1.222    0.122
    535 1614.914 1277.117   17.870   0.0388   -0.387       4.    1.028    0.812
    536 1404.653  850.892   17.876   0.0449   -0.105       5.    1.195   -0.332
    537  616.102 1980.441   17.877   0.0495   -0.248       5.    1.318   -0.209
    538 1370.538  658.961   17.882   0.0435   -0.279       4.    1.155    0.015
    539  846.076 2001.785   17.887   0.0438   -0.171       4.    1.156    0.183
    540 1237.802  641.614   17.888   0.0411   -0.105       5.    1.082    0.288
    541 1515.193 1476.019   17.892   0.0443   -0.402       4.    1.166    0.355
    542  715.044  340.779   17.892   0.0492    0.071       4.    1.293    1.042
    543 1636.970 1793.158   17.894   0.0499    0.262       5.    1.295   -1.218
    544 1917.098 1529.114   17.899   0.0536   -0.226       5.    1.401    0.858
    545  235.708 1890.262   17.899   0.0429   -0.146       6.    1.057    0.536
    546  408.873 1705.773   17.914   0.0474   -0.134       5.    1.215   -0.048
    547  920.908 1001.090   17.933   0.0469   -0.276       5.    1.198    0.379
    548 1974.034 2012.168   17.936   0.0529   -0.094       4.    1.346    0.603
    549 1652.079 1037.589   17.938   0.0450    0.140       5.    1.132    1.361
    550 1170.867  860.750   17.938   0.0481   -0.043       5.    1.205    2.246
    551 1449.738 1508.210   17.938   0.0537   -0.489       4.    1.369    2.313
    552 1999.767  565.597   17.939   0.0523    0.083       5.    1.321   -0.326
    553 1937.063  669.932   17.942   0.0524    0.099       4.    1.325    0.136
    554  389.925  656.446   17.950   0.0459   -0.341       4.    1.156   -0.133
    555 1705.709 1093.009   17.955   0.0482    0.015       4.    1.194   -0.534
    556  819.068 1519.948   17.959   0.0448   -0.258       5.    1.119    0.721
    557  630.374  725.775   17.965   0.0483   -0.131       4.    1.204    0.042
    558 1705.249 1120.805   17.969   0.0518   -0.219       5.    1.288    0.056
    559 1610.688 1448.875   17.974   0.0537   -0.216       4.    1.318    2.334
    560 1502.595 1004.308   17.976   0.0481   -0.163       5.    1.184    1.436
    561  794.566  750.326   17.976   0.0516   -0.139       5.    1.271    2.199
    562 1583.790  928.922   17.978   0.0443   -0.205       5.    1.092    1.040
    563  301.411  385.269   17.981   0.0454    0.147       4.    1.108    0.200
    564  666.136 1880.154   17.988   0.0482   -0.026       5.    1.175    0.545
    565 1901.464 1884.145   17.990   0.0520   -0.143       5.    1.269   -0.273
    566 2062.366  325.977   17.994   0.0562    0.092       6.    1.360    0.287
    567  324.183  357.360   17.999   0.0466    0.010       5.    1.127   -0.092
    568 1525.494 2034.284   18.001   0.0513   -0.160       5.    1.195    0.225
    569 1320.098 1440.591   18.004   0.0591   -0.189       8.    1.418    1.683
    570  520.655 1385.591   18.006   0.0502   -0.093       4.    1.210    0.459
    571  525.353  890.928   18.007   0.0440   -0.073       5.    1.058   -0.574
    572  956.944 1125.128   18.016   0.0526    0.066       4.    1.255   -0.856
    573 1917.732 1866.485   18.021   0.0525   -0.158       5.    1.251    0.158
    574 1988.705  475.813   18.021   0.0511   -0.139       4.    1.210   -0.731
    575  256.544  630.845   18.023   0.0508   -0.073       5.    1.210   -0.482
    576 1372.582  977.943   18.025   0.0453   -0.015       5.    1.070   -0.749
    577 1351.256 1268.743   18.030   0.0493   -0.158       5.    1.165   -0.920
    578 1101.559 1593.792   18.036   0.0517   -0.319       5.    1.173    0.297
    579 1678.218  247.981   18.048   0.0497    0.103       5.    1.154   -0.819
    580  391.558  763.732   18.056   0.0573    0.315       5.    1.325    0.249
    581  754.324  261.598   18.056   0.0639   -0.210       4.    1.482    1.185
    582 1261.025 1278.026   18.060   0.0533   -0.091       5.    1.233   -0.767
    583 1275.029 1389.262   18.067   0.0569    0.007       5.    1.298    0.697
    584 1841.261 1427.668   18.067   0.0480   -0.165       4.    1.107   -0.413
    585 1346.419  872.043   18.070   0.0532   -0.224       5.    1.223    0.083
    586 1611.914 1614.258   18.075   0.0535   -0.329       4.    1.230   -0.236
    587 1278.342  148.009   18.075   0.0509   -0.232       4.    1.163    0.079
    588 1873.061 1358.444   18.076   0.0455   -0.144       5.    1.034    0.816
    589 1458.996  423.510   18.077   0.0470   -0.111       5.    1.021    0.084
    590  252.684 1236.240   18.077   0.0518   -0.071       4.    1.145   -0.407
    591 1331.716  995.357   18.079   0.0498   -0.000       6.    1.127    0.793
    592 1671.252 1277.280   18.080   0.0490   -0.069       5.    1.116   -0.300
    593  814.751 1478.417   18.081   0.0460   -0.114       5.    1.045    0.243
    594 1513.859 1886.438   18.082   0.0576    0.154       5.    1.308    1.730
    595  370.141  388.761   18.083   0.0516    0.016       5.    1.167    0.140
    596 1404.442 1553.729   18.086   0.0645   -0.609       5.    1.459    2.444
    597  844.382  766.951   18.089   0.0535   -0.289       5.    1.214    0.112
    598  302.459  248.945   18.091   0.0558   -0.221       5.    1.256    1.488
    599 1178.080 2030.503   18.093   0.0448   -0.099       5.    1.002    0.538
    600 1234.563  965.351   18.097   0.0518   -0.066       5.    1.167   -0.270
    601 1547.135 1665.533   18.098   0.0587   -0.453       5.    1.330    0.335
    602  807.474 1548.645   18.100   0.0503   -0.028       5.    1.128    0.586
    603 1808.578  587.780   18.101   0.0511   -0.177       4.    1.149   -0.088
    604  547.933 1137.625   18.106   0.0487   -0.223       4.    1.091   -0.423
    605  732.638 2017.421   18.107   0.0571   -0.139       5.    1.278    0.473
    606 1277.303  645.490   18.108   0.0531   -0.145       6.    1.178   -0.438
    607  687.713  489.058   18.109   0.0573    0.431       5.    1.274    0.772
    608 1641.644 1373.914   18.110   0.0575   -0.282       4.    1.203   -0.508
    609  634.796  869.181   18.116   0.0609   -0.302       5.    1.345    0.618
    610 1175.422 1276.295   18.117   0.0564   -0.365       5.    1.250   -0.330
    611 1672.723  221.590   18.118   0.0510    0.307       4.    1.122    0.221
    612  708.290 1413.397   18.119   0.0631   -0.067       7.    1.356    2.723
    613  257.561  802.766   18.121   0.0506    0.668       4.    1.097   -0.470
    614 1638.434 1966.048   18.124   0.0491   -0.151       6.    1.068   -0.185
    615  449.567  573.024   18.125   0.0552   -0.159       5.    1.218    0.284
    616  343.714  853.199   18.128   0.0530   -0.130       5.    1.161    0.301
    617  323.030  602.637   18.128   0.0565   -0.007       4.    1.242    0.115
    618  305.162 1354.096   18.128   0.0480    0.009       5.    1.054    0.454
    619 2020.335  476.854   18.128   0.0601   -0.151       5.    1.322    0.474
    620 1362.263  578.257   18.129   0.0431   -0.110       4.    0.941   -0.554
    621 1904.842 1096.248   18.131   0.0484   -0.195       4.    1.063   -0.529
    622 1662.468 1341.090   18.132   0.0522   -0.409       5.    1.145    0.239
    623 1288.279 1387.063   18.134   0.0590   -0.030       4.    1.292   -1.364
    624  532.710 1321.649   18.137   0.0509    0.085       4.    1.110   -0.044
    625  551.761 2031.638   18.138   0.0559   -0.156       4.    1.223   -0.922
    626  644.451 1607.703   18.138   0.0487    0.022       4.    1.063   -0.398
    627  414.584 1712.494   18.140   0.0577    0.002       5.    1.232   -0.517
    628  994.475 1202.646   18.142   0.0554   -0.367       5.    1.209    0.639
    629  689.964  672.644   18.142   0.0580   -0.397       5.    1.263    0.613
    630 2074.771  245.067   18.149   0.0683    0.053       6.    1.445    1.437
    631  691.271 1421.793   18.150   0.0526    0.019       5.    1.134    0.418
    632 1088.424 1541.114   18.152   0.0580   -0.189       5.    1.249   -0.092
    633 1358.958  457.939   18.154   0.0526    0.081       5.    1.130   -0.651
    634 1172.206  810.667   18.155   0.0584   -0.080       5.    1.251    1.190
    635  220.479  136.863   18.157   0.0580   -0.087       5.    1.248   -0.549
    636 1645.879 1508.069   18.160   0.0578   -0.483       4.    1.242    0.186
    637 1364.740 1014.494   18.161   0.0497   -0.300       4.    1.065    0.884
    638  578.001  800.439   18.161   0.0574   -0.106       5.    1.230   -0.133
    639  396.061  273.091   18.163   0.0507   -0.124       4.    1.083   -0.634
    640 1282.632  362.425   18.166   0.0523   -0.096       4.    1.113    0.037
    641 1030.697  959.086   18.170   0.0570   -0.214       5.    1.206    0.488
    642 1920.938 1039.335   18.171   0.0589   -0.049       5.    1.251    1.460
    643 1895.860  198.930   18.172   0.0597   -0.016       6.    1.258   -0.249
    644 1791.705  809.632   18.172   0.0566   -0.222       5.    1.200    0.627
    645  727.724 2035.768   18.189   0.0610   -0.129       5.    1.280    0.594
    646  317.707 1549.552   18.191   0.0518   -0.245       5.    1.087   -0.010
    647 1342.629  928.155   18.192   0.0517   -0.148       4.    1.081   -0.793
    648 1781.909  625.954   18.195   0.0645   -0.121       5.    1.341    1.359
    649 1801.145  789.023   18.196   0.0557    0.072       4.    1.153   -0.588
    650  888.954  199.757   18.202   0.0648   -0.303       5.    1.338    1.663
    651  226.081  194.194   18.203   0.0556   -0.278       5.    1.148    0.043
    652 1820.589 1208.821   18.205   0.0506   -0.164       5.    1.029    0.465
    653 1699.522  689.871   18.206   0.0581   -0.372       5.    1.209   -1.551
    654 1959.872  261.294   18.207   0.0568   -0.257       5.    1.179    0.451
    655 1648.138 1457.906   18.207   0.0619   -0.030       4.    1.275   -1.061
    656  564.822 1523.790   18.209   0.0521    0.036       5.    1.070    0.235
    657 1160.073 1389.910   18.209   0.0633   -0.118       5.    1.291   -0.899
    658 1771.036 1761.484   18.216   0.0588    0.188       5.    1.201    1.313
    659  462.615  254.773   18.218   0.0619   -0.050       4.    1.266    0.395
    660 2067.418  174.180   18.219   0.0752   -0.311       4.    1.548    1.468
    661 1501.478 1820.677   18.221   0.0625   -0.326       5.    1.283    0.646
    662 1830.909 1179.854   18.223   0.0521    0.005       5.    1.052    0.136
    663 1830.392 1030.095   18.223   0.0615   -0.130       5.    1.249    0.348
    664  863.793 1552.373   18.226   0.0520    0.042       5.    1.051   -1.127
    665 1822.779  631.908   18.228   0.0618    0.177       4.    1.248    0.362
    666 1553.890  328.152   18.229   0.0587   -0.148       5.    1.189   -0.400
    667  249.821 1066.692   18.230   0.0604   -0.289       6.    1.224   -1.545
    668 1486.450 1176.409   18.235   0.0561    0.096       6.    1.115   -0.536
    669 1380.925 1109.908   18.246   0.0506   -0.394       6.    1.010    0.051
    670 1270.438 1553.396   18.248   0.0679   -0.247       6.    1.345    0.230
    671 1471.796 1055.719   18.249   0.0535   -0.323       5.    1.064   -0.101
    672 1883.179 1818.382   18.250   0.0710   -0.039       5.    1.415    0.768
    673  999.251  647.136   18.250   0.0595   -0.123       5.    1.190    1.007
    674  732.666 1773.152   18.256   0.0516   -0.076       5.    1.021   -1.211
    675  335.999 1139.740   18.257   0.0589   -0.163       5.    1.170    0.533
    676 1799.690 1120.972   18.263   0.0683    0.046       6.    1.324    0.472
    677 1320.394 1401.498   18.265   0.0618   -0.364       4.    1.227   -0.088
    678  143.213 1624.573   18.270   0.0638    0.092       5.    1.253   -1.086
    679 2068.336  304.106   18.271   0.0665    0.007       5.    1.300    0.126
    680  378.683  391.741   18.274   0.0550   -0.069       4.    1.070   -0.447
    681 1080.581 1915.312   18.275   0.0532   -0.200       4.    1.047   -0.668
    682 1738.519 1701.275   18.275   0.0591   -0.392       4.    1.163    0.623
    683  284.971  431.064   18.276   0.0616   -0.118       4.    1.212    0.413
    684 1490.356 1619.071   18.278   0.0700   -0.644       4.    1.385    1.090
    685 1942.192  378.676   18.280   0.0602   -0.069       6.    1.154    0.271
    686 1121.869  230.254   18.283   0.0600   -0.143       5.    1.164   -0.113
    687  850.495  777.815   18.284   0.0663   -0.157       5.    1.291    1.278
    688 1255.214 1893.701   18.287   0.0629   -0.421       4.    1.019   -0.020
    689 1335.152 1043.826   18.287   0.0663   -0.171       5.    1.275   -0.566
    690 1028.929 1901.317   18.290   0.0538   -0.180       5.    1.038    0.037
    691 1761.503  605.662   18.290   0.0613    0.098       5.    1.184    0.346
    692  910.875  858.402   18.290   0.0596   -0.005       5.    1.156   -0.791
    693  858.064 1704.438   18.291   0.0509    0.173       5.    0.982   -0.006
    694 1556.585 1025.400   18.293   0.0553   -0.313       5.    1.042   -0.471
    695  294.157  682.680   18.294   0.0552   -0.106       5.    1.063   -0.581
    696  304.577  400.277   18.298   0.0570    0.120       5.    1.091   -1.337
    697  147.414 1413.416   18.298   0.0584    0.132       5.    1.120   -0.727
    698  138.771  721.919   18.299   0.0799   -0.402       4.    1.551   -0.147
    699 1362.456  586.116   18.302   0.0489   -0.265       4.    0.930   -0.070
    700  223.075  944.027   18.302   0.0606   -0.414       5.    1.154    0.494
    701 1573.500  752.574   18.305   0.0623   -0.095       4.    1.186    0.438
    702 1343.093 2027.508   18.306   0.0533    0.013       5.    1.018   -0.710
    703  314.947  814.739   18.306   0.0645   -0.351       4.    1.243   -0.964
    704  987.641 1947.895   18.311   0.0617   -0.311       4.    1.179   -0.296
    705 1653.117  179.493   18.313   0.0676    0.520       4.    1.274   -0.866
    706  372.284 1165.661   18.314   0.0578   -0.089       5.    1.091    0.180
    707 1861.939 1944.195   18.319   0.0577   -0.043       5.    1.094    0.327
    708 1342.449 1108.933   18.319   0.0597   -0.230       5.    1.133   -0.310
    709 1545.723 1830.764   18.320   0.0656   -0.209       5.    1.235    0.996
    710 1463.525 1660.634   18.322   0.0712   -0.011       5.    1.330   -1.638
    711 1583.669  762.108   18.323   0.0629   -0.156       5.    1.185   -0.548
    712 1694.270 1611.775   18.323   0.0697   -0.226       5.    1.308    0.268
    713  321.715  486.726   18.325   0.0598   -0.151       5.    1.122    0.355
    714  462.270 1750.827   18.325   0.0613   -0.136       5.    1.153    0.216
    715 1469.473  674.699   18.328   0.0651   -0.087       4.    1.226   -0.949
    716 1322.112  742.627   18.328   0.0639   -0.179       5.    1.191    2.186
    717  547.989 1193.852   18.330   0.0587   -0.093       5.    1.104    0.114
    718 2059.054  289.701   18.331   0.0701    0.177       4.    1.312    0.849
    719 1443.509 1675.518   18.333   0.0692    0.575       5.    1.275   -1.848
    720 1242.731 1684.771   18.334   0.0663   -0.781       4.    1.244   -0.697
    721  826.112 1134.263   18.336   0.0741   -0.251       5.    1.384    3.323
    722 1173.831 1616.374   18.336   0.0662   -0.212       4.    1.234    0.807
    723  385.368  611.957   18.336   0.0645   -0.136       4.    1.207   -0.156
    724  447.314 1064.441   18.337   0.0668   -0.230       5.    1.241   -0.371
    725 1188.974  915.792   18.337   0.0637   -0.103       4.    1.185   -0.131
    726  839.533  711.116   18.337   0.0636   -0.192       5.    1.188    0.379
    727 1195.563 2004.703   18.338   0.0510    0.011       4.    0.948   -0.046
    728 1583.207 1787.033   18.339   0.0723   -0.561       5.    1.356    2.044
    729  988.075  376.163   18.341   0.0664    0.461       4.    1.229   -1.967
    730 1258.563 1736.297   18.345   0.0659   -0.440       5.    1.226   -1.036
    731 1657.734  571.503   18.347   0.0649    0.705       5.    1.191    0.016
    732 1021.755 1465.404   18.350   0.0655   -0.217       5.    1.214   -0.393
    733 1050.087  593.667   18.350   0.0643    0.005       5.    1.186   -0.152
    734  858.320 1234.831   18.350   0.0662   -0.134       6.    1.203   -0.809
    735 1290.265  309.168   18.354   0.0590   -0.150       5.    1.089    0.198
    736 1400.596 1865.110   18.359   0.0615   -0.256       5.    1.129    0.689
    737 1562.412  799.302   18.362   0.0650   -0.269       4.    1.197   -0.154
    738 1076.066 1799.849   18.364   0.0635   -0.038       4.    1.156   -0.510
    739 1827.073 1684.145   18.365   0.0761   -0.175       6.    1.358   -0.499
    740  267.494  546.831   18.365   0.0621   -0.178       5.    1.136   -0.625
    741 1063.924 1262.242   18.366   0.0689   -0.225       4.    1.253   -0.311
    742 1272.150 1128.099   18.369   0.0691   -0.229       5.    1.256   -0.138
    743 1264.259 1613.915   18.371   0.0708   -0.510       5.    1.296   -0.576
    744 1912.634 1134.511   18.371   0.0720   -0.478       5.    1.321   -0.067
    745  922.199 1171.339   18.372   0.0707   -0.092       4.    1.270   -0.183
    746 1681.829  787.916   18.372   0.0649   -0.119       6.    1.180    0.020
    747 1959.351 1310.195   18.372   0.0657   -0.510       5.    1.198    0.962
    748 1842.827 1544.608   18.373   0.0587   -0.239       4.    1.061   -0.284
    749  918.501  718.551   18.374   0.0642   -0.054       5.    1.160    0.512
    750  390.353  492.997   18.374   0.0615   -0.137       5.    1.114   -0.849
    751  797.385  386.048   18.380   0.0722   -0.159       5.    1.308    1.227
    752  714.017 1570.850   18.384   0.0576   -0.369       4.    1.040   -0.220
    753 1747.524  484.240   18.387   0.0669   -0.262       4.    1.197    0.688
    754 1644.789 1379.534   18.387   0.0678   -0.364       5.    1.198   -0.069
    755 1259.610  653.601   18.387   0.0603   -0.154       5.    1.083   -0.308
    756  572.014  769.542   18.390   0.0741   -0.069       5.    1.296   -1.048
    757 1497.303  459.239   18.396   0.0701    0.489       5.    1.239   -0.542
    758  707.115 1124.722   18.400   0.0641   -0.268       4.    1.141   -0.136
    759 1582.535 2047.418   18.401   0.0617    0.059       5.    1.092   -0.730
    760 1319.085  521.579   18.403   0.0650   -0.156       5.    1.124    0.435
    761  239.168 1950.764   18.403   0.0614   -0.266       4.    1.089    1.040
    762 1261.802 1208.774   18.404   0.0648   -0.166       4.    1.150   -0.227
    763  702.236  200.075   18.408   0.0721   -0.124       5.    1.272   -0.101
    764 1943.301  195.463   18.408   0.0644   -0.234       4.    1.137   -0.131
    765 1125.491 1539.913   18.412   0.0684   -0.061       4.    1.201    0.313
    766 1576.489  571.865   18.412   0.0714   -0.327       5.    1.262   -1.081
    767 1728.917 1682.964   18.413   0.0749   -0.510       5.    1.313    0.147
    768 1232.961 1832.369   18.414   0.0633   -0.204       4.    1.115   -0.566
    769 1546.708  926.215   18.415   0.0605    0.006       5.    1.059   -1.028
    770  325.732  656.066   18.415   0.0641   -0.099       5.    1.120   -0.780
    771 1779.324 1303.244   18.415   0.0672    0.491       5.    1.168   -1.230
    772  285.146 1942.016   18.416   0.0571   -0.154       5.    0.999   -0.582
    773  684.168 1010.427   18.419   0.0722   -0.315       4.    1.267    0.024
    774  284.427 1386.425   18.422   0.0621   -0.117       4.    1.083   -0.454
    775 1019.783 1832.019   18.424   0.0598    0.033       4.    1.035   -0.198
    776  435.397  607.616   18.426   0.0642   -0.114       5.    1.116    0.408
    777 1050.974 1870.447   18.429   0.0641   -0.074       5.    1.111   -1.779
    778  253.575  453.765   18.433   0.0640   -0.049       5.    1.102   -0.046
    779  235.439 1453.021   18.435   0.0679   -0.244       5.    1.170   -0.171
    780 1615.123  156.138   18.440   0.0648   -0.064       6.    1.102    0.075
    781  993.120 1806.040   18.440   0.0655    0.129       4.    1.124    1.317
    782 1006.791  735.729   18.441   0.0714   -0.016       5.    1.225   -0.853
    783 1740.158  821.938   18.442   0.0639   -0.042       5.    1.081   -0.544
    784 1592.307 1181.181   18.444   0.0786   -0.207       5.    1.334    1.888
    785 1535.108  989.258   18.445   0.0656   -0.318       5.    1.128    0.060
    786  839.533 1368.433   18.446   0.0721    0.113       5.    1.225    0.805
    787 1556.127 1757.193   18.448   0.0762   -0.284       5.    1.294   -1.108
    788 1189.062 1196.823   18.449   0.0801   -0.197       5.    1.372    0.954
    789 1071.274 1359.691   18.449   0.0719    0.886       5.    1.196   -1.647
    790 1739.433  479.040   18.450   0.0680   -0.249       4.    1.142    0.673
    791  443.882  148.752   18.453   0.0848    0.090       5.    1.431   -1.039
    792 1571.295 1928.697   18.453   0.0621   -0.181       5.    1.055   -0.064
    793 1149.514 1572.791   18.454   0.0778   -0.226       5.    1.317   -0.311
    794 1164.030  611.695   18.455   0.0630    0.064       5.    1.065   -0.542
    795 1036.017 1262.766   18.457   0.0728   -0.160       5.    1.236   -0.312
    796  325.631 1180.882   18.459   0.0692   -0.217       5.    1.179   -0.536
    797  292.533  462.586   18.460   0.0666   -0.392       4.    1.134    1.173
    798  616.656 1125.932   18.463   0.0692    0.305       4.    1.164   -0.330
    799 1765.164  797.919   18.464   0.0692   -0.153       5.    1.168    0.195
    800  716.114  736.511   18.466   0.0947    0.005       4.    1.600   -0.595
    801 1072.838  559.528   18.467   0.0645   -0.012       4.    1.086   -1.654
    802  178.599 1200.989   18.473   0.0669   -0.030       5.    1.119   -0.361
    803 1694.261 2053.843   18.483   0.0774   -0.118       5.    1.292    1.141
    804  547.830 1077.285   18.488   0.0690   -0.274       5.    1.148    0.181
    805  520.657  460.791   18.489   0.0789   -0.238       4.    1.314   -0.136
    806 1041.660 1708.888   18.489   0.0678   -0.140       4.    1.104   -0.631
    807 1448.366  148.252   18.491   0.0774    0.417       4.    1.278   -0.487
    808 1447.870  686.347   18.491   0.0667   -0.256       5.    1.099    0.219
    809  290.863  903.484   18.493   0.0617   -0.355       4.    1.017   -0.422
    810  585.883 1759.412   18.493   0.0770   -0.232       4.    1.274    0.837
    811 1500.481  622.005   18.494   0.0658   -0.162       4.    1.077    0.674
    812  945.205  514.798   18.495   0.0711    0.169       4.    1.167   -2.086
    813  253.167 1230.112   18.500   0.0705   -0.075       5.    1.130   -0.537
    814 1326.566  379.095   18.500   0.0662    0.001       5.    1.082   -1.083
    815 1474.985 1506.789   18.500   0.0789   -0.304       5.    1.290    0.664
    816  809.379 1312.247   18.503   0.0711   -0.066       4.    1.159   -0.257
    817 1004.111 1409.562   18.504   0.0831    1.221       7.    1.325   -2.114
    818 1174.812 1419.327   18.504   0.0808   -0.256       5.    1.319    0.054
    819  408.895  680.234   18.504   0.0716   -0.234       5.    1.175    0.422
    820  454.551 1034.699   18.506   0.0824   -0.174       5.    1.353    0.504
    821  412.873 1767.664   18.511   0.0771    0.038       4.    1.250   -1.679
    822  681.104 1355.244   18.512   0.0677   -0.080       4.    1.102    0.054
    823 1635.243 1373.781   18.515   0.0763   -0.182       5.    1.221   -0.898
    824  457.599  549.739   18.515   0.0687    0.021       5.    1.106   -1.765
    825 1167.978 1221.771   18.516   0.0769   -0.176       4.    1.251   -0.725
    826 1881.210  871.563   18.517   0.0766   -0.122       5.    1.240    0.740
    827 1650.199 1289.425   18.519   0.0700   -0.200       5.    1.132   -0.851
    828  987.453  814.829   18.519   0.0758   -0.136       4.    1.228   -0.649
    829 1284.672 1840.549   18.521   0.0609   -0.423       5.    0.986   -0.767
    830  832.825 1328.539   18.524   0.0743   -0.100       5.    1.175   -0.989
    831 1677.967 1068.697   18.528   0.0662   -0.117       6.    1.042    1.172
    832  955.504 1273.005   18.529   0.0786   -0.166       6.    1.248    1.235
    833 1294.593 1096.157   18.530   0.0713   -0.231       5.    1.143   -0.900
    834 1265.093  973.456   18.531   0.0707   -0.231       5.    1.126   -0.157
    835 1658.697  293.195   18.531   0.0830   -0.142       5.    1.323    0.215
    836 1735.066 1942.375   18.531   0.0783   -0.266       5.    1.248   -1.356
    837  466.695  752.084   18.531   0.0738   -0.424       5.    1.187   -0.944
    838 1663.266 1040.302   18.534   0.0710   -0.049       5.    1.124   -0.492
    839  703.401 1847.141   18.534   0.0688    0.077       7.    1.076    0.370
    840 1188.929 1177.091   18.534   0.0738   -0.251       5.    1.183    0.590
    841 1406.281 1991.141   18.535   0.0686    0.018       4.    1.093   -0.053
    842  210.460 1719.192   18.535   0.0783   -0.083       4.    1.247   -0.513
    843 1927.069 1072.631   18.538   0.0840    0.059       7.    1.329    1.456
    844  793.754  419.280   18.541   0.0846   -0.003       5.    1.328   -0.081
    845  958.631  909.451   18.544   0.0785   -0.041       4.    1.245   -0.421
    846  548.380 1684.413   18.544   0.0757   -0.166       5.    1.091   -1.079
    847  975.109 1666.875   18.545   0.0789   -0.139       5.    1.245    0.412
    848  868.519  326.294   18.553   0.0699   -0.097       5.    1.080   -0.679
    849 1315.112 1631.372   18.554   0.0789    1.470       5.    1.217   -0.894
    850  729.275 1621.576   18.561   0.0656   -0.003       5.    1.023    0.217
    851 1769.702  962.138   18.565   0.0748   -0.097       5.    1.168   -1.039
    852 1174.227  166.702   18.566   0.0777   -0.109       5.    1.212   -0.552
    853 1632.971 1979.008   18.568   0.0668   -0.110       5.    1.038    0.077
    854 1479.203  961.296   18.568   0.0689   -0.024       4.    1.064   -0.010
    855 1531.760  358.105   18.568   0.0819    0.032       5.    1.267   -0.385
    856  334.465 1020.207   18.569   0.0779   -0.100       5.    1.214   -0.959
    857  676.171 1066.831   18.570   0.0812   -0.154       4.    1.263   -0.863
    858  592.041 1454.391   18.571   0.0731   -0.208       5.    1.131   -0.137
    859 1159.347 1209.018   18.577   0.0792   -0.286       5.    1.219   -0.252
    860  824.319 1301.332   18.578   0.0875   -0.239       4.    1.350    2.027
    861  250.488  848.582   18.581   0.0706    0.303       5.    1.070   -0.432
    862 1854.293  227.954   18.582   0.0812   -0.073       5.    1.238    0.014
    863  511.639 1369.704   18.583   0.0794   -0.102       4.    1.216   -0.801
    864  727.450 1163.015   18.585   0.0871    0.051       5.    1.319   -0.207
    865  270.193 1677.030   18.587   0.0710    0.072       5.    1.084   -0.376
    866  542.856 1683.727   18.588   0.0805   -0.198       5.    1.105   -0.645
    867  279.846  866.292   18.590   0.0779   -0.299       5.    1.187    0.733
    868 1510.275 1265.159   18.591   0.0755   -0.323       4.    1.158   -0.699
    869 1053.107  681.164   18.598   0.0743   -0.063       4.    1.128   -0.782
    870 1382.486  650.215   18.601   0.0798   -0.193       4.    1.211   -0.553
    871  895.255 1247.958   18.602   0.0845   -0.200       5.    1.276   -0.651
    872 1829.415 1354.905   18.604   0.0720   -0.054       5.    1.076   -0.830
    873  403.679  632.517   18.605   0.0718   -0.042       4.    1.067   -0.827
    874  765.367 1058.157   18.606   0.0855   -0.235       4.    1.289    0.410
    875  818.585  882.018   18.607   0.0826   -0.204       5.    1.247   -1.186
    876 1459.155  999.897   18.607   0.0800    0.024       5.    1.192    1.799
    877  291.360 1891.427   18.611   0.0799   -0.079       5.    1.171   -0.560
    878  670.825 1870.110   18.611   0.0768   -0.004       4.    1.145   -0.245
    879 1204.668  830.907   18.621   0.0732   -0.060       5.    1.073   -0.421
    880 1885.429  239.605   18.621   0.0821    0.430       4.    1.215   -0.963
    881 1725.714 1993.300   18.627   0.0777   -0.414       5.    1.145   -0.084
    882  400.614  638.552   18.628   0.0772   -0.042       5.    1.117   -1.501
    883 1142.735 1279.877   18.629   0.0880   -0.341       4.    1.298   -0.778
    884  189.791 2008.264   18.630   0.0813    0.486       5.    1.195   -0.798
    885  239.029  750.237   18.630   0.0832    0.621       4.    1.213   -1.576
    886 1260.859  927.215   18.634   0.0817   -0.132       5.    1.198   -0.065
    887  811.218 1869.849   18.637   0.0771   -0.287       4.    1.138   -0.497
    888  274.378 1893.375   18.638   0.0774   -0.043       5.    1.133   -0.705
    889  914.322 1660.264   18.640   0.0763   -0.243       4.    1.118   -0.591
    890  399.812 2003.898   18.642   0.0833   -0.105       5.    1.199   -0.973
    891  326.255 1779.421   18.646   0.0808   -0.161       5.    1.180    0.104
    892  406.940  642.794   18.647   0.0847   -0.052       5.    1.192   -1.610
    893  991.036 1724.837   18.648   0.0697    0.011       5.    1.012    0.032
    894  465.026  846.776   18.651   0.0811   -0.242       5.    1.180   -0.378
    895  509.751 1289.728   18.651   0.0849   -0.042       5.    1.227   -0.262
    896 1705.683 2065.535   18.654   0.0911   -0.006       5.    1.324   -0.767
    897 1984.118 1277.753   18.654   0.0812   -0.294       5.    1.177   -0.121
    898  210.184  885.027   18.657   0.0827   -0.304       5.    1.190   -0.350
    899  488.881 1522.844   18.659   0.0761   -0.037       6.    1.040   -0.780
    900  566.498 1323.537   18.665   0.0735    0.055       5.    1.054   -1.059
    901  894.062 1229.604   18.669   0.0931    0.118       5.    1.334   -0.148
    902 1807.084 1026.189   18.671   0.0898   -0.011       5.    1.278   -1.326
    903 1796.595 1645.887   18.681   0.0863   -0.070       5.    1.226   -1.635
    904  538.498 1692.935   18.681   0.0774   -0.196       5.    1.081   -0.244
    905 2068.089 1022.535   18.682   0.0944    0.113       4.    1.332   -0.685
    906 1752.120 1200.449   18.689   0.0847   -0.055       5.    1.178   -0.731
    907  974.563  288.279   18.690   0.0904    0.220       5.    1.266   -1.421
    908  750.574  585.984   18.692   0.0897    0.053       5.    1.252   -0.939
    909  407.840  196.741   18.696   0.0849    0.062       5.    1.187    0.009
    910 1366.195 1218.367   18.697   0.0884   -0.343       4.    1.238   -0.564
    911  957.583 1295.890   18.699   0.0891   -0.091       6.    1.236   -0.243
    912 1664.494  476.873   18.700   0.0913   -0.141       4.    1.274   -0.114
    913 1903.941 1050.648   18.706   0.0812   -0.044       4.    1.131   -0.245
    914  636.199 1846.078   18.708   0.0855    0.056       5.    1.184   -0.554
    915 1782.059  350.111   18.711   0.0840   -0.206       5.    1.161    0.498
    916  919.647  767.792   18.714   0.0901   -0.229       5.    1.243   -0.132
    917  496.500 1770.331   18.715   0.0921    0.026       5.    1.266   -0.639
    918 1321.240  637.749   18.716   0.0755   -0.232       4.    1.040   -1.318
    919 1167.502 1735.841   18.717   0.0775   -0.407       5.    1.069   -1.596
    920 1144.733 1090.797   18.719   0.0811    0.024       4.    1.101   -1.450
    921  392.780  705.881   18.724   0.0875   -0.088       5.    1.191   -0.669
    922  977.395  632.771   18.726   0.0879   -0.042       4.    1.198   -0.236
    923 1380.075 1102.746   18.728   0.0793   -0.449       4.    1.071   -0.651
    924  935.775 1662.603   18.732   0.0723   -0.254       5.    0.983   -0.398
    925  713.285  603.901   18.735   0.0922   -0.261       4.    1.250   -0.016
    926 1433.120  206.175   18.739   0.0870    0.212       4.    1.162   -0.441
    927  578.553  673.873   18.744   0.0974   -0.152       5.    1.302   -1.230
    928  721.802  518.603   18.748   0.0921    0.809       4.    1.222   -0.380
    929  507.639 1685.458   18.749   0.0837   -0.208       6.    1.121   -0.424
    930  497.431 1420.211   18.751   0.0874   -0.288       5.    1.174   -0.660
    931 1806.228 1367.456   18.752   0.0931   -0.080       5.    1.249   -0.406
    932 1160.331 1406.558   18.753   0.0924   -0.209       5.    1.242   -1.235
    933 1234.945  261.570   18.755   0.0797   -0.305       5.    1.060   -2.132
    934 1816.368  235.511   18.758   0.0972   -0.060       4.    1.295   -1.545
    935 1305.966  708.568   18.760   0.0905   -0.125       5.    1.203   -0.324
    936  847.794  981.354   18.761   0.0921   -0.087       5.    1.220   -0.705
    937  748.231  982.682   18.762   0.0916   -0.144       5.    1.215   -0.013
    938  319.383 1213.990   18.766   0.0862   -0.136       5.    1.136   -1.124
    939 1405.041 1469.586   18.767   0.0939   -0.159       5.    1.234   -1.173
    940  350.139 1315.215   18.767   0.0889    0.268       5.    1.164   -0.926
    941  158.886  613.328   18.771   0.0999   -0.377       5.    1.323   -0.308
    942 1431.454  456.459   18.775   0.0888   -0.099       5.    1.169   -1.450
    943 2003.141 1931.185   18.783   0.1043   -0.090       4.    1.360    0.311
    944 2058.675 1689.126   18.792   0.1191   -0.152       5.    1.552    0.423
    945 1002.117  989.581   18.796   0.0922   -0.167       5.    1.157   -1.254
    946 1152.152 1444.705   18.803   0.1027   -0.106       5.    1.301   -2.605
    947  235.305  564.185   18.806   0.0922   -0.096       5.    1.175   -0.024
    948  577.800  736.309   18.808   0.0962   -0.030       4.    1.231   -0.841
    949  252.665  889.803   18.814   0.0926   -0.154       5.    1.172   -1.255
    950 1830.707  461.017   18.817   0.1005   -0.160       4.    1.279   -0.729
    951 1074.487 1977.722   18.820   0.0863   -0.175       5.    1.094    0.261
    952 1109.604  988.488   18.828   0.1022   -0.142       5.    1.286   -0.659
    953  341.036  192.280   18.841   0.0903   -0.070       5.    1.112   -0.837
    954 1331.494  497.278   18.844   0.0964   -0.038       4.    1.196   -0.342
    955 1813.874  737.672   18.846   0.1062    0.014       5.    1.272   -1.932
    956 1585.757  722.156   18.847   0.0897   -0.069       5.    1.100   -0.300
    957  937.182  485.435   18.848   0.1010   -0.127       5.    1.246   -0.781
    958  390.989 1100.173   18.850   0.0894   -0.260       5.    1.088   -1.156
    959 1369.199 1249.473   18.856   0.1028   -0.200       5.    1.266   -1.382
    960  901.450 1835.403   18.857   0.0828    0.138       4.    1.006   -0.232
    961 1073.134 1319.605   18.861   0.1040    0.384       5.    1.250   -1.564
    962  656.255  524.445   18.861   0.1177    0.158       5.    1.418   -2.247
    963  634.060  549.078   18.872   0.1145   -0.206       5.    1.394   -2.818
    964 1407.397  580.738   18.874   0.1001   -0.025       4.    1.203   -0.097
    965 1088.663 1662.868   18.877   0.0979   -0.104       5.    1.159   -1.986
    966  888.363 1072.800   18.879   0.1079   -0.322       5.    1.307   -1.640
    967 1044.910 1028.701   18.880   0.0981   -0.292       5.    1.180   -0.903
    968 1843.905 2041.248   18.886   0.1025   -0.208       4.    1.233   -1.671
    969  760.439  858.135   18.886   0.1167    0.070       5.    1.398   -1.791
    970 1235.713 1611.185   18.887   0.1017   -0.454       5.    1.221   -0.887
    971 1737.187  143.172   18.898   0.1063   -0.324       6.    1.266    0.669
    972  854.531  557.727   18.899   0.1002   -0.049       5.    1.185   -1.910
    973 2001.805  728.014   18.901   0.1078   -0.184       5.    1.269   -1.207
    974  204.919  489.826   18.905   0.0951   -0.063       5.    1.119   -0.667
    975  158.481  742.224   18.906   0.1072   -0.188       4.    1.260   -2.603
    976 1072.481  341.105   18.907   0.1022    0.671       5.    1.192   -2.467
    977 1284.021 1101.942   18.909   0.0965   -0.300       5.    1.132   -0.755
    978  406.961 1017.089   18.916   0.1052   -0.059       4.    1.233   -0.538
    979 1301.819 1673.312   18.919   0.1252    1.423       6.    1.416   -1.827
    980  432.084 1192.604   18.922   0.0970    0.095       5.    1.122   -2.135
    981 1258.451 1897.366   18.922   0.0871   -0.384       6.    0.969   -1.424
    982 1410.191 1168.483   18.923   0.1038   -0.089       4.    1.210   -1.782
    983  839.285 1193.223   18.932   0.1154   -0.063       5.    1.332   -0.826
    984 1092.629  143.791   18.932   0.1205    0.110       5.    1.382   -0.358
    985  773.965 1003.314   18.942   0.1089   -0.050       6.    1.217   -0.475
    986  832.684 1243.887   18.945   0.1130   -0.120       5.    1.285   -1.643
    987  430.639 1857.338   18.956   0.1068   -0.286       5.    1.213   -0.793
    988  318.118 1879.557   18.966   0.1040   -0.153       4.    1.162   -0.906
    989  514.599 1480.808   18.987   0.1072   -0.212       5.    1.170   -1.621
    990 1377.405  612.416   18.998   0.1069   -0.328       5.    1.158    1.041
    991 1331.457 1037.089   19.018   0.1111   -0.126       5.    1.177   -1.552
    992 1536.082 1416.742   19.021   0.1120   -0.210       5.    1.198   -2.306
    993  262.741 1527.080   19.028   0.1079   -0.097       5.    1.148   -1.694
    994  260.371 1381.290   19.028   0.1061   -0.261       5.    1.126   -1.420
    995 1883.609 1601.495   19.034   0.1147    0.004       5.    1.213   -2.177
    996  579.114  398.749   19.039   0.1392    0.394       5.    1.456   -2.057
    997  982.815 1461.322   19.045   0.1241   -0.482       5.    1.286   -2.225
    998  494.621 1388.953   19.057   0.1236   -0.049       6.    1.244   -2.411
    999 1434.518  898.918   19.063   0.1112   -0.023       5.    1.139   -1.570
   1000  151.623  466.983   19.097   0.1307   -0.115       4.    1.318   -3.632
   1001 1716.696 1080.484   19.098   0.1085   -0.028       5.    1.062   -2.985
   1002  453.081 2015.946   19.197   0.1280    0.009       6.    1.175   -2.941
   1003 1175.633 1200.058   19.198   0.1426   -0.086       7.    1.282   -3.968
   1004  492.612 1748.150   19.221   0.1383   -0.148       5.    1.238   -1.001
   1005 1630.157  176.721   19.306   0.1342    0.309       6.    1.091   -4.121
   1006  742.141 1051.624   19.536   0.1939   -0.257       5.    1.345   -2.490
   1007  500.828  157.051   19.595   0.2126   -0.163       5.    1.373   -4.030
   1008 1334.837 1592.533   19.721   0.2404    0.998       6.    1.369   -5.980
