 NL    NX    NY  LOWBAD HIGHBAD  THRESH     AP1  PH/ADU  RNOISE    FRAD
  1  2206  2203   -44.2 30000.0   9.200   4.000   4.500   2.440  10.000
 
      1 1018.359  552.959    9.847   0.0022    5.176       6.    2.507    0.289
      2  215.502 2042.094   10.461   0.0029    2.716       4.    2.856    0.709
      3  956.067 1893.415   10.882   0.0028    1.892       6.    2.455    0.575
      4 1510.928  811.146   11.085   0.0020    3.044       4.    1.666    0.374
      5 1204.440 1360.428   11.361   0.0010    0.931       4.    0.781    0.109
      6 1828.494  125.106   11.392   0.0033    0.710      21.    2.505   -0.008
      7 1515.989  790.507   11.436   0.0022    4.776       6.    1.535    0.380
      8  416.911  385.480   11.525   0.0022    0.976       8.    1.459    0.336
      9 1605.589 2025.927   11.595   0.0044    0.735       4.    3.086    0.917
     10  332.078 1838.130   11.606   0.0016    0.523       4.    1.159    0.240
     11 1561.528 1180.320   11.628   0.0011    0.642       4.    0.777    0.243
     12 1659.055  143.482   11.932   0.0032    0.842       6.    1.989   -0.054
     13 1543.389  791.753   12.114   0.0023    2.637       5.    1.342    0.494
     14  485.147  863.196   12.121   0.0017    0.253       4.    0.986    0.176
     15  635.324 1041.110   12.174   0.0015    0.311       4.    0.853    0.165
     16  461.682 1487.737   12.280   0.0017    0.692       4.    0.904   -0.003
     17 1121.212 1144.231   12.285   0.0015    0.189       4.    0.825    0.170
     18  205.140  158.278   12.303   0.0029    0.304       7.    1.505    0.379
     19  507.604  563.102   12.345   0.0020    0.396       7.    1.043    0.314
     20 1566.759  993.736   12.455   0.0016    0.273       4.    0.796    0.290
     21 1252.908  222.406   12.474   0.0030    0.072       4.    1.531    0.482
     22 1004.458 1494.546   12.737   0.0020    0.464       4.    0.922    0.295
     23 1863.323 1830.404   12.814   0.0041    0.197       6.    1.758    1.002
     24 1366.353 1118.396   13.029   0.0029    1.356       6.    1.132    0.589
     25 1647.392  642.558   13.153   0.0027    0.267       4.    1.007    0.245
     26  219.786  377.452   13.176   0.0032    0.145       5.    1.178    0.495
     27 1516.375  611.089   13.293   0.0030    0.022       5.    1.057    0.448
     28  138.590 2034.876   13.306   0.0033    0.231       6.    1.153    0.389
     29 1937.877  285.959   13.355   0.0037    0.141       4.    1.244    0.557
     30  503.669 1502.781   13.359   0.0024    0.568       5.    0.804    0.040
     31 1382.605  413.438   13.379   0.0033   -0.008       4.    1.108    0.302
     32 1579.864  291.898   13.486   0.0039    0.655       5.    1.251    0.524
     33  719.883  819.416   13.487   0.0028    0.106       4.    0.885    0.197
     34  448.985  959.945   13.546   0.0032   -0.557       4.    1.002    0.303
     35 1004.638 1853.482   13.718   0.0037    0.852       5.    1.060    0.454
     36 1992.030 1330.732   13.735   0.0039    0.664       5.    1.109    0.549
     37 1193.197 1210.280   13.877   0.0038   -0.054       5.    0.998    0.305
     38 1236.501 1034.950   13.929   0.0042    0.120       4.    1.088    0.170
     39 1656.114 1477.690   13.953   0.0045    0.094       5.    1.138    0.789
     40 1848.692  399.773   13.972   0.0043    0.149       4.    1.087    0.295
     41 1883.187  141.877   14.138   0.0063    0.705       5.    1.463    0.128
     42 1425.273 1912.334   14.171   0.0140    0.296       6.    3.178    4.067
     43 1375.939  360.904   14.171   0.0051   -0.097       5.    1.148    0.232
     44 1466.560 1746.429   14.276   0.0060   -0.062       5.    1.286    0.513
     45  375.022 1590.258   14.347   0.0046   -0.330       5.    0.938   -0.005
     46  916.190  141.264   14.348   0.0069   -0.089       5.    1.426    0.234
     47 1120.512  170.233   14.377   0.0060   -0.298       5.    1.233    0.456
     48 1604.913 1487.234   14.381   0.0051   -0.108       5.    1.037    0.705
     49 1458.744 1294.733   14.395   0.0056    0.124       5.    1.117    0.264
     50  385.806 1895.125   14.395   0.0057   -0.380       6.    1.151    1.022
     51  657.037  910.772   14.438   0.0045   -0.369       4.    0.880    0.019
     52 1676.561  449.155   14.454   0.0056    0.026       5.    1.096    0.345
     53 1115.653 1013.950   14.476   0.0097    0.027       5.    1.871    1.354
     54  762.063 1585.274   14.504   0.0063   -0.001       5.    1.189    0.468
     55  769.866 1362.523   14.515   0.0060    0.397       5.    1.139   -0.200
     56  658.765 1515.531   14.517   0.0066   -0.304       6.    1.248    0.516
     57 1904.082 1795.338   14.568   0.0074    0.101       5.    1.341    1.316
     58 1073.589  229.319   14.585   0.0066   -0.195       5.    1.196    0.204
     59 1095.244  601.502   14.588   0.0074   -0.499       5.    1.111    0.674
     60 1814.762 1698.846   14.599   0.0067   -0.108       5.    1.206    0.694
     61 1203.554 1955.755   14.667   0.0071   -0.262       5.    1.239    0.558
     62 1003.022 1422.441   14.676   0.0278   -0.054      11.    4.780    6.794
     63 1766.054 1523.078   14.723   0.0071   -0.174       4.    1.187    0.636
     64 1598.654 1959.580   14.742   0.0088   -0.122       5.    1.469    1.211
     65  364.316 1529.335   14.748   0.0067   -0.229       5.    1.109    0.232
     66 1427.502 1850.582   14.751   0.0075   -0.277       5.    1.237    1.136
     67  152.788  435.071   14.767   0.0240   -0.063       5.    3.942    7.018
     68  537.055 1526.506   14.787   0.0066   -0.107       5.    1.075   -0.334
     69 1096.392  609.951   14.803   0.0090   -0.439       5.    1.183    0.019
     70  318.879 1780.116   14.829   0.0066   -0.000       5.    1.040   -0.078
     71 1344.850 1600.209   14.834   0.0074   -0.003       5.    1.161    0.238
     72  486.493  495.643   14.869   0.0085   -0.096       5.    1.319   -0.116
     73  738.728 1517.028   14.902   0.0088    0.111       5.    1.339    0.221
     74 1315.740  250.770   14.911   0.0079   -0.503       5.    1.196    0.768
     75 1546.660 1030.462   14.916   0.0076   -0.020       5.    1.147   -0.338
     76 1471.340 1090.905   14.921   0.0080   -0.195       5.    1.205    0.768
     77 1343.742 1116.006   14.937   0.0434    1.003       6.    6.466   13.279
     78  571.632 1188.685   14.942   0.0074   -0.357       5.    1.096    0.433
     79  201.894 1162.613   14.945   0.0089   -0.140       5.    1.319    0.270
     80  845.849 2066.702   14.966   0.0093   -0.388       5.    1.358    0.993
     81 1397.913 1080.573   14.973   0.0082    0.164       5.    1.188    0.504
     82  590.664  683.035   14.978   0.0076   -0.362       5.    1.107   -0.026
     83 1538.139 1248.298   14.994   0.0084   -0.034       6.    1.193   -0.207
     84 1414.580  195.867   15.012   0.0091    0.005       5.    1.289   -0.109
     85 1630.571 1561.377   15.035   0.0088   -0.147       4.    1.244    1.252
     86 1849.808 1494.824   15.064   0.0089   -0.369       4.    1.239    0.792
     87  536.053  929.285   15.071   0.0087   -0.398       5.    1.196   -0.560
     88 1226.362 1913.690   15.075   0.0095    0.039       5.    1.295    0.810
     89  888.967  620.409   15.085   0.0094   -0.563       6.    1.289    0.636
     90  421.003 1333.278   15.094   0.0080   -0.098       4.    1.075    0.247
     91 1840.626  642.050   15.105   0.0087   -0.162       5.    1.170    0.042
     92 1892.229 1503.006   15.108   0.0086   -0.253       5.    1.155    0.245
     93  184.882 1563.095   15.117   0.0102   -0.467       5.    1.376    1.065
     94 1159.009  773.394   15.119   0.0109   -0.172       5.    1.458   -0.228
     95  339.680 1610.529   15.179   0.0090   -0.373       4.    1.158    0.512
     96  732.151 1978.051   15.190   0.0087    0.046       5.    1.119    0.258
     97  425.407 1158.875   15.211   0.0092    0.128       5.    1.155   -0.445
     98  407.638 1335.411   15.227   0.0112   -0.293       6.    1.360    1.365
     99 1497.917  540.644   15.259   0.0104   -0.155       5.    1.276   -0.098
    100  478.768  780.425   15.264   0.0121   -0.296       5.    1.488    0.465
    101  232.979 1430.757   15.280   0.0101    0.025       4.    1.226   -0.035
    102  593.439  852.627   15.284   0.0095    0.002       5.    1.152    0.183
    103 1702.954  492.972   15.286   0.0107    0.111       5.    1.284    0.121
    104 1206.857 1186.146   15.308   0.0116    0.149       5.    1.388   -0.009
    105  144.355  860.504   15.315   0.0136   -0.270       5.    1.622    0.855
    106 1954.039 1496.960   15.322   0.0111   -0.023       5.    1.310    0.139
    107 1627.984 1272.718   15.322   0.0102   -0.009       5.    1.209    0.031
    108  210.792 1230.615   15.330   0.0104   -0.385       5.    1.169   -0.113
    109  921.692  915.982   15.342   0.0120    0.277       5.    1.404   -0.299
    110  256.601  453.762   15.345   0.0105   -0.406       5.    1.233    0.083
    111 2032.314  467.912   15.347   0.0115   -0.302       5.    1.336    0.762
    112 1404.254  652.474   15.355   0.0110   -0.176       5.    1.277    0.553
    113  216.781 1522.970   15.358   0.0108   -0.303       5.    1.247    0.178
    114 1516.325  230.896   15.359   0.0121   -0.020       5.    1.400    0.124
    115 1095.970  683.086   15.361   0.0125   -0.261       5.    1.452    0.298
    116 1596.699  235.510   15.371   0.0123   -0.127       5.    1.415    0.352
    117 1027.602  533.883   15.372   0.0355    4.190      12.    3.499    8.119
    118  853.286  567.409   15.376   0.0107   -0.379       5.    1.224    0.302
    119  265.883 1121.696   15.379   0.0126   -0.336       5.    1.443    0.197
    120 1104.745 1117.435   15.380   0.0119    0.232       4.    1.358    0.156
    121  312.566  397.691   15.380   0.0103   -0.390       5.    1.180   -0.115
    122 1582.227  877.639   15.386   0.0118   -0.517       6.    1.336    0.174
    123 1096.359  891.762   15.388   0.0120   -0.241       5.    1.370   -0.364
    124 1459.951 1824.088   15.389   0.0117   -0.259       5.    1.326    0.157
    125  262.878  801.630   15.403   0.0124   -0.367       5.    1.402    0.217
    126  949.837 1734.637   15.408   0.0117   -0.505       5.    1.311    1.067
    127 1767.392 1095.686   15.412   0.0111   -0.272       5.    1.240    0.459
    128 1488.115 1412.619   15.421   0.0108   -0.127       5.    1.031    0.502
    129 1546.624  277.671   15.435   0.0123    0.047       5.    1.361    0.941
    130  238.818 1468.911   15.437   0.0232    0.097       5.    2.560    6.552
    131 1190.553 1748.927   15.438   0.0133    0.190       5.    1.460    0.105
    132 1546.455 1138.047   15.439   0.0113    0.795       5.    1.229    0.099
    133  720.919  845.227   15.440   0.0105   -0.120       5.    1.156    0.719
    134 1174.064 1878.116   15.442   0.0113    0.030       5.    1.244    0.747
    135  353.426  280.014   15.442   0.0124   -0.211       5.    1.363   -0.431
    136  943.213 1480.105   15.447   0.0129   -0.101       5.    1.417   -0.211
    137 1582.506 1810.396   15.448   0.0121   -0.314       5.    1.333    0.043
    138  547.778 1009.606   15.452   0.0096   -0.176       5.    1.048   -0.469
    139  775.065 1124.577   15.458   0.0116   -0.290       5.    1.266    0.161
    140  480.957 1703.892   15.461   0.0134   -0.338       5.    1.454    0.204
    141 1789.504 1041.130   15.462   0.0117   -0.011       5.    1.270    0.031
    142  775.161  220.141   15.462   0.0155   -0.011       5.    1.679   -0.329
    143 1313.669 1362.773   15.463   0.0115   -0.105       5.    1.250   -0.499
    144 1863.480  962.109   15.464   0.0126   -0.290       5.    1.370    0.133
    145  457.017  841.787   15.466   0.0126    0.326       5.    1.365    0.526
    146  569.169  245.405   15.467   0.0121   -0.480       5.    1.307    0.728
    147  265.060  602.106   15.472   0.0117   -0.056       5.    1.256    0.594
    148  573.598 1510.807   15.475   0.0120   -0.489       5.    1.292    0.000
    149 1810.068 1817.824   15.483   0.0120   -0.025       5.    1.280    0.688
    150  727.785  141.973   15.486   0.0156   -0.020       4.    1.671    0.938
    151 1560.824 1126.553   15.487   0.0112    0.503       5.    1.189   -0.154
    152  618.763 1252.400   15.489   0.0110   -0.224       5.    1.177    0.241
    153  557.580 2001.599   15.489   0.0106   -0.179       5.    1.126   -0.167
    154 1858.234 1264.937   15.490   0.0123   -0.453       4.    1.313    0.423
    155  678.777 1473.045   15.491   0.0127   -0.141       5.    1.358    0.158
    156 1070.945 1722.284   15.492   0.0130   -0.323       5.    1.390   -0.090
    157  997.828  999.394   15.497   0.0142    0.068       5.    1.508    0.352
    158 1802.185 1659.323   15.497   0.0115    0.004       5.    1.214    0.358
    159 1872.032  608.034   15.502   0.0127   -0.271       5.    1.345    0.557
    160 1743.073  637.714   15.503   0.0120    0.252       5.    1.266   -0.529
    161  923.178 1607.718   15.506   0.0130   -0.048       5.    1.369    0.233
    162  774.111  850.708   15.506   0.0127   -0.000       5.    1.341    0.010
    163 1762.526  967.959   15.508   0.0123   -0.213       5.    1.302    0.546
    164  374.938 1878.141   15.508   0.0109    0.238       5.    1.140   -0.418
    165 1465.280  147.499   15.508   0.0138    0.112       5.    1.452    0.223
    166  213.548  214.895   15.511   0.0156   -0.044       4.    1.651    0.594
    167  547.684 1353.623   15.522   0.0130   -0.167       5.    1.360   -0.594
    168 1736.044  879.210   15.524   0.0141    0.036       5.    1.476    0.541
    169 1679.579 1602.166   15.528   0.0120   -0.184       5.    1.247    0.437
    170 1170.097 1997.115   15.530   0.0124   -0.121       5.    1.275    0.897
    171  621.025 1368.046   15.530   0.0123   -0.286       5.    1.281    0.507
    172 1646.774 1896.637   15.534   0.0137   -0.341       5.    1.426    0.618
    173 1051.415 1028.848   15.534   0.0142   -0.216       5.    1.478    0.706
    174  709.051 1562.276   15.535   0.0142   -0.028       6.    1.477    0.389
    175 1386.975 1827.076   15.536   0.0125   -0.194       4.    1.302    0.681
    176  441.154 1745.017   15.540   0.0122   -0.537       4.    1.266    0.114
    177 1475.904  584.509   15.545   0.0143    0.193       5.    1.466    0.303
    178  587.937 1210.938   15.547   0.0112   -0.479       4.    1.156    0.815
    179 1135.776 2032.482   15.548   0.0136   -0.142       5.    1.402    1.500
    180 2059.358  304.198   15.552   0.0144   -0.085       5.    1.479    0.677
    181 1626.022 1884.916   15.553   0.0132   -0.563       5.    1.356    1.521
    182 1866.510  997.716   15.555   0.0137   -0.327       5.    1.405    0.648
    183 1490.618  211.227   15.558   0.0145   -0.106       5.    1.481    0.919
    184 2068.559 1102.700   15.559   0.0163    0.175       5.    1.668    0.257
    185 1632.255 1711.151   15.562   0.0136   -0.070       5.    1.392    1.756
    186  949.228  279.072   15.562   0.0147   -0.064       4.    1.501   -0.006
    187 1247.438  988.121   15.563   0.0143    0.550       5.    1.451   -0.776
    188 2029.370 1327.680   15.564   0.0135    0.394       5.    1.375    0.201
    189  446.487 1906.011   15.565   0.0123   -0.685       5.    1.251    0.574
    190 1365.872  680.659   15.570   0.0143   -0.006       5.    1.447   -0.483
    191 1248.915  150.139   15.578   0.0137    0.092       5.    1.389   -0.740
    192 1544.464 1693.350   15.582   0.0156   -0.275       5.    1.577    1.682
    193  136.594 1187.371   15.584   0.0156    0.067       4.    1.570   -0.122
    194  386.804  407.881   15.588   0.0134    0.777       5.    1.334    1.812
    195 1057.006  327.931   15.591   0.0125   -0.185       4.    1.257   -0.142
    196  916.386  342.177   15.601   0.0124   -0.196       5.    1.231    0.320
    197 1332.650  191.162   15.602   0.0127   -0.051       5.    1.262   -0.159
    198  627.248  801.725   15.603   0.0112   -0.256       5.    1.112   -0.218
    199  827.942  584.374   15.611   0.0132   -0.310       5.    1.296   -0.457
    200 2057.220  578.013   15.615   0.0151    0.032       5.    1.488    1.021
    201 1930.928 1354.729   15.625   0.0137   -0.078       5.    1.338    0.355
    202  239.588 1746.265   15.628   0.0136   -0.325       5.    1.328    0.170
    203  346.751  303.436   15.628   0.0146   -0.218       5.    1.429    1.275
    204  683.295 1943.309   15.633   0.0138   -0.273       5.    1.345    0.838
    205  256.256  636.961   15.635   0.0139    0.184       5.    1.354   -0.117
    206 1035.755  540.468   15.635   0.0441    3.852      12.    3.612   10.063
    207  644.679  546.428   15.636   0.0143   -0.059       5.    1.390   -0.109
    208 1397.134  519.377   15.637   0.0144   -0.056       5.    1.396   -0.328
    209  420.109 1935.875   15.645   0.0118    0.069       5.    1.141   -0.302
    210 1418.814  412.771   15.649   0.0152    0.180       5.    1.465    1.732
    211 1984.035 1471.459   15.653   0.0136    0.038       5.    1.298    0.441
    212  325.947  214.807   15.659   0.0147   -0.406       5.    1.415    0.196
    213  340.970  193.946   15.664   0.0154   -0.220       5.    1.475   -0.005
    214  961.500 1186.219   15.666   0.0159   -0.273       6.    1.528   -1.022
    215 1968.702 1340.202   15.667   0.0137    0.292       5.    1.301   -0.663
    216  448.258  667.395   15.667   0.0154    0.027       4.    1.466   -0.196
    217  939.874  957.026   15.671   0.0141   -0.074       5.    1.340   -0.276
    218 2006.589 1026.733   15.671   0.0167    0.054       5.    1.585    0.325
    219  509.824 1799.051   15.676   0.0140   -0.145       5.    1.321   -0.281
    220 1200.427 1005.302   15.679   0.0175   -0.066       5.    1.658    0.956
    221 1458.866 1684.868   15.680   0.0148   -0.267       5.    1.399    0.590
    222  182.144  302.665   15.705   0.0151   -0.569       5.    1.407    0.945
    223 1483.153 1419.522   15.705   0.0131   -0.081       5.    1.029    0.341
    224 2049.508  812.032   15.715   0.0184   -0.194       5.    1.709    1.353
    225 1491.706  185.163   15.718   0.0151   -0.064       5.    1.392   -0.022
    226  427.537 1861.717   15.720   0.0133   -0.211       5.    1.222   -0.303
    227 1237.749 1894.088   15.721   0.0138    0.172       5.    1.263    0.425
    228  202.664 1764.497   15.722   0.0135    0.296       5.    1.243   -1.067
    229 1926.551 1985.819   15.724   0.0166   -0.218       5.    1.524    1.004
    230 1539.713 1180.162   15.729   0.0179    1.524       6.    1.602    3.129
    231 1982.027 2004.822   15.730   0.0162   -0.344       5.    1.492    1.088
    232 1217.442 2048.839   15.736   0.0154   -0.441       5.    1.413   -0.097
    233 1191.746 1576.268   15.748   0.0150   -0.102       5.    1.359   -0.070
    234 1485.193 1922.597   15.749   0.0156    0.171       5.    1.413    0.295
    235 1945.389 1748.069   15.755   0.0154    0.005       4.    1.384    1.350
    236 1607.913  884.957   15.767   0.0151   -0.079       4.    1.348   -0.368
    237 1690.190  637.986   15.767   0.0144    0.220       5.    1.243   -0.062
    238 1138.130 1708.134   15.787   0.0158   -0.101       5.    1.400   -0.290
    239  759.660  887.950   15.787   0.0149    0.190       5.    1.311    0.052
    240 1022.466 1062.321   15.788   0.0181   -0.082       5.    1.593   -0.795
    241 1000.432 1402.769   15.802   0.0171   -0.362       5.    1.493    0.371
    242  331.780 1691.803   15.820   0.0140   -0.270       5.    1.211    0.088
    243 1518.691  212.855   15.835   0.0167   -0.314       5.    1.422    1.346
    244  361.614  598.947   15.837   0.0176   -0.179       5.    1.502   -0.727
    245  483.073 1297.253   15.840   0.0134   -0.042       5.    1.138   -0.851
    246  260.946  940.436   15.842   0.0169   -0.305       5.    1.439    0.394
    247  736.837 1556.119   15.842   0.0172    0.166       4.    1.387    0.459
    248 1255.606  434.964   15.847   0.0176    0.072       4.    1.493   -0.473
    249 1341.288  284.893   15.851   0.0175   -0.476       5.    1.491    0.907
    250  915.096  498.567   15.855   0.0162   -0.335       5.    1.368   -0.640
    251 1002.136  564.332   15.866   0.0647    3.031      45.    4.344   15.579
    252 1096.218 1969.060   15.873   0.0170   -0.360       5.    1.410    0.246
    253 1897.618  325.337   15.873   0.0154   -0.045       5.    1.283    0.266
    254  447.148  751.716   15.875   0.0203   -0.148       5.    1.695    0.036
    255  731.270  638.728   15.897   0.0158    0.229       5.    1.293    0.222
    256  469.513 1505.853   15.903   0.0163    1.112       6.    1.261    0.983
    257 1085.675 1546.971   15.911   0.0218   -0.435       6.    1.781    2.358
    258 1790.638  643.065   15.916   0.0231    0.046       6.    1.864    3.522
    259 1716.128  442.728   15.938   0.0223    0.057       6.    1.782    2.835
    260  696.140 1280.177   15.939   0.0188   -0.259       5.    1.501    0.776
    261  242.409 1066.353   15.940   0.0176    0.010       5.    1.397    0.320
    262 1536.650 1533.295   15.957   0.0167    0.034       5.    1.314    0.630
    263  388.844 1729.521   15.961   0.0152   -0.246       5.    1.190   -0.599
    264 1763.380  225.388   15.961   0.0178   -0.262       4.    1.403   -0.258
    265 1729.528 1343.972   15.970   0.0172   -0.146       5.    1.339    0.334
    266  234.430  285.007   15.977   0.0208   -0.114       5.    1.625    1.266
    267 1630.790 1740.412   15.978   0.0220   -0.161       6.    1.711    2.993
    268  604.334  698.588   16.008   0.0182    0.052       5.    1.356    0.184
    269  179.120 1152.133   16.008   0.0199    0.146       5.    1.513   -0.840
    270 1004.755 1622.805   16.016   0.0200   -0.359       5.    1.519    0.418
    271 1006.558  318.023   16.020   0.0169   -0.458       5.    1.271    0.506
    272  821.029  924.522   16.040   0.0191   -0.224       5.    1.425   -0.355
    273 1276.516 2054.183   16.042   0.0199   -0.125       4.    1.485   -0.556
    274 2009.423  858.992   16.059   0.0210   -0.568       5.    1.554    1.282
    275  823.635  533.301   16.068   0.0185   -0.400       6.    1.358    0.431
    276 1763.047 1616.041   16.074   0.0186   -0.246       5.    1.359   -0.343
    277 1330.106 1261.321   16.089   0.0191   -0.326       5.    1.380    0.161
    278  791.418 1824.923   16.098   0.0189   -0.058       4.    1.359    0.103
    279 2008.878  773.041   16.104   0.0218   -0.099       5.    1.560   -0.715
    280 2047.779  953.123   16.116   0.0255   -0.001       5.    1.807   -0.783
    281 1294.479 1238.267   16.122   0.0217    0.008       5.    1.530   -0.699
    282 1180.561  745.151   16.129   0.0226    0.063       5.    1.575   -1.300
    283  179.942  244.187   16.138   0.0220   -0.409       5.    1.536   -0.512
    284  306.095 1628.044   16.144   0.0189   -0.037       5.    1.310   -0.972
    285 1688.874  760.793   16.144   0.0201   -0.193       5.    1.389    0.086
    286 1968.578 1791.111   16.159   0.0207   -0.171       5.    1.422   -0.273
    287  492.684  767.358   16.163   0.0225   -0.116       5.    1.534   -0.593
    288  827.574  459.449   16.170   0.0209   -0.220       5.    1.429   -0.355
    289  986.537  661.227   16.174   0.0210   -0.312       5.    1.415   -1.347
    290  544.453  233.451   16.175   0.0186   -0.281       5.    1.259    0.189
    291  821.579 1104.686   16.176   0.0247    0.013       5.    1.676   -0.142
    292  940.116  473.505   16.182   0.0195   -0.671       5.    1.325   -1.241
    293  807.705 1539.064   16.188   0.0226   -0.350       5.    1.532   -1.525
    294  424.742 1382.122   16.194   0.0191   -0.269       5.    1.280   -0.098
    295  803.795  532.385   16.196   0.0199    0.082       4.    1.334   -0.148
    296  533.053 1011.647   16.205   0.0171   -0.021       5.    1.126   -0.681
    297 1862.837 1398.742   16.238   0.0211    0.300       5.    1.371    0.322
    298 1467.290 1762.664   16.241   0.0231   -0.152       5.    1.484    1.942
    299 1114.481 1130.930   16.245   0.0267    0.504       6.    1.355    2.602
    300  807.285 1772.236   16.261   0.0222   -0.267       5.    1.424    0.242
    301 1742.354  903.963   16.274   0.0245    0.093       4.    1.552   -1.414
    302 1217.793  282.136   16.274   0.0218    0.022       4.    1.383   -0.637
    303  291.087  667.385   16.279   0.0308   -0.345       5.    1.934    6.796
    304 2056.149  748.397   16.281   0.0291    0.004       4.    1.839    0.867
    305 1337.599 1331.732   16.309   0.0247   -0.259       4.    1.531   -0.800
    306 1538.575 1845.816   16.331   0.0249   -0.563       5.    1.523    0.476
    307 1611.237  378.513   16.335   0.0242   -0.334       5.    1.479    0.259
    308  172.813 2017.840   16.337   0.0228    1.438       6.    1.353   -0.119
    309 1999.808  731.853   16.344   0.0260   -0.002       5.    1.571   -0.366
    310 1526.970 1238.966   16.346   0.0242   -0.117       4.    1.436   -1.143
    311  782.943 2040.869   16.349   0.0235   -0.241       5.    1.417    0.014
    312  587.927  504.371   16.361   0.0253   -0.292       5.    1.507   -0.489
    313  207.138 1239.934   16.378   0.0256   -0.308       7.    1.373   -0.117
    314  984.427  614.245   16.388   0.0252    0.695       5.    1.457   -2.674
    315  350.522  231.301   16.398   0.0313   -0.582       6.    1.819    2.822
    316  883.524  223.676   16.410   0.0278   -0.382       4.    1.608    1.602
    317 1493.705  802.101   16.417   0.0453    3.713      11.    2.381    9.969
    318 1374.509  769.600   16.417   0.0279   -0.421       4.    1.614   -0.146
    319 1133.174 2011.278   16.431   0.0245   -0.104       5.    1.392    0.525
    320 1825.511 1105.979   16.436   0.0255   -0.048       5.    1.439   -0.437
    321  366.831 1813.568   16.451   0.0227    0.479       5.    1.259   -1.437
    322 1217.842 1554.380   16.509   0.0264   -0.149       5.    1.420    1.689
    323  889.396 1961.912   16.517   0.0259   -0.202       5.    1.382   -0.676
    324 1227.802  300.620   16.523   0.0249   -0.274       5.    1.323   -0.575
    325  500.415  994.425   16.556   0.0255   -0.288       5.    1.323    1.147
    326 1022.529  812.684   16.574   0.0471   -0.099      22.    2.427    9.275
    327  486.232  961.583   16.608   0.0269   -0.107       5.    1.343   -1.606
    328  557.436 1941.090   16.631   0.0290    0.223       5.    1.412   -0.266
    329 1597.804 1326.132   16.632   0.0290   -0.293       5.    1.432    0.280
    330 1189.994 1655.806   16.634   0.0310   -0.259       5.    1.525    0.687
    331 1580.058  892.202   16.648   0.0291   -0.724       4.    1.412    0.550
    332 1218.797  612.271   16.679   0.0337    0.033       5.    1.601   -0.577
    333 1252.663  448.576   16.695   0.0331   -0.357       4.    1.537    0.460
    334 1781.461 1976.903   16.703   0.0329   -0.213       6.    1.539    1.953
    335 1753.197 1526.699   16.717   0.0304   -0.217       5.    1.334   -0.257
    336  971.409 1879.273   16.727   0.0535    2.647      35.    2.280   10.834
    337  897.922  992.484   16.727   0.0334   -0.214       5.    1.533    0.146
    338 1359.107 1447.821   16.728   0.0324   -0.358       5.    1.478   -0.069
    339  641.699  814.231   16.729   0.0272   -0.246       5.    1.243    2.177
    340 1708.289 1442.325   16.750   0.0308   -0.072       5.    1.391    1.721
    341  605.888  264.596   16.763   0.0292    0.059       4.    1.305    0.902
    342  552.817  623.172   16.764   0.0354   -0.429       5.    1.590   -0.616
    343  543.062 1912.883   16.782   0.0307    0.311       6.    1.344   -0.749
    344 1306.914  190.037   16.784   0.0344   -0.276       5.    1.508   -0.919
    345 1071.959 1912.561   16.786   0.0303   -0.620       5.    1.333    0.775
    346 1939.407  206.544   16.786   0.0343   -0.274       5.    1.509   -0.214
    347  739.429 1530.810   16.801   0.0374   -0.256       5.    1.580    2.101
    348 1132.735 1329.470   16.801   0.0381   -0.219       5.    1.660    1.058
    349  490.393 1172.740   16.806   0.0298   -0.025       4.    1.288   -1.093
    350 1347.022  850.269   16.810   0.0439   -0.328       4.    1.895    7.926
    351 1683.213  645.653   16.811   0.0315    0.359       5.    1.280    0.099
    352 1550.655  887.486   16.820   0.0346   -0.342       5.    1.479   -3.146
    353 1453.121  749.398   16.828   0.0320   -0.109       4.    1.366   -0.327
    354  594.698 1422.138   16.829   0.0347   -0.328       5.    1.482   -2.198
    355 1978.203 1272.593   16.834   0.0349   -0.014       5.    1.478   -0.265
    356 2014.485 1526.900   16.837   0.0356   -0.201       5.    1.505    1.472
    357 1881.447 1632.081   16.838   0.0352   -0.690       5.    1.499    1.126
    358  239.104  578.426   16.869   0.0382   -0.173       5.    1.580    0.439
    359  722.406 1131.637   16.878   0.0409   -0.160       5.    1.675    0.301
    360  437.241 1415.336   16.890   0.0343   -0.129       5.    1.396   -1.533
    361 1517.988  734.005   16.916   0.0359    0.720       5.    1.409   -2.088
    362  983.772 1579.390   16.921   0.0429   -0.139       5.    1.708    0.946
    363 1153.119 1764.739   16.931   0.0366   -0.169       5.    1.440   -0.468
    364 1387.649  655.019   16.939   0.0401   -0.188       5.    1.565   -0.456
    365  281.024  826.828   16.965   0.0394   -0.218       5.    1.503    1.800
    366 1260.317  694.363   16.972   0.0507   -0.217       5.    1.935    3.212
    367  376.636  220.197   16.989   0.0477    0.062       5.    1.643   -1.195
    368 1145.197 1132.966   16.992   0.0443    0.498       5.    1.648    3.022
    369 1917.084 1698.058   16.995   0.0394   -0.222       5.    1.477   -0.637
    370 1474.299  284.270   16.998   0.0440   -0.009       5.    1.640    1.587
    371  372.200  867.541   16.998   0.0436   -0.247       5.    1.634    0.168
    372 1087.380 1053.273   17.004   0.0475   -0.306       5.    1.774   -0.056
    373 1839.614  477.897   17.022   0.0424   -0.172       5.    1.555    5.392
    374 1138.187  227.372   17.031   0.0375   -0.433       4.    1.377    1.075
    375 1681.354 1895.696   17.038   0.0406   -0.136       5.    1.467   -0.653
    376 1945.869  863.314   17.049   0.0462   -0.579       5.    1.672    0.729
    377  727.892 1559.106   17.061   0.0431   -0.085       6.    1.430   -2.840
    378 1040.671 1311.029   17.062   0.0493   -0.321       5.    1.742   -1.082
    379 1239.264 2048.447   17.070   0.0443   -0.458       5.    1.560    0.711
    380  913.728 1150.037   17.092   0.0468   -0.145       5.    1.621    1.436
    381 1336.185 1413.406   17.097   0.0441   -0.153       5.    1.521   -2.229
    382 2066.950 1612.814   17.107   0.0505    0.186       5.    1.722    4.676
    383 1285.687 1772.201   17.109   0.0468   -0.131       5.    1.612    2.047
    384  963.394 1361.171   17.110   0.0486   -0.217       5.    1.670   -1.027
    385  306.897  588.111   17.120   0.0443   -0.281       5.    1.509    1.092
    386 1126.068 1249.871   17.121   0.0474   -0.372       4.    1.622    0.357
    387 1809.812  923.808   17.124   0.0475   -0.130       5.    1.609   -0.461
    388 1200.264 1035.717   17.125   0.0471   -0.133       5.    1.596    0.739
    389  510.268 1645.634   17.132   0.0425   -0.273       5.    1.436    1.249
    390  495.813 1687.741   17.132   0.0457   -0.032       4.    1.532    4.126
    391 1158.682 1996.556   17.133   0.0439    0.044       5.    1.426    1.152
    392 1028.843 1144.411   17.140   0.0435   -0.579       4.    1.470   -0.565
    393 1976.046  777.701   17.144   0.0509   -0.002       5.    1.703   -0.418
    394  547.284  470.522   17.144   0.0532    0.184       5.    1.780    1.801
    395  883.755 1596.434   17.147   0.0435   -0.144       5.    1.435   -2.842
    396 1904.206  884.255   17.151   0.0490   -0.309       5.    1.624    1.155
    397 1407.878  254.864   17.151   0.0459   -0.292       5.    1.524    2.723
    398  980.985  700.620   17.151   0.0439   -0.309       5.    1.462   -0.514
    399 1529.898  945.146   17.180   0.0422   -0.131       5.    1.369   -0.039
    400 1868.849 1698.584   17.187   0.0449   -0.456       5.    1.458    2.594
    401  615.533  516.659   17.187   0.0486   -0.223       5.    1.569    1.089
    402 1145.688 1508.999   17.193   0.0453   -0.205       5.    1.460   -0.760
    403 1939.742 1965.114   17.194   0.0467   -0.275       5.    1.498    2.727
    404 1493.088 1523.632   17.198   0.0491   -0.177       6.    1.568    1.026
    405  892.985  518.345   17.199   0.0463   -0.373       5.    1.487    0.766
    406  590.931  368.558   17.200   0.0440   -0.389       5.    1.414    0.512
    407  462.302 1393.757   17.203   0.0423   -0.535       5.    1.358   -0.106
    408 1521.262 1342.378   17.218   0.0458    0.012       5.    1.430    1.079
    409  807.813 1634.481   17.221   0.0471   -0.416       5.    1.485    1.087
    410 1190.124 1352.071   17.229   0.0603    1.908      23.    1.568    7.862
    411  580.184 1992.098   17.237   0.0495   -0.252       4.    1.549    4.051
    412  660.882 1425.570   17.238   0.0526   -0.129       5.    1.641   -3.409
    413  791.575 1715.833   17.255   0.0499   -0.413       6.    1.532    2.682
    414 1807.888 2029.021   17.265   0.0470   -0.830       5.    1.439    1.836
    415  701.746  509.575   17.268   0.0491   -0.262       5.    1.472    0.436
    416  630.472 1543.637   17.272   0.0527   -0.423       5.    1.602    0.859
    417 1263.369  844.653   17.277   0.0656   -0.301       5.    1.987   11.951
    418 1840.101 1760.461   17.288   0.0481   -0.368       5.    1.434   -0.949
    419 1374.893  922.856   17.289   0.0572   -0.433       4.    1.715    3.622
    420  485.469 1676.869   17.290   0.0527   -0.099       5.    1.570    1.200
    421  779.947  566.532   17.292   0.0451   -0.123       5.    1.347    2.027
    422 1435.274 1360.335   17.296   0.0492   -0.116       5.    1.449   -1.376
    423 1436.003  758.709   17.297   0.0513   -0.377       6.    1.522   -0.646
    424 1352.656  726.763   17.297   0.0535   -0.575       6.    1.591    0.183
    425 1041.771 1060.027   17.299   0.0641   -0.101       6.    1.891   -0.525
    426  643.403  476.446   17.300   0.0563   -0.554       4.    1.679    0.293
    427 1687.252 1128.194   17.304   0.0503   -0.340       5.    1.490    4.091
    428  221.980 1362.924   17.307   0.0506    0.064       5.    1.493    0.468
    429 1796.199  694.686   17.313   0.0539    0.037       5.    1.575    0.846
    430  350.723 1056.670   17.315   0.0598   -0.221       5.    1.745    2.573
    431  601.476  939.329   17.320   0.0482   -0.105       5.    1.401   -3.378
    432 1998.865 2068.355   17.324   0.0655    0.012       5.    1.889    0.617
    433  990.410 1163.536   17.336   0.0517   -0.067       5.    1.483   -0.283
    434  661.304 1628.944   17.340   0.0561   -0.318       5.    1.607    0.106
    435  232.754  745.324   17.343   0.0604   -0.086       4.    1.730    1.553
    436 1466.921 1906.310   17.345   0.0559    0.554       5.    1.583   -1.091
    437  150.371 1072.546   17.358   0.0689   -0.062       5.    1.940   -1.972
    438 1133.776  767.791   17.365   0.0626   -0.409       4.    1.764   -1.367
    439 1869.640  797.279   17.372   0.0564   -0.295       5.    1.582   -0.817
    440 1731.982 1667.871   17.372   0.0560   -0.079       6.    1.551    1.198
    441 1343.508 1671.314   17.389   0.0502   -0.139       4.    1.384    1.111
    442 1537.572 1998.284   17.390   0.0590   -0.216       5.    1.627   -1.083
    443  718.808 1548.536   17.406   0.0579    0.060       6.    1.552    0.185
    444  613.839  693.003   17.406   0.0589    0.422       5.    1.531   -1.337
    445 1794.929 1261.685   17.413   0.0575   -0.165       4.    1.559    0.290
    446 2015.510  637.475   17.440   0.0660   -0.314       5.    1.749   -1.672
    447  382.108 1093.619   17.441   0.0597    0.133       5.    1.567   -2.508
    448  212.733  578.479   17.445   0.0610   -0.191       6.    1.593   -0.165
    449 1149.530  368.509   17.446   0.0524   -0.439       5.    1.386   -2.143
    450  772.085  178.189   17.458   0.0629   -0.172       5.    1.646   -1.579
    451 1967.858  424.823   17.461   0.0606    0.241       5.    1.565   -2.519
    452  142.941  204.417   17.462   0.0733   -0.204       5.    1.910   -1.123
    453  230.978 1161.770   17.465   0.0675   -0.261       5.    1.755   -0.401
    454  793.585  654.056   17.499   0.0598   -0.173       5.    1.513    4.203
    455  889.849 1474.727   17.503   0.0701   -0.087       5.    1.750   -0.958
    456  713.512  402.062   17.504   0.0690   -0.147       5.    1.733   -0.134
    457  852.542 1569.811   17.505   0.0640   -0.410       5.    1.619   -0.951
    458  880.972  662.306   17.508   0.0612   -0.327       5.    1.537   -1.236
    459  336.737  792.814   17.510   0.0697   -0.155       5.    1.737    0.982
    460 1235.759  622.529   17.516   0.0688   -0.010       5.    1.706    5.929
    461  140.377 1862.934   17.523   0.0681   -0.571       5.    1.697    6.770
    462  689.880 1482.171   17.523   0.0653    0.475       5.    1.584   -0.054
    463 1775.064 1591.584   17.527   0.0617   -0.307       5.    1.530    3.677
    464 1549.517  153.274   17.528   0.0768   -0.331       5.    1.898    3.647
    465 1422.035 1870.389   17.530   0.0643    0.501       5.    1.543   -1.585
    466 1518.525 1962.459   17.537   0.0647   -0.424       4.    1.589    0.566
    467  518.691  486.397   17.545   0.0666   -0.064       6.    1.607    4.666
    468  870.055  459.880   17.550   0.0609   -0.229       5.    1.473   -1.150
    469 1534.923 1087.203   17.557   0.0638   -0.419       5.    1.543    5.450
    470 1063.589  841.609   17.566   0.0831    0.108       5.    1.979    5.091
    471  966.121 1312.134   17.579   0.0732    0.197       5.    1.728    0.626
    472 1349.029  169.592   17.583   0.0600   -0.198       5.    1.416    1.302
    473  626.376 1870.053   17.594   0.0636    0.047       5.    1.478   -1.676
    474 1794.899 1572.898   17.594   0.0624    0.004       5.    1.435   -1.354
    475  609.880  679.325   17.595   0.0671   -0.125       5.    1.539    1.838
    476 1877.633  753.013   17.601   0.0757   -0.192       5.    1.754   -1.296
    477 1083.981 1713.328   17.603   0.0701   -0.012       5.    1.610    0.045
    478  750.589 1077.459   17.613   0.0655   -0.331       4.    1.518   -0.051
    479  987.460 1869.323   17.622   0.0726    1.464       6.    1.621    5.255
    480  784.397  307.519   17.622   0.0802    0.232       5.    1.801   -3.109
    481 1197.711  460.079   17.622   0.0714   -0.200       5.    1.642    1.624
    482  664.313  723.443   17.626   0.0609   -0.065       8.    1.371   -1.149
    483 1026.774 1852.964   17.639   0.0699    0.238       5.    1.560   -2.081
    484 1211.883  911.228   17.657   0.0689   -0.067       5.    1.530   -1.023
    485 1935.766  765.869   17.658   0.0680   -0.142       4.    1.507   -1.280
    486 1226.468  525.012   17.660   0.0854   -0.440       4.    1.666   -2.036
    487 1009.799  425.217   17.661   0.0563   -0.196       4.    1.243   -0.328
    488 1749.564  395.187   17.670   0.0706   -0.399       4.    1.563    1.283
    489 1742.119 1632.684   17.676   0.0668   -0.416       5.    1.462    2.189
    490 1857.680  540.092   17.678   0.0718    0.013       5.    1.559    0.865
    491  669.326  324.073   17.680   0.0759   -0.161       5.    1.649    1.536
    492 1481.942 1348.641   17.681   0.0648    0.003       4.    1.406   -0.191
    493 1037.057  584.983   17.691   0.0938    1.732      12.    1.967   11.575
    494 1079.114  720.192   17.702   0.0746   -0.323       5.    1.604    0.358
    495 1077.449 1181.515   17.703   0.0785   -0.214       5.    1.669   -0.751
    496 1557.658  291.804   17.706   0.0768    0.341       5.    1.619    4.267
    497 1672.031 1867.338   17.707   0.0761    0.028       5.    1.604   -1.523
    498  319.802  152.115   17.715   0.0863   -0.191       5.    1.834   -0.796
    499  388.812 1611.107   17.715   0.0618    0.009       5.    1.311   -1.839
    500 1270.351  618.351   17.718   0.0764   -0.044       5.    1.615    1.732
    501 1062.098  892.730   17.719   0.0780   -0.351       5.    1.648   -1.136
    502 1281.948 1517.420   17.720   0.0721    0.072       5.    1.516    0.093
    503 1063.127 1077.896   17.737   0.0927   -0.444       5.    1.614   -0.694
    504 1836.927 1730.921   17.739   0.0746   -0.307       5.    1.557    2.596
    505 1652.706  502.042   17.741   0.0756    0.022       7.    1.563    3.812
    506 1024.800 1873.804   17.747   0.0763    0.352       5.    1.563    0.187
    507 1539.918 1370.270   17.752   0.0696   -0.393       5.    1.421    2.116
    508 1154.631  799.886   17.757   0.0821   -0.448       5.    1.676    2.643
    509  371.631  212.900   17.766   0.0850   -0.043       5.    1.541   -0.724
    510  974.648  163.885   17.769   0.0878   -0.513       5.    1.781    0.805
    511 1108.412 1318.170   17.774   0.0869   -0.391       5.    1.754   -1.032
    512 1532.052  666.581   17.776   0.0719   -0.300       4.    1.453   -1.887
    513 2033.690  738.653   17.780   0.0861   -0.399       6.    1.730    2.635
    514 1234.569  583.037   17.782   0.0782   -0.015       5.    1.555    1.985
    515 1370.570  243.425   17.782   0.0756   -0.123       6.    1.502    0.301
    516 1293.513  730.916   17.792   0.0937   -0.405       5.    1.841    1.338
    517  277.235  285.262   17.792   0.0920   -0.382      10.    1.836    7.613
    518  150.288  239.434   17.794   0.0920   -0.558      17.    1.827    2.785
    519  674.560  436.707   17.795   0.0888   -0.249       5.    1.763   -1.509
    520  404.706  246.768   17.803   0.0796   -0.233       5.    1.575    1.936
    521 1090.663 1220.965   17.806   0.0850   -0.229       5.    1.670   -1.161
    522  194.374  246.278   17.807   0.0806   -0.499       5.    1.584    2.275
    523  927.165  425.129   17.809   0.0727   -0.328       5.    1.412    2.905
    524  736.989  406.887   17.810   0.0928   -0.312       5.    1.824    2.690
    525  351.750 1030.178   17.813   0.0900    0.397       5.    1.723   -3.418
    526 1947.776  793.320   17.822   0.0900   -0.257       5.    1.743   -2.040
    527  975.662  547.309   17.823   0.0748    1.945       5.    1.412   -0.723
    528  482.569 2011.965   17.823   0.0675   -0.076       5.    1.305   -3.002
    529 1822.426  846.698   17.825   0.0803   -0.183       5.    1.556    1.811
    530  141.589  663.862   17.831   0.0964   -0.174       5.    1.864    1.933
    531  589.873  580.003   17.834   0.0902    0.172       5.    1.685   -2.959
    532  250.091 1333.230   17.837   0.0798   -0.102       5.    1.522   -0.864
    533  329.055 1675.046   17.838   0.0691   -0.374       5.    1.317    0.831
    534  714.436  895.760   17.845   0.0798   -0.048       5.    1.518   -3.580
    535 1754.271  580.225   17.851   0.0786   -0.082       4.    1.484    0.503
    536  687.843 1383.063   17.851   0.0930   -0.238       4.    1.765   -2.335
    537 1177.750 1957.811   17.852   0.0800    0.006       5.    1.490   -0.994
    538  174.516  975.724   17.856   0.0891   -0.004       5.    1.679    2.187
    539  718.411  926.624   17.867   0.0728   -0.049       5.    1.354   -1.648
    540  431.855 1301.658   17.870   0.0689   -0.054       5.    1.284   -0.110
    541  559.043 1865.375   17.876   0.0855    0.089       4.    1.579    2.383
    542  986.348 1612.656   17.877   0.0910   -0.181       5.    1.684   -1.533
    543  360.991 1073.655   17.877   0.0789   -0.027       5.    1.468    1.740
    544  184.525 1212.330   17.880   0.0939    0.018       6.    1.721    1.615
    545 1448.759  872.752   17.883   0.0743   -0.301       5.    1.373    0.986
    546 1080.526 1367.232   17.884   0.0941   -0.191       5.    1.731    1.260
    547  367.276  679.626   17.888   0.0824   -0.090       5.    1.503   -0.625
    548 1251.138 1520.207   17.888   0.0804    0.152       5.    1.466   -2.604
    549  966.730  207.655   17.896   0.0965   -0.126       5.    1.759    2.588
    550  627.051  599.811   17.901   0.0867   -0.075       5.    1.576    2.192
    551 1924.131  978.885   17.906   0.0866   -0.036       5.    1.563   -0.460
    552 1117.175  301.011   17.907   0.0826   -0.134       5.    1.470    0.213
    553 1756.790  664.302   17.933   0.0907   -0.097       5.    1.606    1.704
    554  530.935  258.571   17.936   0.0886   -0.154       5.    1.552   -3.201
    555 1947.850 1205.228   17.944   0.0979   -0.386       5.    1.723    1.397
    556 1640.478 1908.194   17.950   0.1042    0.071       5.    1.763   -0.459
    557  347.624  640.967   17.953   0.0918   -0.206       6.    1.596    1.560
    558 1606.592  989.849   17.956   0.0824    0.595       7.    1.396    0.042
    559  546.028 1103.443   17.957   0.0836   -0.449       5.    1.452    0.254
    560  754.304 1133.261   17.958   0.0857   -0.311       5.    1.481    1.485
    561 1674.820  894.658   17.960   0.0852   -0.126       5.    1.478   -1.408
    562 2070.789 1435.282   17.961   0.1016    0.027       4.    1.729   -4.034
    563 2068.443 1209.434   17.969   0.1114   -0.233       5.    1.905   -1.051
    564 1762.260  744.573   17.969   0.0989    0.077       6.    1.684   -2.429
    565  473.932 1777.820   17.978   0.0769   -0.420       5.    1.310   -2.793
    566 1425.992 1149.219   17.982   0.0863   -0.360      13.    1.473    1.557
    567 1671.564 1438.544   17.988   0.0907    0.169       6.    1.510   -1.543
    568  173.847  325.231   17.996   0.1123   -0.390       6.    1.882    1.151
    569  650.993 1130.826   17.996   0.0822   -0.500       6.    1.386    1.835
    570 1302.583 1066.190   17.996   0.0939   -0.160       5.    1.572    0.581
    571  329.986  837.359   17.998   0.1016   -0.099       5.    1.707   -2.059
    572  665.626 2009.257   17.998   0.0863   -0.351       5.    1.445   -0.631
    573  404.619 1940.244   18.000   0.0788   -0.457       7.    1.316    2.829
    574 1729.091 1209.449   18.003   0.0938   -0.183       6.    1.565    2.373
    575 1554.297  418.466   18.003   0.0987    0.076       6.    1.632    2.328
    576  168.886  573.749   18.007   0.0988   -0.178       5.    1.634    1.748
    577 1890.860  372.081   18.009   0.0961   -0.011       5.    1.584   -0.794
    578 1026.531  153.339   18.013   0.1121   -0.592       5.    1.853    3.313
    579 1955.826 1360.533   18.020   0.1019    0.082       6.    1.649    1.778
    580  206.591 1663.359   18.024   0.1000   -0.102       5.    1.638    0.638
    581 1897.642 1911.151   18.037   0.0951   -0.094       5.    1.533   -4.394
    582  946.799 1994.223   18.043   0.0944   -0.398       6.    1.528    3.268
    583  869.605 1949.229   18.044   0.0959   -0.015       4.    1.542    0.510
    584  247.571 1116.570   18.054   0.1017   -0.062       7.    1.618    0.483
    585 1877.454 1450.031   18.061   0.0871   -0.065       5.    1.383    2.218
    586 1333.366 1481.411   18.065   0.1015   -0.020       4.    1.609    2.971
    587 1415.245 1593.788   18.077   0.0977   -0.297       5.    1.518    4.306
    588  880.561  237.224   18.078   0.1219   -0.106       6.    1.887    3.076
    589 1291.584 1588.828   18.079   0.0969    0.096       5.    1.501   -2.974
    590  888.201  430.772   18.084   0.0998   -0.321       5.    1.564    3.481
    591 1348.127 1482.353   18.084   0.0968   -0.419       6.    1.511   -2.276
    592 1576.004 1735.846   18.089   0.1042   -0.315       5.    1.619   -3.798
    593 1321.923  936.104   18.092   0.1132   -0.214       5.    1.755   -6.257
    594  598.479  573.114   18.093   0.1099    0.061       5.    1.659   -2.041
    595  527.879  536.213   18.095   0.1112    1.098       5.    1.680   -3.433
    596 1679.700 1419.652   18.099   0.0995   -0.039       5.    1.523   -3.184
    597 2010.417  281.023   18.107   0.0931   -0.004       5.    1.413    5.118
    598 1159.471 1211.935   18.108   0.1002   -0.042       5.    1.528   -2.416
    599 1011.412 1150.416   18.108   0.1075   -0.571       5.    1.640    2.728
    600 2025.369 1534.719   18.109   0.1035   -0.492       7.    1.569    2.288
    601 1365.731  479.184   18.112   0.1085    0.141       5.    1.642   -7.164
    602 1974.077 1543.395   18.113   0.0947   -0.413       5.    1.429   -1.815
    603  841.940 1697.677   18.113   0.1100    0.066       5.    1.659   -0.718
    604 1125.548  715.661   18.114   0.1203   -0.310       5.    1.828   -6.723
    605  434.095 1941.234   18.115   0.0914   -0.360       5.    1.368    0.064
    606  745.318 1235.321   18.116   0.1078   -0.259       5.    1.636   -5.989
    607 1446.727 1659.553   18.119   0.1036    0.131       4.    1.563   -2.887
    608  374.391 2058.185   18.119   0.0991   -0.099       5.    1.500    3.115
    609 1114.582  415.805   18.128   0.1086    0.042       5.    1.616    2.328
    610  657.228 1193.660   18.128   0.0978   -0.111       5.    1.461    0.407
    611  572.310 1783.335   18.132   0.1027   -0.314       5.    1.538   -2.663
    612 1610.882  718.512   18.140   0.1080   -0.171       4.    1.609   -1.123
    613 1090.998 1979.694   18.142   0.1015   -0.145       5.    1.463   -0.885
    614  322.649 1267.274   18.146   0.1011   -0.024       5.    1.487   -2.025
    615 1099.429 1391.022   18.147   0.1032   -0.321       6.    1.518    1.886
    616  647.167 1500.911   18.147   0.1028   -0.439       4.    1.506   -3.254
    617  159.339 1916.082   18.147   0.1028   -0.424       5.    1.524   -3.127
    618 1133.744 1912.442   18.147   0.1036   -0.431       5.    1.534   -3.090
    619  477.851 1813.995   18.150   0.0937   -0.526       5.    1.392   -2.412
    620  163.465 1366.227   18.151   0.1184   -0.266       6.    1.731    0.493
    621 1054.348  950.042   18.153   0.1338   -0.049       5.    1.969   -6.214
    622 1197.064 1712.953   18.155   0.0986    0.063       6.    1.431   -0.628
    623  462.332 1093.151   18.155   0.1059   -0.025       6.    1.536   -3.695
    624  304.084 1964.148   18.160   0.1022   -0.289       5.    1.497   -2.642
    625 1419.846  361.577   18.161   0.1271   -0.186       8.    1.859    9.853
    626  370.578  389.889   18.162   0.1104    0.412       5.    1.591   -6.874
    627  419.339 1254.090   18.184   0.1044   -0.146       4.    1.493   -2.788
    628  568.657 1400.183   18.191   0.1097   -0.270       5.    1.547   -1.942
    629  427.788 1111.183   18.193   0.1165   -0.141       5.    1.639   -3.886
    630  525.053  385.397   18.195   0.1023   -0.262       5.    1.436   -2.327
    631  493.677 1203.799   18.203   0.0949   -0.094       5.    1.325   -3.184
    632 1017.890  904.851   18.208   0.1301    0.034       5.    1.820   -5.072
    633  466.093 1049.118   18.210   0.1071   -0.146       4.    1.499    3.378
    634  427.717  288.533   18.212   0.1074    0.191       5.    1.493   -0.019
    635 1623.834  978.450   18.213   0.1096   -0.000       5.    1.529    2.005
    636 1690.797 1431.904   18.224   0.1140   -0.195       5.    1.571   -1.867
    637 1072.363 1048.666   18.253   0.1303   -0.110       5.    1.756   -3.539
    638  181.963  378.251   18.264   0.1335    0.154       5.    1.780    2.269
    639 1390.846  438.175   18.265   0.1259    0.170       5.    1.678   -0.176
    640 1519.768  260.307   18.266   0.1236   -0.072       5.    1.650   -3.110
    641  761.276 1420.775   18.266   0.1265   -0.294       4.    1.691   -0.614
    642 1233.714  528.571   18.266   0.1351   -0.037       6.    1.761   -7.946
    643 1070.400 1080.507   18.269   0.1528   -0.506       5.    1.676   -5.610
    644  155.089 1551.474   18.270   0.1414    0.174       5.    1.856   -2.793
    645  391.911  961.129   18.273   0.1310   -0.384       5.    1.750    0.870
    646 1403.578  673.413   18.278   0.1098   -0.079       5.    1.445   -1.737
    647 1085.703  272.661   18.281   0.1145   -0.245       5.    1.508   -2.800
    648  461.442  506.170   18.281   0.1180   -0.103       5.    1.557   -4.483
    649  892.523  706.836   18.285   0.1134   -0.231       5.    1.489    1.215
    650  630.266 2044.293   18.299   0.1322   -0.619       5.    1.734   -0.369
    651 1780.523 1627.245   18.302   0.1093   -0.119       5.    1.409    1.410
    652 1169.731 1822.598   18.303   0.1217   -0.284       5.    1.578   -0.565
    653  794.514 1060.736   18.304   0.1323    0.186       5.    1.693   -6.386
    654 1688.791 1023.135   18.307   0.1267    0.249       6.    1.612   -8.110
    655 1230.447 1993.781   18.310   0.1213   -0.346       5.    1.549   -0.361
    656 1216.006 1494.523   18.313   0.1238   -0.184       5.    1.589   -2.826
    657 1178.913  296.339   18.314   0.1111   -0.294       5.    1.430   -3.835
    658 1233.276  270.409   18.318   0.1104    0.333       6.    1.385   -5.016
    659 1845.116  512.483   18.330   0.1297   -0.171       5.    1.644   -1.672
    660 1816.545 1391.901   18.339   0.1343   -0.275       6.    1.692   -0.913
    661  183.868  669.429   18.340   0.1272    0.175       5.    1.576   -7.973
    662 2058.777  715.420   18.345   0.1572   -0.033       6.    1.961    0.166
    663  722.078 1712.228   18.357   0.1280   -0.023       6.    1.579   -0.434
    664 1242.274 1985.844   18.357   0.1252   -0.299       5.    1.546   -4.259
    665  941.483  977.330   18.362   0.1384   -0.156       6.    1.692   -4.529
    666 2057.025 1801.123   18.374   0.1341   -0.259       6.    1.639    0.595
    667 1904.375  307.963   18.376   0.1313   -0.052       6.    1.567   -1.599
    668  767.297 1703.546   18.376   0.1416   -0.255      13.    1.711    0.278
    669  881.930  894.052   18.378   0.1274   -0.091       4.    1.551   -2.649
    670  654.164  493.590   18.391   0.1567   -0.478      10.    1.881    4.355
    671 1051.921 2028.188   18.395   0.1275   -0.259       5.    1.506   -2.052
    672 1640.181  344.380   18.396   0.1429    0.172       4.    1.700   -7.763
    673  180.936 1956.979   18.398   0.1261   -0.299       5.    1.502    0.802
    674  205.118  713.746   18.400   0.1309   -0.357       5.    1.545   -0.824
    675 1458.294 1122.058   18.404   0.1324   -0.484       5.    1.560   -2.860
    676 1169.706  998.612   18.406   0.1562   -0.083       5.    1.843   -3.812
    677 1140.848  199.141   18.414   0.1294   -0.410       5.    1.530   -1.811
    678  202.487  499.917   18.418   0.1546   -0.255       5.    1.755   -7.949
    679  772.388  479.420   18.427   0.1516   -0.377       5.    1.759   -2.892
    680  849.866 1752.539   18.435   0.1365   -0.106       5.    1.576   -4.831
    681  476.767  385.024   18.438   0.1418   -0.145       4.    1.624   -4.358
    682 1906.916 1343.380   18.439   0.1544   -0.276       5.    1.778   -6.677
    683  652.023  734.771   18.440   0.1415   -0.182       5.    1.622   -8.917
    684 1511.272 1661.872   18.443   0.1340    0.213       5.    1.523   -4.625
    685 1015.620  670.998   18.455   0.1473   -0.314       6.    1.667   -4.906
    686 1383.564 1774.040   18.456   0.1429   -0.371       5.    1.630    6.128
    687  805.644  148.544   18.465   0.1931   -0.219       5.    2.161    0.409
    688 2049.178  665.556   18.471   0.1713   -0.573      10.    1.921    7.537
    689  426.127  614.750   18.482   0.1573   -0.494       8.    1.731    4.378
    690  866.580  293.294   18.491   0.1555   -0.469       5.    1.712   -2.319
    691  610.805 1223.161   18.499   0.1267    0.209       5.    1.379  -10.137
    692  316.866 1868.468   18.501   0.1337    0.841       6.    1.420   -2.640
    693  930.615  512.193   18.505   0.1314   -0.251       5.    1.427   -6.305
    694  875.482  298.516   18.509   0.1588   -0.422       4.    1.689   -4.267
    695 1828.392 1226.055   18.511   0.1579   -0.297       5.    1.685   -3.085
    696 1702.645 2011.745   18.523   0.1563   -0.438       5.    1.671   -3.119
    697 1114.816 1931.058   18.524   0.1536   -0.364       5.    1.640   -6.718
    698  205.511 1609.769   18.530   0.1502   -0.247       5.    1.585   -5.805
    699 1660.364 1329.476   18.541   0.1523   -0.031       5.    1.596   -6.806
    700  225.508  153.220   18.542   0.1760    1.071       7.    1.815    3.066
    701 1531.513 1022.915   18.549   0.1426    0.096       5.    1.468   -2.216
    702  778.942 1185.906   18.552   0.1548   -0.128       5.    1.618   -3.913
    703 1094.366 2033.584   18.562   0.1441    0.056       6.    1.480   -0.306
    704  768.776 1006.203   18.569   0.1430   -0.256       6.    1.435   -3.060
    705  269.995  149.242   18.570   0.1940    0.336      15.    1.977   -8.534
    706 1112.772  898.343   18.572   0.1674   -0.379       5.    1.710   -3.788
    707 1247.209 1788.308   18.572   0.1542   -0.289       4.    1.581    0.546
    708 1179.807  463.811   18.573   0.1554   -0.464       7.    1.597    2.667
    709 1530.653  145.732   18.624   0.1743   -0.137       5.    1.712  -11.793
    710 1470.705  766.795   18.626   0.1604    1.000       6.    1.526  -10.748
    711  997.667  344.836   18.629   0.1543   -0.312       5.    1.488   -3.942
    712  404.895 1442.460   18.630   0.1433    0.009       4.    1.398  -10.388
    713 2003.580  894.939   18.636   0.1725   -0.151       5.    1.680   -3.835
    714 1346.928 1640.496   18.651   0.1589   -0.209       5.    1.513   -6.927
    715 1192.780  961.931   18.654   0.1778    0.009       5.    1.691   -4.163
    716  926.593  980.736   18.656   0.1772   -0.353       4.    1.701   -5.336
    717 1279.636  767.855   18.660   0.1754   -0.201       7.    1.639   -5.759
    718  301.461 1475.079   18.676   0.1484   -0.003       5.    1.382   -9.033
    719 1392.660  470.263   18.677   0.1725   -0.424       6.    1.610   -4.775
    720 1679.604  267.477   18.678   0.1780   -0.603       5.    1.682   -3.490
    721  774.622  277.130   18.691   0.1909    0.067       5.    1.738    0.135
    722 1035.142 1623.039   18.703   0.1732   -0.464       5.    1.589   -6.332
    723  757.192 1480.404   18.718   0.1945   -0.133       5.    1.740   -7.142
    724 1956.773 1299.760   18.741   0.1761    0.230       5.    1.528  -11.354
    725  464.357  778.845   18.743   0.1854   -0.032       5.    1.609  -10.323
    726  150.438 1307.984   18.754   0.2156    0.407       6.    1.866  -13.441
    727  414.697  343.772   18.775   0.1830    1.269       5.    1.531   -8.216
    728  196.755  185.299   18.795   0.2073    0.218       5.    1.735    5.760
    729 1753.183  828.295   18.795   0.1954   -0.215       5.    1.654  -11.232
    730  162.226 1520.870   18.812   0.2271    0.060       5.    1.880   -9.172
    731  702.064 1696.548   18.814   0.1977   -0.223       6.    1.646   -6.081
    732 1394.327 1017.649   18.835   0.2002   -0.233       6.    1.637   -5.848
    733  751.940  764.913   18.857   0.1890   -0.296       6.    1.521   -9.518
    734 1912.876 1309.110   18.866   0.2157   -0.107       5.    1.708   -4.495
    735  331.254 2058.601   18.877   0.1868   -0.586       5.    1.470   -3.670
    736  608.699 1566.826   18.885   0.2263   -0.228       6.    1.764  -11.891
    737  141.387  696.881   18.891   0.2308    0.144       5.    1.780  -12.151
    738  161.598  780.513   18.893   0.2200   -0.272       6.    1.704    1.874
    739  993.544  432.518   18.898   0.2121   -0.169       6.    1.622  -15.177
    740 1901.968  499.153   18.899   0.1967   -0.556       5.    1.519   -8.782
    741  756.312  176.866   18.916   0.2411    0.054       7.    1.818   -6.828
    742  678.802 1821.281   18.960   0.2241   -0.259       5.    1.627   -2.896
    743 1979.269 1941.914   18.974   0.2123   -0.422       5.    1.541   -5.621
    744  327.301  434.401   18.986   0.2427   -0.431       6.    1.736  -16.447
    745 1026.168 1158.420   18.988   0.2472   -0.433       5.    1.762   -0.745
    746 1280.300  776.156   18.990   0.2641    0.025       5.    1.643  -14.981
    747  956.377  982.316   18.994   0.2585   -0.089       6.    1.815   -8.236
    748  440.192  562.916   18.995   0.2499    0.220       6.    1.759   -6.702
    749  689.894  779.027   18.999   0.2007   -0.503       5.    1.409   -5.908
    750  197.595  456.097   19.012   0.2613    0.107      11.    1.817   -6.930
    751  239.365  877.050   19.027   0.2443   -0.574       5.    1.686  -10.641
    752  576.069  256.796   19.030   0.2021   -0.187       5.    1.350  -11.393
    753  811.927 1363.957   19.033   0.2524    0.024       5.    1.724   -8.791
    754 1374.104  906.606   19.033   0.2440   -0.492       5.    1.668    4.799
    755 1647.885 1545.822   19.055   0.2171   -0.192       6.    1.457  -16.281
    756 1942.001 1303.970   19.068   0.2748    0.312       7.    1.803  -23.086
    757 2009.831 1375.777   19.069   0.2386   -0.167       5.    1.550  -11.024
    758  278.529 1974.553   19.072   0.2066   -0.336      15.    1.352    2.570
    759 1727.215  642.680   19.079   0.2237    0.049       7.    1.456   -8.784
    760 1330.612  573.901   19.080   0.2734   -0.125       6.    1.791   -9.910
    761 1813.340  824.512   19.080   0.2562   -0.310       4.    1.694   -1.437
    762  996.009  640.221   19.084   0.2584   -0.255       7.    1.678   -6.303
    763 1710.546  389.491   19.097   0.2578   -0.139       7.    1.663   -7.207
    764  764.829  604.105   19.102   0.2344   -0.042       4.    1.505   -5.132
    765  996.386  901.163   19.108   0.2640    0.088       7.    1.683   -9.766
    766 1327.154  358.516   19.115   0.2511   -0.339       6.    1.591  -11.889
    767 1900.053  514.899   19.122   0.2688   -0.334       7.    1.714   -9.837
    768  771.880 1439.133   19.167   0.2945   -0.376       5.    1.807  -10.132
    769  432.181 1463.197   19.172   0.2442    0.318       6.    1.470  -16.201
    770  409.816 1101.164   19.182   0.2442   -0.241       6.    1.456  -15.744
    771  636.240 1397.625   19.184   0.2738   -0.399       5.    1.651  -10.006
    772  950.801  135.923   19.219   0.3686   -0.225       6.    2.150   -4.467
    773  206.263 1368.575   19.256   0.2958   -0.422       7.    1.669  -16.083
    774  907.309 1200.129   19.263   0.3507   -0.248       6.    1.965  -25.269
    775 1819.740 1759.574   19.274   0.2817   -0.296       5.    1.551  -11.493
    776  344.004  380.728   19.293   0.2703   -0.378       6.    1.472  -21.514
    777  964.801 1206.295   19.303   0.3484    0.165       5.    1.855   -5.914
    778  771.581  313.379   19.323   0.3628    0.114       5.    1.892   -8.669
    779 2043.433  394.947   19.324   0.3448   -0.268       7.    1.825  -17.260
    780  608.514  146.055   19.328   0.3375    0.263       5.    1.771  -20.704
    781  805.875  568.052   19.360   0.3113    0.163       6.    1.586  -15.836
    782  235.178 1559.700   19.370   0.3040   -0.429       5.    1.546  -14.579
    783  957.156 1223.566   19.373   0.3644   -0.203       7.    1.844   -6.702
    784 1336.416 1170.261   19.376   0.3231    0.279       6.    1.616  -22.177
    785  476.643  202.121   19.379   0.3335    0.020       8.    1.676  -19.959
    786  360.049  998.914   19.383   0.3550   -0.287       7.    1.779  -14.510
    787 1546.930 1825.493   19.387   0.3376   -0.246       6.    1.686  -22.349
    788 1880.966 1531.813   19.388   0.3120   -0.069       7.    1.546  -31.949
    789  773.719  396.903   19.393   0.3666    0.044       6.    1.788  -13.274
    790  863.221  999.233   19.397   0.3601   -0.440       6.    1.790  -13.334
    791 1251.593  646.707   19.439   0.3683   -0.047       6.    1.749  -18.490
    792  984.875  900.282   19.457   0.3940    0.104       5.    1.808  -22.598
    793  287.281  150.688   19.466   0.4399   -0.448       7.    2.022   -8.112
    794 2047.385 1718.973   19.481   0.3732    0.035       5.    1.708  -13.586
    795  144.113  178.577   19.484   0.4101   -0.236      10.    1.879  -15.068
    796 1562.781  390.748   19.500   0.3943   -0.196       5.    1.770  -16.590
    797  254.594 1209.551   19.506   0.4117   -0.287       7.    1.860  -14.695
    798 1848.718  702.295   19.510   0.3916    0.001       5.    1.729  -15.609
    799  940.125 1247.940   19.513   0.4124    0.021       6.    1.815  -23.595
    800 1138.313 1358.279   19.517   0.4106    0.211       6.    1.828  -24.680
    801  158.483  378.844   19.526   0.4480   -0.232      11.    1.981  -18.708
    802 2042.831 1401.666   19.527   0.4103   -0.190       6.    1.802  -20.953
    803 1405.291 1647.084   19.527   0.3586   -0.269       5.    1.578  -19.176
    804  161.072  344.847   19.528   0.4489   -0.184       8.    1.966  -27.310
    805 1278.662 1625.820   19.540   0.3676    0.015       5.    1.602  -22.044
    806  522.463 1582.561   19.547   0.3712   -0.441       6.    1.610  -26.347
    807  171.582 1089.777   19.551   0.4345   -0.138       9.    1.882  -35.285
    808 1518.750  662.120   19.551   0.3702   -0.187       6.    1.590  -32.541
    809 1258.914 1624.115   19.563   0.3949    0.234       7.    1.676  -25.536
    810 1051.998  157.978   19.578   0.4457   -0.395       5.    1.843  -11.382
    811  424.228  832.524   19.593   0.4491   -0.109       7.    1.849  -26.876
    812  160.390  701.733   19.609   0.4320    0.576       7.    1.740  -25.450
    813  177.500  877.729   19.611   0.4317   -0.251       7.    1.771  -32.675
    814 1826.906 1797.304   19.613   0.3734    0.042       6.    1.511  -28.894
    815 1688.068 1738.552   19.617   0.4254   -0.128       6.    1.733  -28.831
    816  276.803  582.111   19.623   0.3968   -0.138       7.    1.610  -22.885
    817  405.764 1847.940   19.627   0.3597   -0.188       8.    1.439  -13.483
    818 1037.228  154.150   19.628   0.4156   -0.270      23.    1.637   -9.080
    819 1876.685  508.361   19.630   0.4012   -0.168       8.    1.608  -22.205
    820 1885.009 2059.875   19.638   0.4320   -0.274       6.    1.714  -18.337
    821 1126.425 1369.273   19.644   0.4153   -0.134       8.    1.626  -24.742
    822  234.761  894.290   19.646   0.4285   -0.200       8.    1.689  -24.057
    823 1903.622 1635.012   19.658   0.3786   -0.388       6.    1.465  -23.496
    824  596.413  470.619   19.659   0.5020   -0.485       6.    1.967  -14.836
    825 2015.898 1197.584   19.710   0.4826   -0.263       7.    1.793  -19.048
    826  980.638 1697.512   19.722   0.4895   -0.424       6.    1.804  -14.384
    827 1730.785 1736.414   19.722   0.4087   -0.201       7.    1.467  -20.605
    828 2058.314 1459.404   19.739   0.5085   -0.266       7.    1.855  -34.667
    829  638.685 1444.935   19.743   0.4604   -0.030       7.    1.672  -30.183
    830 1741.847  611.231   19.746   0.4844    0.144       5.    1.749  -10.927
    831 1333.133 1026.999   19.751   0.4532   -0.024       6.    1.626  -27.422
    832  488.340 1446.753   19.758   0.4244    0.350       6.    1.508  -31.057
    833 1364.548  290.323   19.861   0.4978   -0.314       6.    1.624  -20.544
    834 1828.792 1926.082   19.865   0.5128    0.088       7.    1.659  -31.322
    835 1188.207  172.113   19.890   0.5126   -0.233       6.    1.623  -29.798
    836  344.293 1907.270   19.911   0.4390   -0.546       7.    1.368  -33.674
    837  325.059 1423.817   19.987   0.5324   -0.004       7.    1.542  -35.007
    838  533.625 1645.624   19.993   0.5355   -0.249       6.    1.547  -33.895
