 NL    NX    NY  LOWBAD HIGHBAD  THRESH     AP1  PH/ADU  RNOISE    FRAD
  1  2208  2203   -43.6 30000.0   8.700   4.000   4.500   2.440  10.000
 
      1 1779.711  184.692    9.558   0.0032    6.348       4.    3.942    0.418
      2 1825.688 1633.680    9.909   0.0022    4.740       4.    2.554    0.512
      3 2025.422  771.400    9.921   0.0019    4.536       4.    2.223    0.242
      4 1526.193 1678.005   10.457   0.0015    2.919       4.    1.543    0.412
      5 1560.673 1105.532   10.878   0.0013    1.862       4.    1.194    0.127
      6 1179.215  147.872   11.112   0.0021    1.610       4.    1.788    0.075
      7 1656.105 1376.976   11.115   0.0011    1.273       4.    0.885    0.230
      8  314.650  807.541   11.452   0.0012    0.583       4.    0.928    0.193
      9  435.260  762.920   11.537   0.0015    1.103       4.    1.052    0.304
     10  307.506 1379.882   12.143   0.0018    0.708       6.    1.010    0.272
     11  154.349 1614.657   12.581   0.0021    0.622       6.    0.979   -0.135
     12 1850.411 2038.966   12.644   0.0035   -0.017       6.    1.655    0.758
     13  169.429  238.110   12.700   0.0031    0.262       6.    1.422    0.629
     14  665.491  926.319   12.756   0.0018    0.220       4.    0.787    0.398
     15 2058.791  839.536   12.919   0.0030    0.349       4.    1.240    0.518
     16  613.321  402.877   13.002   0.0024    0.117       5.    0.933    0.423
     17  507.447 1724.014   13.124   0.0024    0.008       4.    0.897    0.211
     18  989.353 1876.376   13.161   0.0021    0.021       4.    0.778    0.182
     19  794.571 1354.852   13.219   0.0023    0.006       4.    0.846    0.339
     20  155.609 1530.783   13.237   0.0031   -0.048       4.    1.129    0.062
     21  723.799 1634.176   13.350   0.0029    0.240       4.    0.997   -0.022
     22 1872.738 1455.033   13.436   0.0031   -0.279       4.    1.002    0.398
     23 1453.812 1290.776   13.577   0.0026   -0.123       4.    0.785   -0.037
     24 1681.817  765.503   13.719   0.0034    0.313       4.    0.956    0.350
     25 1206.612  703.399   13.721   0.0030    0.184       4.    0.863    0.396
     26  272.817 1631.365   13.727   0.0034   -0.156       6.    0.941    0.040
     27  217.209  795.902   13.748   0.0142    0.036      14.    3.897    3.446
     28  477.517 1069.262   13.766   0.0034   -0.245       6.    0.953    0.491
     29 1727.964  704.447   13.811   0.0040   -0.074       5.    1.080    0.675
     30  589.823  813.011   13.821   0.0032    0.019       4.    0.857    0.489
     31  311.654 1092.102   13.875   0.0038   -0.132       5.    0.994    0.297
     32 1851.450 1251.390   13.926   0.0034    0.150       5.    0.857    0.326
     33  710.563  163.927   13.932   0.0159    0.512       7.    4.082    5.794
     34 1140.973 1656.161   13.955   0.0035   -0.149       4.    0.879   -0.267
     35  637.194 1864.101   14.058   0.0037   -0.180       4.    0.884    0.315
     36  331.018  617.827   14.084   0.0041   -0.275       5.    0.946    0.714
     37  882.958  792.647   14.091   0.0042   -0.252       5.    0.996    0.659
     38 1961.447 1177.552   14.128   0.0044   -0.141       5.    1.024    0.382
     39 1028.731  679.744   14.137   0.0039   -0.199       4.    0.903    0.295
     40 1302.534 1531.452   14.211   0.0039   -0.039       6.    0.855    0.136
     41  500.875 1977.084   14.229   0.0043    0.002       5.    0.942    0.111
     42  594.819  600.547   14.264   0.0043    0.134       5.    0.913    0.512
     43 1699.897  324.745   14.334   0.0176    0.086      10.    3.619    4.503
     44 1917.531  931.767   14.404   0.0042   -0.072       5.    0.825    0.190
     45  984.067  896.989   14.436   0.0046    0.136       4.    0.908    0.160
     46  137.007 1619.985   14.477   0.0058    0.561       5.    1.094   -0.070
     47 1023.536  484.344   14.507   0.0051   -0.019       5.    0.952    0.514
     48  212.732  813.333   14.520   0.0052    0.307       7.    0.946    0.417
     49  871.826 1238.801   14.521   0.0055    0.095       4.    1.030    0.057
     50  165.437  844.567   14.532   0.0054    0.208       5.    1.000   -0.086
     51 1221.637 1071.063   14.534   0.0053    0.085       5.    0.976    0.266
     52  333.155  956.465   14.543   0.0057    0.073       6.    1.049    0.453
     53  184.513 1321.179   14.560   0.0054   -0.170       4.    0.987   -0.161
     54 1335.686 1937.221   14.567   0.0054    0.244       5.    0.980    0.142
     55  282.689 1977.220   14.576   0.0055    0.095       5.    0.993    0.207
     56  921.171 1964.484   14.593   0.0054   -0.273       5.    0.971   -0.057
     57 1050.901  223.492   14.595   0.0065   -0.232       5.    1.164    0.846
     58 1629.274 1448.119   14.604   0.0052   -0.324       5.    0.924    0.321
     59  273.197  169.957   14.605   0.0055   -0.296       5.    0.986    0.387
     60  620.760  523.878   14.609   0.0054   -0.186       5.    0.960    0.586
     61  304.863  556.610   14.667   0.0060    0.021       5.    1.029    0.268
     62  659.159 1086.083   14.682   0.0056    0.302       5.    0.947    0.369
     63  136.308 2033.824   14.702   0.0083    0.479       5.    1.388   -0.639
     64 1139.932 1188.018   14.706   0.0057    0.209       5.    0.950   -0.261
     65 1398.228  479.258   14.715   0.0058   -0.337       5.    0.979    0.637
     66 1848.245  569.882   14.717   0.0055    0.196       5.    0.911    0.527
     67  644.169 1397.148   14.732   0.0054   -0.366       5.    0.891    0.426
     68  584.979 1215.276   14.734   0.0062    0.173       6.    1.020   -0.022
     69 1481.195 1875.652   14.737   0.0066   -0.230       5.    1.093    0.318
     70 1160.910  268.105   14.743   0.0071   -0.088       4.    1.170    0.772
     71  206.517  827.403   14.747   0.0062   -0.096       5.    1.013    0.052
     72 1889.808  533.079   14.753   0.0067   -0.065       4.    1.099    0.554
     73  539.055 1918.122   14.768   0.0065    0.083       5.    1.058    0.146
     74  136.538  819.932   14.779   0.0067    0.044       5.    1.079    0.660
     75  946.571 1274.579   14.811   0.0066   -0.097       5.    1.054    0.026
     76  442.581  798.343   14.826   0.0073    0.787       5.    1.155    0.727
     77 2024.367  668.247   14.888   0.0070   -0.559       5.    1.064    0.083
     78  966.298  631.822   14.894   0.0067   -0.037       6.    1.004    0.628
     79  621.693  857.230   14.898   0.0069    0.174       4.    1.047    1.197
     80 1947.080  160.646   14.909   0.0080   -0.259       5.    1.201    0.873
     81 1875.880  913.869   14.912   0.0065    0.066       5.    0.969    0.240
     82 1877.972  316.938   14.942   0.0081    0.074       5.    1.197    0.992
     83 1714.293  668.014   14.963   0.0080    0.156       5.    1.169    0.368
     84 1458.753 1780.356   14.970   0.0077   -0.416       5.    1.121    0.239
     85 1857.907  430.818   15.013   0.0076   -0.049       5.    1.073    0.444
     86 1182.371  645.327   15.027   0.0066    0.115       5.    0.922    0.261
     87  231.597 1380.407   15.116   0.0080    0.189       5.    1.054   -0.188
     88 1974.261  384.032   15.120   0.0083    0.030       5.    1.098    0.260
     89 1738.344 1469.927   15.141   0.0073   -0.154       5.    0.956    0.031
     90 2026.901  245.469   15.177   0.0082   -0.058       5.    1.047    0.408
     91  361.490 1859.299   15.250   0.0087   -0.071       5.    1.059   -0.035
     92  292.311 1409.128   15.283   0.0101    0.494       5.    1.217    0.278
     93  835.841 2068.069   15.291   0.0103    0.052       5.    1.237   -0.364
     94 2002.706 1421.555   15.315   0.0109   -0.267       4.    1.290    0.815
     95 1432.728  657.948   15.319   0.0095   -0.202       5.    1.113   -0.092
     96  755.783  383.938   15.327   0.0113    0.069       6.    1.318    0.300
     97 1357.939 1884.645   15.327   0.0099   -0.116       5.    1.151    0.290
     98  972.827 1963.609   15.331   0.0086   -0.113       5.    0.999   -0.372
     99  789.365 2004.236   15.388   0.0093   -0.101       4.    1.049   -0.040
    100 1884.697 1696.161   15.399   0.0109   -0.353       5.    1.228   -0.149
    101  425.636 1992.084   15.401   0.0100   -0.155       5.    1.120    0.226
    102 1656.684  500.489   15.408   0.0301    0.457       5.    3.341    9.941
    103 1636.927  174.024   15.458   0.0117   -0.690       5.    1.263    0.134
    104  329.631  818.325   15.463   0.0142    1.628       7.    1.312    2.846
    105  867.669  440.331   15.464   0.0121   -0.158       5.    1.293    0.134
    106 1084.388 1410.091   15.466   0.0094   -0.209       5.    1.012    0.129
    107  953.894  254.193   15.466   0.0102   -0.163       5.    1.093    0.486
    108  514.379  766.000   15.470   0.0119   -0.372       5.    1.273    0.695
    109  255.005  932.651   15.475   0.0099   -0.253       5.    1.053    0.242
    110 1691.788  831.105   15.475   0.0108   -0.296       5.    1.148   -0.353
    111 1046.543 1990.940   15.482   0.0096   -0.062       5.    1.012   -0.527
    112  240.088 1620.616   15.487   0.0104    0.142       5.    1.101    0.089
    113  463.179  402.579   15.490   0.0110    0.289       4.    1.161    0.227
    114  515.807  265.841   15.493   0.0100   -0.023       5.    1.050    0.709
    115  618.625  548.971   15.504   0.0103   -0.089       5.    1.079    0.596
    116  192.404 1440.146   15.508   0.0109    0.023       5.    1.131   -0.272
    117  451.838 1501.062   15.519   0.0126   -0.139       5.    1.305    0.807
    118 2069.287  466.378   15.530   0.0116   -0.126       5.    1.185    0.757
    119  148.563  258.879   15.535   0.0132    0.501       5.    1.347   -0.319
    120 1011.482 1751.612   15.540   0.0104   -0.151       5.    1.058   -0.306
    121  773.045  438.425   15.540   0.0119    0.031       5.    1.215    0.383
    122  853.102  259.003   15.552   0.0457    0.107       5.    4.668   15.141
    123 1853.939 1600.373   15.561   0.0141    1.773       5.    1.408    1.813
    124 1352.373 1526.707   15.568   0.0116    0.031       5.    1.164   -0.153
    125 1008.348  414.077   15.568   0.0123   -0.244       5.    1.237    0.515
    126 1158.773 1444.069   15.577   0.0105   -0.097       5.    1.047    0.377
    127  539.540 1564.897   15.586   0.0114   -0.116       5.    1.131    0.379
    128  346.130 2051.409   15.587   0.0120    0.042       5.    1.185   -0.424
    129  535.980 1464.000   15.593   0.0114   -0.312       5.    1.121    0.981
    130 1278.020 2046.565   15.595   0.0128   -0.217       5.    1.266   -0.247
    131 1816.824 2001.545   15.598   0.0127    0.211       5.    1.253    0.317
    132  789.956  585.811   15.603   0.0116   -0.049       4.    1.141    0.513
    133 1046.570  200.306   15.604   0.0125   -0.195       5.    1.227    0.833
    134 1123.648 1536.923   15.605   0.0116   -0.086       5.    1.105    1.547
    135 1416.347  234.835   15.608   0.0107   -0.110       5.    1.050   -0.279
    136  166.602 1826.240   15.610   0.0121   -0.262       5.    1.181    0.062
    137  363.591 1082.682   15.620   0.0123   -0.069       5.    1.193    0.106
    138 1985.143 1815.205   15.622   0.0122   -0.075       5.    1.182   -0.061
    139  849.882 1729.795   15.627   0.0131   -0.170       5.    1.270   -0.067
    140 1309.549 1727.348   15.633   0.0135    0.035       4.    1.304   -0.362
    141 1713.993  537.162   15.634   0.0119   -0.197       5.    1.145   -0.097
    142 1404.469 2054.511   15.635   0.0125   -0.333       5.    1.208    0.161
    143  673.269  999.383   15.635   0.0113    0.070       5.    1.078   -0.257
    144  500.395  558.202   15.636   0.0135   -0.122       6.    1.298    0.597
    145  735.198  442.959   15.641   0.0123   -0.048       5.    1.177    0.018
    146  842.116  960.718   15.641   0.0113   -0.015       5.    1.081   -0.305
    147  201.978 1792.620   15.646   0.0114   -0.226       5.    1.084    0.303
    148  410.113 1401.937   15.649   0.0122    0.018       5.    1.161   -0.009
    149 1983.716 1165.230   15.650   0.0121    0.134       5.    1.142    0.393
    150 2069.960 1327.896   15.655   0.0158   -0.311       4.    1.508    0.266
    151  799.372 1572.762   15.657   0.0136   -0.039       5.    1.292   -0.907
    152  446.023  840.338   15.657   0.0144   -0.302       5.    1.373    0.465
    153 1554.046  309.563   15.659   0.0111   -0.102       5.    1.048    0.501
    154  870.964 1792.983   15.664   0.0126   -0.047       5.    1.187   -0.304
    155 2045.658 1622.340   15.668   0.0145   -0.250       5.    1.370    0.574
    156  630.306 1819.364   15.670   0.0120   -0.232       5.    1.131    0.112
    157 1133.301 1530.684   15.671   0.0110   -0.085       5.    1.008    0.078
    158 1416.258 1824.366   15.673   0.0137   -0.276       5.    1.291   -0.139
    159 1185.407  802.183   15.676   0.0120   -0.289       5.    1.122    0.734
    160  445.675 1034.698   15.676   0.0141   -0.019       5.    1.325    0.691
    161 2000.996 1623.221   15.677   0.0132   -0.233       5.    1.235    0.554
    162  494.677 1946.945   15.679   0.0108    0.087       5.    1.002   -0.384
    163 1197.033 1153.252   15.689   0.0150   -0.353       5.    1.268    0.954
    164 1056.019  689.779   15.694   0.0115   -0.200       5.    1.067    0.586
    165  998.415  209.508   15.695   0.0135   -0.215       4.    1.259    0.668
    166  349.999  725.627   15.700   0.0135   -0.478       5.    1.251    0.153
    167  323.301 1979.986   15.704   0.0115   -0.342       5.    1.061    0.260
    168  559.716 1962.487   15.704   0.0122    0.029       5.    1.125   -0.598
    169  895.853 1427.641   15.706   0.0129   -0.278       5.    1.192   -0.444
    170  469.397 1197.476   15.710   0.0123    0.058       5.    1.120   -0.063
    171 1737.484 1210.131   15.711   0.0126   -0.041       5.    1.141    0.112
    172  407.841 1130.807   15.712   0.0141   -0.272       5.    1.295    0.117
    173  317.526 1723.752   15.715   0.0121    0.334       5.    1.105    0.509
    174 1957.770 1332.770   15.727   0.0139   -0.198       5.    1.266    0.353
    175 1638.187  333.467   15.727   0.0125   -0.103       5.    1.131   -0.166
    176 1278.197  547.995   15.735   0.0139   -0.121       5.    1.257    0.895
    177  242.192 1737.582   15.736   0.0140   -0.148       5.    1.264    0.941
    178  598.442  488.674   15.743   0.0120   -0.273       5.    1.075    0.028
    179 1781.261 1046.594   15.745   0.0119   -0.275       5.    1.071   -0.008
    180  652.917 1838.892   15.745   0.0125    0.082       5.    1.124   -0.119
    181 1445.668 1937.222   15.746   0.0150   -0.177       4.    1.343    0.313
    182  859.553 1892.112   15.750   0.0115   -0.300       5.    1.033    0.311
    183 1462.756  828.755   15.755   0.0137    0.040       4.    1.220    0.083
    184 1600.031 1251.232   15.756   0.0130   -0.455       5.    1.156    1.227
    185  426.530  338.253   15.772   0.0130    0.233       5.    1.145    0.675
    186  586.776  826.426   15.780   0.0135   -0.055       5.    1.068    1.343
    187  195.813  671.706   15.782   0.0140   -0.438       4.    1.222    1.059
    188 1236.537 1841.911   15.787   0.0146    0.039       4.    1.270   -0.174
    189 1889.275  911.162   15.791   0.0133   -0.144       5.    1.130    0.409
    190 1894.866 2060.375   15.792   0.0157    0.264       5.    1.364   -0.262
    191 1349.000 1284.181   15.808   0.0128    0.137       5.    1.097   -0.288
    192 1750.052 1108.691   15.812   0.0142   -0.045       5.    1.216   -0.909
    193 1354.986 1234.340   15.812   0.0135    0.005       5.    1.153   -0.340
    194  308.582 1847.071   15.813   0.0129   -0.035       5.    1.103    0.252
    195  813.973  246.864   15.814   0.0143    0.448       5.    1.218   -0.562
    196  426.153 1337.394   15.816   0.0138   -0.315       5.    1.184   -0.236
    197  377.396  511.162   15.816   0.0144   -0.208       5.    1.229    0.090
    198 1990.140 1177.769   15.817   0.0153    0.093       5.    1.296   -0.255
    199 1855.926  237.258   15.821   0.0515    0.061      33.    4.427   15.158
    200  400.290  453.502   15.822   0.0145    0.000       5.    1.229   -0.148
    201  597.214 1181.387   15.827   0.0120    0.069       5.    1.017   -0.198
    202  610.136 1226.570   15.827   0.0139   -0.297       5.    1.185    1.925
    203  798.648 1240.930   15.828   0.0145    0.161       5.    1.228   -0.809
    204  413.353  362.150   15.833   0.0148   -0.038       5.    1.244    0.737
    205  185.322  153.839   15.838   0.0151   -0.079       5.    1.269   -0.035
    206  746.943 1548.772   15.838   0.0155   -0.008       5.    1.309    0.018
    207 1410.290 1563.199   15.846   0.0145   -0.295       5.    1.224    0.812
    208  638.542  622.688   15.849   0.0108    0.137       5.    0.892   -0.189
    209 1707.730  143.924   15.852   0.0162   -0.260       5.    1.354    0.392
    210 1486.327 1948.773   15.853   0.0131   -0.117       4.    1.100   -0.247
    211 1513.259 1867.884   15.858   0.0128   -0.299       5.    1.067    0.801
    212 1106.894 1850.713   15.864   0.0142   -0.016       4.    1.174    0.470
    213 1682.068  467.665   15.868   0.0145    0.644       5.    1.188   -0.179
    214 2005.785 1071.768   15.870   0.0153   -0.046       5.    1.263   -0.511
    215  474.988  411.301   15.874   0.0158    0.076       6.    1.273    0.598
    216 1264.322  224.895   15.878   0.0153   -0.303       5.    1.259    1.282
    217 1676.379 1174.026   15.889   0.0128   -0.620       5.    1.050    0.589
    218  467.346 1416.059   15.892   0.0146   -0.108       5.    1.185   -0.258
    219 1259.588  287.673   15.895   0.0144   -0.635       5.    1.174    0.801
    220  304.825  709.725   15.895   0.0139   -0.345       5.    1.135   -0.162
    221 1858.532 1500.051   15.898   0.0158   -0.113       5.    1.274    0.123
    222  206.703 1498.017   15.899   0.0167   -0.332       5.    1.350   -0.562
    223 1361.102  324.431   15.902   0.0128    0.119       5.    1.033    0.515
    224 1586.531 2038.278   15.903   0.0134   -0.056       5.    1.081   -0.035
    225  938.288  924.698   15.909   0.0148    0.251       5.    1.191   -0.154
    226 1799.010  509.168   15.911   0.0168   -0.171       5.    1.351   -0.243
    227  270.206 1404.211   15.919   0.0172    0.703       5.    1.362   -0.315
    228 1303.395  595.692   15.921   0.0133    0.095       5.    1.059    0.659
    229 2036.789 1178.819   15.928   0.0181   -0.186       5.    1.442    0.619
    230  623.979  886.610   15.951   0.0148    0.139       5.    1.154   -0.437
    231  187.976 1626.432   15.961   0.0228    0.160       6.    1.747    6.095
    232 1436.718  370.326   15.963   0.0141   -0.009       5.    1.090    0.575
    233 1288.014 1611.095   15.963   0.0167   -0.202       5.    1.297   -0.532
    234 1827.569 1520.255   15.969   0.0161   -0.344       5.    1.245    0.334
    235  724.551 1407.247   15.984   0.0155   -0.289       5.    1.185   -0.337
    236  716.378  144.835   16.001   0.0242    1.537       5.    1.824    5.761
    237 1308.008 1013.145   16.007   0.0153    0.030       5.    1.153   -0.257
    238  731.891 1945.703   16.014   0.0156    0.357       5.    1.158   -0.526
    239 1418.498  172.302   16.036   0.0164   -0.268       5.    1.215    0.242
    240 1948.762  501.270   16.051   0.0159   -0.200       5.    1.165   -0.543
    241  577.530 1479.043   16.054   0.0159   -0.004       4.    1.157   -0.619
    242 1248.903 1033.228   16.057   0.0169   -0.008       5.    1.226   -1.150
    243 1493.036 2025.067   16.059   0.0156   -0.345       5.    1.126   -1.691
    244 1288.209  456.126   16.068   0.0177   -0.162       5.    1.279    1.357
    245 2047.765  340.329   16.070   0.0189   -0.099       5.    1.364    1.177
    246 1512.659 1571.846   16.077   0.0196   -0.056       5.    1.407   -2.536
    247  588.498 1125.477   16.079   0.0183   -0.356       5.    1.317    0.352
    248 1515.670  145.195   16.085   0.0189   -0.349       5.    1.351   -0.089
    249  340.607 1740.591   16.086   0.0321    0.147       5.    2.283    9.302
    250 1302.448 1134.472   16.101   0.0169   -0.028       5.    1.192   -0.481
    251  947.571 1817.548   16.103   0.0183    0.087       5.    1.284   -0.959
    252 1280.583 1180.063   16.108   0.0173   -0.312       5.    1.212   -0.003
    253 1713.753 1219.871   16.126   0.0163   -0.016       5.    1.127    1.067
    254  364.262 1283.751   16.130   0.0187   -0.058       5.    1.297   -0.435
    255 1683.349 2022.467   16.130   0.0176   -0.144       5.    1.222    0.657
    256  898.178 1197.054   16.154   0.0180    0.103       5.    1.220   -0.037
    257  984.080  321.490   16.156   0.0196    0.108       4.    1.327   -0.805
    258  517.931  450.259   16.156   0.0210    0.104       5.    1.427   -0.653
    259 2044.505 1462.112   16.157   0.0224    0.134       5.    1.517    0.337
    260 1762.419 1619.823   16.170   0.0179    0.850       5.    1.194   -1.803
    261  423.901 1272.234   16.171   0.0192   -0.259       5.    1.293   -0.486
    262 1179.199 1713.075   16.185   0.0201    0.005       5.    1.337   -0.798
    263 1783.447  765.494   16.192   0.0199   -0.099       5.    1.319   -0.864
    264 1013.451  891.633   16.202   0.0191   -0.068       5.    1.253    0.507
    265  516.904 1981.875   16.208   0.0191    0.472       7.    1.215   -0.647
    266 1116.373  338.116   16.226   0.0194    0.126       5.    1.250    0.775
    267  142.769 1700.327   16.234   0.0207   -0.485       5.    1.337    1.532
    268  651.571 1716.589   16.239   0.0188    0.039       4.    1.203   -0.269
    269  924.771 2031.288   16.249   0.0166   -0.199       5.    1.057   -1.165
    270  741.669 1277.705   16.249   0.0189   -0.074       5.    1.207   -0.082
    271 1761.552 1171.006   16.259   0.0420   -0.034       7.    2.665   10.809
    272 1149.550 1071.989   16.280   0.0200   -0.280       5.    1.254   -0.932
    273 1742.277  645.063   16.282   0.0206   -0.070       5.    1.280   -0.127
    274 1965.306  146.836   16.285   0.0239   -0.125       5.    1.474    1.430
    275  537.559  442.505   16.315   0.0226    0.082       5.    1.371   -0.667
    276 1149.814 1673.418   16.323   0.0224    0.181       6.    1.329    2.188
    277  207.454  645.589   16.324   0.0191   -0.376       5.    1.159    0.002
    278  937.002 1543.149   16.327   0.0198    0.375       5.    1.184   -0.120
    279 1108.979 1350.894   16.338   0.0197   -0.135       5.    1.174    0.223
    280 1852.038 1798.906   16.347   0.0201   -0.425       5.    1.194   -0.254
    281 1639.395 1572.888   16.357   0.0210   -0.513       5.    1.243   -0.881
    282 1728.543  788.032   16.358   0.0211   -0.021       5.    1.245    0.002
    283  738.192 1440.056   16.389   0.0216   -0.175       5.    1.244   -0.968
    284  274.067 1256.919   16.400   0.0218   -0.561       5.    1.252   -0.343
    285 1497.413  535.466   16.407   0.0206   -0.045       5.    1.162   -0.086
    286 1591.596  273.794   16.415   0.0210   -0.273       5.    1.192   -0.507
    287 1274.804 1099.069   16.419   0.0234   -0.224       5.    1.323   -0.526
    288 1631.553  718.031   16.438   0.0225   -0.010       5.    1.254    0.792
    289 1949.838 1017.043   16.445   0.0217   -0.148       5.    1.200   -0.085
    290  356.702 1249.203   16.452   0.0238   -0.263       5.    1.314    1.238
    291  980.203  824.347   16.472   0.0211   -0.143       5.    1.145   -0.029
    292 1483.222  457.422   16.474   0.0195   -0.182       5.    1.057    0.416
    293  141.903 1502.571   16.477   0.0284   -0.164       5.    1.546   -0.252
    294 1017.773 1447.051   16.557   0.0243   -0.037       5.    1.240   -0.801
    295  840.912  996.238   16.565   0.0243   -0.133       5.    1.238   -0.197
    296 1453.934 1921.205   16.601   0.0260   -0.329       6.    1.277   -0.073
    297 1231.026  743.735   16.603   0.0217    0.091       5.    1.067    0.818
    298 1157.156 1879.796   16.620   0.0231   -0.365       5.    1.132   -0.704
    299 1077.826 1523.369   16.624   0.0248    0.060       5.    1.203   -0.619
    300 1583.625 1064.119   16.625   0.0238    0.816       4.    1.146   -1.097
    301  513.199  620.431   16.626   0.0261   -0.103       5.    1.258   -0.094
    302 1719.883  593.177   16.636   0.0273    0.013       4.    1.318   -1.022
    303  304.617  143.457   16.655   0.0297   -0.206       5.    1.412    0.614
    304 2013.078 1905.162   16.668   0.0284   -0.081       5.    1.331    0.355
    305  601.027 1050.276   16.678   0.0253    0.068       4.    1.177   -1.612
    306  949.099 1382.783   16.685   0.0328   -0.211       5.    1.514   -1.180
    307 1624.812 1175.334   16.692   0.0243   -0.533       5.    1.126   -0.317
    308 1668.779 1133.939   16.693   0.0262   -0.174       5.    1.212    0.598
    309  800.934  190.227   16.706   0.0250   -0.573       5.    1.145   -0.271
    310  368.804 1158.829   16.713   0.0276   -0.090       4.    1.257   -1.129
    311  304.884 1792.998   16.717   0.0281   -0.255       5.    1.275   -0.192
    312 1065.167 1336.788   16.725   0.0292   -0.343       5.    1.326    0.247
    313 1104.885 1244.374   16.738   0.0298    0.245       5.    1.329   -1.298
    314 2060.859 1833.732   16.738   0.0356    0.308       5.    1.593    1.460
    315  883.909 1924.995   16.743   0.0266   -0.032       5.    1.183   -0.215
    316 1397.487 1199.567   16.744   0.0297   -0.039       5.    1.320   -0.839
    317 2030.122 1856.622   16.750   0.0330    0.079       4.    1.459    0.676
    318 1454.365  661.306   16.775   0.0263   -0.042       5.    1.143    0.122
    319  646.495  840.962   16.787   0.0323   -0.212       5.    1.391    2.869
    320  625.489 1045.094   16.791   0.0325    0.151       5.    1.363    4.234
    321  753.632 1914.100   16.794   0.0398    0.003       5.    1.705    8.231
    322 1657.602 1591.585   16.796   0.0320   -0.339       5.    1.372   -0.730
    323 1261.673 1748.275   16.802   0.0333   -0.115       5.    1.414   -1.061
    324 1322.812 1202.415   16.822   0.0325   -0.056       5.    1.369   -1.440
    325 1552.327 1386.408   16.822   0.0303   -0.310       6.    1.265    0.886
    326  826.845  490.263   16.842   0.0328   -0.264       5.    1.359    1.497
    327 2042.563  694.395   16.858   0.0344    0.076       5.    1.395   -1.456
    328 1557.811 1312.868   16.860   0.0488   -0.136       9.    2.001   11.356
    329 1101.276 1569.997   16.864   0.0289   -0.111       5.    1.171   -0.771
    330 1803.407  860.114   16.865   0.0342    0.111       5.    1.385   -2.213
    331 2031.423  468.800   16.897   0.0351   -0.048       5.    1.393   -0.131
    332  888.239  998.457   16.911   0.0384   -0.102       5.    1.499    0.592
    333 1161.411  794.386   16.920   0.0296   -0.263       5.    1.150    1.029
    334  182.099  822.567   16.923   0.0325    0.357       5.    1.256   -1.778
    335  855.224 1635.995   16.931   0.0351    0.053       5.    1.352   -0.047
    336 1487.582  686.761   16.941   0.0348   -0.020       5.    1.327   -1.781
    337  628.404 1055.506   16.946   0.0372    0.222       4.    1.371    1.982
    338 1097.293 1034.441   16.948   0.0323    0.108       5.    1.226   -1.262
    339  938.337  650.389   16.958   0.0377   -0.009       5.    1.427    1.376
    340  482.765  565.753   16.959   0.0325   -0.134       4.    1.223    1.550
    341  323.305  320.894   16.962   0.0365    0.340       5.    1.366   -1.720
    342 1024.334 1924.812   16.963   0.0325    0.342       5.    1.218   -1.408
    343 1014.680 1665.175   16.963   0.0336   -0.089       5.    1.265    0.060
    344  473.067  658.026   16.965   0.0429   -0.104       5.    1.608    9.037
    345  851.362 1544.355   16.968   0.0379    0.320       5.    1.406   -2.542
    346 1187.713 1072.531   16.969   0.0359   -0.009       5.    1.345   -0.723
    347  568.159 1910.251   16.971   0.0338   -0.007       5.    1.266    0.407
    348 1762.428 1267.018   17.019   0.0357   -0.364       5.    1.286    0.502
    349  790.914 1471.057   17.059   0.0384   -0.159       5.    1.342   -1.438
    350  704.821  249.317   17.084   0.0397   -0.428       5.    1.362    2.890
    351 1369.728  957.013   17.092   0.0387   -0.002       5.    1.316   -1.240
    352 1142.275 1741.258   17.108   0.0404   -0.319       5.    1.365    0.412
    353  925.129 1865.369   17.109   0.0374   -0.170       5.    1.259   -0.606
    354  880.248  853.921   17.110   0.0378   -0.183       5.    1.270    2.560
    355  336.038  629.091   17.121   0.0341   -0.431       5.    1.037    1.579
    356 1547.177 1461.808   17.142   0.0375   -0.481       5.    1.230    1.073
    357  579.357  639.424   17.151   0.0340   -0.027       5.    1.100   -2.004
    358 1673.500 1586.704   17.157   0.0390   -0.336       4.    1.271    0.246
    359  745.745  722.034   17.159   0.0338   -0.447       5.    1.096    0.467
    360  686.929 1322.685   17.175   0.0401   -0.108       5.    1.283    5.556
    361 1997.840  451.385   17.179   0.0423   -0.006       5.    1.338    3.962
    362  832.679  867.605   17.204   0.0376    0.045       4.    1.170   -2.149
    363 1769.519 1737.917   17.218   0.0424   -0.339       5.    1.319   -0.293
    364 1549.061  736.130   17.221   0.0361    0.064       5.    1.112   -0.247
    365  955.135  504.353   17.255   0.0470   -0.033       5.    1.392   -1.786
    366  173.595  752.973   17.269   0.0442    0.134       6.    1.307   -1.688
    367  867.070 1848.531   17.280   0.0438   -0.321       5.    1.292    0.417
    368 1303.706  156.300   17.288   0.0468   -0.550       5.    1.381    0.412
    369 1055.937  770.633   17.305   0.0422    0.035       5.    1.212   -0.395
    370  527.729 1383.373   17.306   0.0437   -0.119       5.    1.254   -0.691
    371 1134.150  571.837   17.313   0.0413   -0.503       5.    1.187    1.722
    372 1672.062  729.574   17.319   0.0475    0.135       5.    1.346    2.346
    373  700.711  749.562   17.330   0.0401   -0.312       5.    1.135    2.290
    374 1487.656 1165.927   17.340   0.0506   -0.110       4.    1.420   -0.015
    375 1217.785 1660.450   17.344   0.0518    0.080       5.    1.447   -3.084
    376 1598.194 1103.284   17.345   0.0456    0.836       5.    1.251    2.128
    377  595.513 1944.942   17.349   0.0473   -0.054       6.    1.300   -0.295
    378  308.643 1406.337   17.349   0.0554    0.874       7.    1.503    4.684
    379 1033.448  295.759   17.354   0.0474   -0.361       5.    1.323    0.784
    380 1196.408 1162.306   17.361   0.0531   -0.311       5.    1.231    0.351
    381  200.376  868.617   17.362   0.0481   -0.296       5.    1.322   -3.961
    382  911.078 1033.182   17.365   0.0487   -0.109       5.    1.340    1.112
    383  990.145  268.032   17.367   0.0491   -0.158       5.    1.351   -0.057
    384  530.559  877.090   17.371   0.0472    0.006       5.    1.289   -0.342
    385 1861.054  392.264   17.373   0.0500    0.033       5.    1.369   -1.355
    386 1823.863 1850.650   17.387   0.0465   -0.263       5.    1.261    2.104
    387  376.250  565.364   17.391   0.0535   -0.293       5.    1.446    3.247
    388 1416.070  572.373   17.392   0.0416   -0.027       4.    1.120   -1.749
    389  965.996 2047.449   17.400   0.0493   -0.209       5.    1.316   -1.951
    390  991.630 1230.053   17.423   0.0562    0.305       5.    1.462   -1.507
    391 1377.497 2006.861   17.424   0.0470    0.106       5.    1.225   -2.547
    392 1730.363 1701.573   17.425   0.0478   -0.319       5.    1.253    2.595
    393 1756.229 1448.646   17.431   0.0584   -0.534       5.    1.538    5.294
    394 1476.750 1818.421   17.432   0.0516   -0.119       4.    1.349   -0.134
    395 2021.943 1827.716   17.434   0.0593   -0.027       5.    1.541    4.434
    396 1700.985 1027.748   17.450   0.0505   -0.265       5.    1.302   -1.084
    397 1463.891 1694.459   17.457   0.0575    0.536       4.    1.461   -3.193
    398 1448.248  982.814   17.465   0.0564   -0.106       4.    1.436    0.634
    399 1285.347  322.231   17.469   0.0560   -0.150       5.    1.416    2.551
    400  794.701 1166.182   17.477   0.0543   -0.074       5.    1.353   -0.403
    401 1809.049 1352.017   17.477   0.0499   -0.237       5.    1.256   -1.025
    402 1451.312  820.924   17.499   0.0495   -0.155       6.    1.204   -0.136
    403  891.449 1505.860   17.510   0.0566   -0.123       5.    1.384   -0.232
    404  712.311  414.459   17.518   0.0649   -0.243       5.    1.583    1.054
    405 1787.352  353.014   17.530   0.0540   -0.306       5.    1.300   -0.805
    406 1292.268  342.710   17.532   0.0627   -0.301       7.    1.510    5.333
    407 1724.036 1144.637   17.544   0.0458    0.230       4.    1.086   -0.642
    408  469.237 1903.480   17.546   0.0505   -0.083       5.    1.198   -1.241
    409 1233.242 1856.105   17.551   0.0565   -0.017       4.    1.329    0.538
    410 1628.953 1466.468   17.560   0.0564   -0.139       7.    1.313   -0.464
    411  445.310 1396.471   17.561   0.0550   -0.080       5.    1.291   -0.094
    412  338.234 1603.473   17.562   0.0543   -0.229       5.    1.280   -0.446
    413  693.472 1490.912   17.571   0.0567   -0.062       5.    1.319   -3.948
    414  614.684 1246.128   17.576   0.0511   -0.145       5.    1.184   -0.461
    415 1585.816 1222.585   17.577   0.0564   -0.554       5.    1.313   -0.244
    416 2025.022 1545.127   17.580   0.0572   -0.295       5.    1.314   -2.312
    417  262.874  148.656   17.583   0.0592   -0.241       5.    1.363   -1.138
    418 1396.630  984.302   17.594   0.0589   -0.127       5.    1.346   -1.781
    419 1707.650  648.677   17.595   0.0556   -0.091       5.    1.260   -0.773
    420 1921.891  331.901   17.595   0.0586    0.006       5.    1.328    1.876
    421  933.676  890.763   17.603   0.0574   -0.105       5.    1.302    1.709
    422 1300.432 1373.940   17.610   0.0549   -0.061       5.    1.238   -0.748
    423 1255.861 1826.038   17.610   0.0641    0.046       5.    1.448   -2.064
    424 2026.491  901.923   17.615   0.0568   -0.357       5.    1.279   -2.541
    425  832.026  419.424   17.621   0.0637    0.160       5.    1.422   -0.434
    426  152.374  215.337   17.621   0.0658    0.441       5.    1.469    1.794
    427 1232.206  215.325   17.624   0.0602    0.074       5.    1.327    0.278
    428  320.081  698.797   17.628   0.0566   -0.394       6.    1.262    0.104
    429  658.621  281.722   17.636   0.0634   -0.118       5.    1.400    0.337
    430  229.652 1894.649   17.663   0.0626   -0.112       5.    1.340    0.925
    431  701.920 1463.905   17.665   0.0633   -0.021       5.    1.351   -0.586
    432  992.096  719.057   17.673   0.0589   -0.199       5.    1.253    2.127
    433  592.875 1034.091   17.673   0.0663    0.424       4.    1.408    1.697
    434 1255.426 1799.685   17.675   0.0603   -0.263       5.    1.290   -0.958
    435  306.296  512.055   17.676   0.0650   -0.143       5.    1.386   -0.115
    436  318.260 1206.207   17.701   0.0706   -0.308       8.    1.478    5.849
    437 1420.203 1638.333   17.719   0.0648    0.010       5.    1.324   -0.600
    438  852.515  920.670   17.724   0.0600   -0.346       5.    1.238   -0.183
    439  622.542 1353.042   17.731   0.0548   -0.293       6.    1.122    0.615
    440  223.327  726.701   17.734   0.0748   -0.272       5.    1.534    0.396
    441  837.928 1929.448   17.744   0.0626   -0.316       5.    1.265    0.790
    442 1313.352  853.989   17.753   0.0630    0.043       5.    1.241   -0.416
    443  481.463 1576.568   17.753   0.0696    0.300       5.    1.370   -6.743
    444 1598.490  154.798   17.754   0.0725   -0.591       6.    1.449    2.559
    445 2051.267 1867.464   17.761   0.0891    0.222       5.    1.751   -1.801
    446  737.855  180.877   17.762   0.0673    0.844       6.    1.303    1.337
    447 2048.920  566.709   17.767   0.0740   -0.187       5.    1.459    1.838
    448 1041.579  606.551   17.768   0.0632   -0.078       5.    1.238    1.235
    449  959.795  415.183   17.768   0.0642   -0.135       5.    1.272    0.258
    450  951.326 1043.953   17.769   0.0819    0.038       7.    1.630    5.168
    451 1937.207  462.929   17.774   0.0649   -0.263       5.    1.277    1.768
    452 1673.143  292.168   17.775   0.0607   -0.052       5.    1.196    1.467
    453  431.279  644.117   17.776   0.0670   -0.126       5.    1.320   -4.286
    454  605.446 1346.105   17.777   0.0565   -0.284       5.    1.115   -1.103
    455  219.582 1425.010   17.779   0.0757   -0.116       5.    1.487   -0.484
    456 1126.982  403.818   17.780   0.0649    0.290       5.    1.264   -1.585
    457 1737.946 1151.188   17.782   0.0599    0.148       6.    1.167   -0.994
    458 1568.307 2032.304   17.798   0.0558   -0.272       5.    1.076   -0.918
    459  660.402 2053.711   17.800   0.0822   -0.442       4.    1.600    0.064
    460 1565.858 1288.223   17.801   0.0629   -0.097       5.    1.205   -2.971
    461  598.111 1768.431   17.817   0.0633   -0.151       4.    1.197    0.461
    462 1743.395 1199.074   17.824   0.0609    0.324       5.    1.110   -0.152
    463 1096.909  678.967   17.826   0.0617   -0.210       4.    1.162   -1.505
    464  678.481 1079.806   17.829   0.0663   -0.008       5.    1.241    1.082
    465 1558.101  426.193   17.840   0.0643   -0.054       4.    1.200    2.864
    466  965.601  333.155   17.842   0.0741   -0.010       4.    1.320    0.662
    467  427.114 1849.908   17.844   0.0670    0.251       5.    1.236   -1.184
    468 1319.508 1504.266   17.859   0.0667    0.071       5.    1.229    1.622
    469  350.037  243.818   17.865   0.0771   -0.136       5.    1.412   -0.167
    470  955.648  333.203   17.871   0.0663   -0.029       5.    1.191   -0.748
    471  742.218 1459.398   17.883   0.0736   -0.133       5.    1.328   -4.001
    472  597.244  432.963   17.896   0.0781    0.081       5.    1.391    0.412
    473 1628.714  697.769   17.902   0.0807   -0.317       5.    1.439    1.824
    474  880.557 1753.027   17.904   0.0788   -0.062       5.    1.386   -1.430
    475 1262.060 1123.742   17.906   0.0733   -0.273       5.    1.293    1.213
    476 1208.653  880.561   17.909   0.0754   -0.080       5.    1.329   -3.468
    477  715.519 1852.724   17.917   0.0736   -0.072       5.    1.285   -0.656
    478  661.794 1739.089   17.928   0.0828   -0.208       5.    1.431    0.714
    479  326.098  996.782   17.938   0.0753   -0.238       5.    1.297    0.936
    480 1203.715 1392.280   17.940   0.0653   -0.077       5.    1.116    0.261
    481 1901.006  639.433   17.942   0.0797   -0.247       5.    1.375   -2.697
    482 1082.995 2014.916   17.943   0.0692   -0.114       5.    1.184   -3.574
    483  331.058  685.255   17.943   0.0797   -0.413       6.    1.369   -0.024
    484  764.091  845.587   17.943   0.0691   -0.201       5.    1.188   -1.725
    485 1283.688 1591.120   17.945   0.0817   -0.118       6.    1.396    0.289
    486  843.378  669.369   17.947   0.0742   -0.170       5.    1.258   -1.800
    487 2007.544  533.788   17.952   0.0806   -0.185       5.    1.357   -2.970
    488 1550.678  526.833   17.960   0.0706   -0.117       5.    1.182   -1.658
    489 1641.154 1848.185   17.964   0.0752    0.088       5.    1.261   -0.329
    490 1913.557  834.562   17.972   0.0766   -0.307       5.    1.286   -2.690
    491  414.968 1028.272   17.977   0.0822   -0.151       6.    1.362    1.237
    492 1599.078 2002.493   17.979   0.0734   -0.133       5.    1.217   -0.319
    493 1254.545 1954.519   17.982   0.0794   -0.084       5.    1.320   -0.431
    494  942.248  570.162   17.984   0.0804   -0.135       5.    1.324    3.528
    495  673.077 1807.002   17.985   0.0833   -0.184       5.    1.383    1.216
    496 1527.293 1227.228   17.995   0.0815   -0.306       5.    1.342   -3.061
    497  175.497 2013.361   17.995   0.0912   -0.126       6.    1.490    0.188
    498 1388.675 1675.327   18.010   0.0855   -0.487       5.    1.393    0.513
    499  725.967 1080.635   18.011   0.0850   -0.198       6.    1.366   -0.344
    500 1340.787  662.343   18.014   0.0834    0.046       5.    1.337   -1.730
    501  605.682 1778.085   18.016   0.0775   -0.040       5.    1.239   -0.502
    502 1908.420  305.103   18.018   0.0859   -0.129      17.    1.377    4.106
    503 1530.561  631.798   18.020   0.0735   -0.313       5.    1.182   -1.307
    504 1397.595 1742.119   18.021   0.0974   -0.274       5.    1.570   -5.919
    505 1496.878  997.305   18.022   0.0930   -0.073       5.    1.473   -2.522
    506 1766.438  904.736   18.032   0.0783   -0.074       5.    1.242   -4.461
    507 1910.907 2005.727   18.037   0.0938   -0.133       5.    1.488   -3.008
    508 1102.820 2013.804   18.049   0.0815   -0.133       5.    1.278   -0.332
    509 1566.069 1198.984   18.052   0.0818   -0.594       5.    1.291    2.475
    510 1271.828 1530.018   18.068   0.0855   -0.104       5.    1.324    1.569
    511  340.791 1489.329   18.068   0.1016    0.059       6.    1.558   -3.944
    512 1770.009 1776.595   18.073   0.0771   -0.308       4.    1.189    0.535
    513  365.189 1987.856   18.083   0.0881   -0.099       5.    1.336   -4.864
    514  510.129  332.698   18.084   0.0783   -0.217       5.    1.192   -0.539
    515  961.073  226.153   18.085   0.0856   -0.062       5.    1.276   -0.331
    516  191.127  770.994   18.086   0.0839    0.308       5.    1.244   -7.135
    517  278.912 1865.925   18.092   0.0936   -0.014       6.    1.416    0.265
    518  207.313 1115.841   18.138   0.0850   -0.154       5.    1.232   -1.109
    519 1475.392  162.513   18.149   0.0994   -0.106       5.    1.432   -3.337
    520  266.327 1352.119   18.155   0.0971    0.496       5.    1.366   -0.373
    521  725.887  487.353   18.169   0.1004    0.106       5.    1.408   -4.325
    522 1389.737  317.270   18.175   0.0829    0.194       5.    1.161   -3.503
    523 1807.980 1582.750   18.176   0.0933    1.296       5.    1.287    2.709
    524 1654.588  969.224   18.177   0.0989    0.047       5.    1.352   -2.831
    525 2008.975  250.042   18.177   0.0933   -0.150       5.    1.300   -0.958
    526  506.999 1764.837   18.178   0.0932    0.122       5.    1.297    0.335
    527 1275.785 1228.375   18.185   0.0885   -0.156       6.    1.211   -3.193
    528  527.652  174.224   18.186   0.1002   -0.395       5.    1.398    3.465
    529 1605.882 1072.130   18.188   0.1042    0.597       5.    1.413   -2.406
    530 1093.790  501.934   18.188   0.1012   -0.306       4.    1.417    0.285
    531  432.961 1205.338   18.189   0.0943   -0.022       5.    1.302    0.002
    532  570.452  862.516   18.211   0.0929   -0.085       5.    1.270   -5.389
    533 1033.502 1478.090   18.225   0.0841   -0.123       5.    1.138   -0.981
    534  502.644 1011.260   18.235   0.0952   -0.249       5.    1.272   -1.309
    535 1737.476  603.918   18.243   0.0918   -0.137       5.    1.213   -1.809
    536  631.903 2019.712   18.247   0.1129   -0.693       5.    1.514    4.192
    537  382.673  839.081   18.263   0.1060   -0.152       6.    1.381   -0.528
    538  142.091 1874.069   18.265   0.1201    0.035       5.    1.556   -4.256
    539 1012.874  140.121   18.267   0.1259   -0.193       5.    1.631   -3.715
    540 1353.943  599.009   18.269   0.1061    0.105       5.    1.372   -0.838
    541 2053.773 1292.721   18.272   0.1258   -0.322       4.    1.627   -2.029
    542  866.525 1589.203   18.279   0.1144   -0.021       5.    1.476   -3.362
    543 1800.591 1310.911   18.280   0.1048   -0.353       5.    1.355    3.695
    544 1484.733  982.104   18.289   0.1045    0.035       5.    1.331   -3.459
    545 1910.284  541.904   18.289   0.1006   -0.118       5.    1.282    0.422
    546  811.472 1469.463   18.300   0.1041   -0.429       4.    1.321    0.087
    547  245.580  771.168   18.312   0.1075    0.000       5.    1.346   -4.101
    548  293.661  776.917   18.312   0.1183    0.590       5.    1.460    0.372
    549  189.040 1306.050   18.330   0.0974   -0.092       7.    1.175   -0.860
    550 1411.183  884.287   18.332   0.1125    0.087       5.    1.376   -4.861
    551 1376.787 1508.428   18.334   0.1078   -0.117       5.    1.320   -2.152
    552  687.194 1817.438   18.356   0.1114   -0.319       5.    1.343   -2.251
    553  226.587  521.304   18.358   0.1205    0.184       5.    1.448   -6.489
    554  906.191 1830.041   18.359   0.1075    0.013       5.    1.285   -2.524
    555 1983.607  474.748   18.372   0.1139   -0.005       5.    1.348   -1.998
    556  305.895 1710.760   18.384   0.1055    0.227       5.    1.227   -6.673
    557  385.251  972.855   18.386   0.1231   -0.120       4.    1.446   -5.326
    558  680.017 1408.603   18.389   0.1077   -0.065       5.    1.264   -1.826
    559 1705.366 1384.196   18.395   0.1107    0.474       4.    1.283   -3.828
    560 1625.026  133.484   18.395   0.1462   -0.777       5.    1.728   -2.561
    561 1067.174 1844.653   18.395   0.1054    0.052       5.    1.218   -5.305
    562  550.868 1844.679   18.397   0.1018   -0.244       5.    1.180   -6.874
    563  446.459 1245.670   18.400   0.1223    0.089       5.    1.411   -4.318
    564 2000.368 1153.728   18.408   0.1232    0.119       5.    1.409   -2.322
    565 1877.555  834.430   18.422   0.1275   -0.469       5.    1.459   -8.067
    566  973.280 1905.291   18.425   0.1084    0.307       6.    1.192   -5.005
    567 1606.397 1093.596   18.427   0.1133    0.737       5.    1.248   -3.964
    568 1358.981  834.430   18.432   0.1230    0.040       5.    1.379   -0.959
    569  347.480  873.873   18.444   0.1195   -0.134       5.    1.337   -5.079
    570 1422.927 1146.328   18.445   0.1371   -0.341       5.    1.533   -6.401
    571  370.579  981.186   18.470   0.1330   -0.048       6.    1.455   -3.208
    572 1227.953 1209.607   18.517   0.1282    0.057       5.    1.331   -7.569
    573  561.723  683.321   18.527   0.1296   -0.269       5.    1.355   -4.218
    574  922.356  850.806   18.542   0.1371    0.212       5.    1.394   -5.116
    575 1000.494 1610.368   18.542   0.1444   -0.023       4.    1.488   -6.452
    576  567.557  140.378   18.555   0.1526   -0.049       5.    1.537  -10.046
    577 2050.944 1046.598   18.562   0.1679    0.001       5.    1.691   -7.910
    578 1128.499  958.575   18.569   0.1213    0.434       5.    1.204   -3.389
    579  483.503  483.523   18.577   0.1424   -0.115       4.    1.417   -5.257
    580  333.334 1041.981   18.581   0.1410   -0.261       5.    1.408   -1.041
    581 1009.155  392.761   18.588   0.1400   -0.180       5.    1.386   -7.228
    582 1772.548  965.638   18.588   0.1273   -0.127       5.    1.257   -2.319
    583  639.457 2045.637   18.590   0.1573   -0.389       5.    1.556   -2.182
    584  205.090 1037.515   18.608   0.1345    0.087       5.    1.284   -9.177
    585  644.651  146.669   18.615   0.1776   -0.013       6.    1.681   -6.326
    586  625.639 1777.517   18.619   0.1551    0.015       6.    1.490  -11.686
    587  530.377 2053.075   18.641   0.1852   -0.136       5.    1.735   -5.883
    588  950.155 1306.983   18.644   0.1471   -0.227       5.    1.368   -5.310
    589  551.592 1396.848   18.670   0.1483   -0.143       6.    1.368    4.409
    590  136.380  185.237   18.673   0.1732   -0.354       5.    1.589   -5.692
    591 1318.217  147.628   18.683   0.1551   -0.505       6.    1.409   -3.768
    592  885.360 2026.366   18.688   0.1525   -0.405       6.    1.345   -4.148
    593 1578.431  401.096   18.711   0.1555   -0.092       5.    1.381   -5.201
    594  257.425 1454.642   18.728   0.1882   -0.224       4.    1.631  -11.633
    595  483.053  758.294   18.749   0.1674    0.847       5.    1.407   -7.487
    596 1371.162  423.360   18.752   0.1529    0.185       5.    1.303   -9.835
    597  932.815 1480.408   18.781   0.1751   -0.000       6.    1.441   -6.776
    598 1747.668 1287.375   18.788   0.1522   -0.485       5.    1.263   -6.691
    599  336.425 1183.805   18.801   0.1669    0.020       5.    1.364   -6.278
    600 2041.713 1601.046   18.834   0.1903   -0.044       5.    1.495   -4.458
    601 1224.209 1228.219   18.844   0.1627    0.033       6.    1.253   -5.735
    602  897.667 1304.398   18.949   0.2021   -0.093       5.    1.454   -2.463
    603  153.035  444.441   18.957   0.2449    0.365       4.    1.738   -7.169
    604  977.686  597.053   18.975   0.2231    0.076       6.    1.564  -11.860
    605 2063.221 1991.037   19.111   0.3019    0.158       5.    1.874   -7.724
    606 2070.762 1259.123   19.215   0.3197   -0.244       5.    1.811  -14.975
    607  156.824  670.056   19.351   0.2778   -0.408       6.    1.399  -12.490
    608 1773.670  274.278   19.405   0.3133   -0.050       6.    1.503  -16.394
    609 2054.522 1733.210   19.484   0.4105   -0.126       6.    1.820  -19.540
    610 1124.289  141.575   19.514   0.4202    0.369       7.    1.811  -29.951
    611 1135.681 1068.507   19.516   0.3748   -0.208       6.    1.608  -31.757
    612  862.066  649.351   19.643   0.3719   -0.179       6.    1.437  -19.886
    613  334.574  503.460   19.661   0.3847   -0.039       5.    1.443  -33.199
    614 1588.946 1534.485   19.796   0.4352   -0.216       6.    1.460  -23.397
    615  763.281 1094.756   19.900   0.4538   -0.183       8.    1.381  -43.213
    616  137.778  568.828   19.902   0.4893    0.403       6.    1.478  -40.248
    617 1839.639 1980.331   19.941   0.5031    0.179       6.    1.466  -45.507
    618  985.036 1006.948   19.953   0.5214   -0.216       6.    1.528  -34.600
    619 1774.623 1186.674   19.954   0.4646    0.181       7.    1.330  -45.193
