 NL    NX    NY  LOWBAD HIGHBAD  THRESH     AP1  PH/ADU  RNOISE    FRAD
  1  1114  1119   -41.5 30000.0   19.54   14.00    4.50    2.44   10.00
 

      5  214.948  468.728  12.4932   0.0217   -0.146      10.    6.864    0.439
      6  252.882  712.503  12.6372   0.0037   -0.416       6.    1.132   -0.016
      7  180.967  684.317  12.6481   0.0051   -0.407       6.    1.447    0.112
      8  427.055  630.357  12.6632   0.0073   -0.402      10.    1.952   -0.160
      1  660.237   57.172  11.4890   0.0161    0.461      10.    5.413    0.485
      2  810.903  212.477  11.6875   0.0101   -0.286      10.    3.641    0.214
      3  210.918   76.445  11.7433   0.0299    0.166      10.   11.010    0.733
      4  117.063  185.654  12.2610   0.0381   -0.345      10.    9.667    1.030
      9  660.643  947.669  12.8012   0.0081   -0.195       8.    1.983    0.102
     10  285.091  453.647  12.8218   0.0138   -0.265      10.    4.078    0.286
     11  867.145  726.027  12.8732   0.0107   -0.129      10.    2.674   -0.107
     12  107.567  688.317  12.9934   0.0098    0.136      10.    2.250    0.256
     13  453.601  556.310  13.0083   0.0071    0.091       9.    1.725   -0.194
     14  248.548  609.945  13.0908   0.0043   -0.192       8.    1.123   -0.061
     15  225.048  327.484  13.2809   0.0117   -0.134      10.    2.768    0.225
     16  882.839  514.319  13.3329   0.0111    0.020      10.    2.163   -0.202
     17  325.352  521.465  13.3628   0.0073   -0.088      10.    1.508   -0.169
     18  934.267  297.145  13.5224   0.0121   -0.225      10.    2.783    0.212
     19  616.939  973.396  13.5882   0.0096   -0.028       9.    1.763    0.173
     20 1101.422  232.926  13.6447   0.0279    0.359      10.    5.704    1.180
     21  732.787  356.370  13.7050   0.0086   -0.198      10.    1.702   -0.129
     22  982.710  481.722  13.7512   0.0108   -0.220      10.    2.021   -0.060
     23  139.908   44.785  13.7858   0.0357    0.237      10.    7.604    1.452
     24  570.095  163.590  13.7895   0.0102   -0.123      10.    2.102    0.202
     25  821.479  458.073  13.7962   0.0094   -0.257      10.    1.626   -0.257
     26  433.570  538.674  13.8116   0.0075   -0.183       9.    1.381   -0.240
     27  474.710  866.464  13.8663   0.0058   -0.231       9.    1.097   -0.157
     28  476.643  722.426  13.8737   0.0083   -0.243       9.    1.424   -0.302
     29  368.514  871.220  14.0302   0.0064   -0.258       8.    1.154   -0.088
     30  705.461  603.839  14.0658   0.0104   -0.178      10.    1.588   -0.334
     31  229.699  253.662  14.1027   0.0142   -0.048      10.    2.507    0.444
     32   43.389  560.303  14.1216   0.0156    0.170      10.    2.609    0.628
     33  177.039  762.504  14.1349   0.0072   -0.411       9.    1.327    0.203
     34  880.709  530.543  14.1501   0.0090    0.181      10.    1.610   -0.244
     35  740.074 1102.719  14.1734   0.0251    0.172       8.    4.410   -0.555
     36  879.192   63.317  14.2495   0.0191   -0.184      10.    3.472    0.775
     37  484.599  440.200  14.3426   0.0087   -0.377      10.    1.276   -0.315
     38  734.249  123.802  14.3703   0.0126   -0.508      10.    2.215    0.450
     39  607.540  707.558  14.3855   0.0153   -0.398       4.    2.859   -0.440
     40  448.159  288.656  14.4573   0.0090   -0.115       9.    1.346   -0.099
     41  264.384  175.833  14.4722   0.0215   -0.235      10.    3.765    0.770
     42  582.679  467.455  14.5138   0.0092   -0.512      10.    1.271   -0.355
     43 1117.041  250.500  14.6299   0.1536   -0.099      10.    1.881   -0.029
     44  124.170  492.692  14.6418   0.0109   -0.089      10.    1.581    0.299
     45  760.284  162.447  14.6616   0.0108   -0.636      10.    1.728    0.329
     46  929.089  382.487  14.6708   0.0100   -0.156       9.    1.443   -0.071
     47  630.589  326.658  14.6742   0.0088   -0.315       9.    1.249   -0.317
     48  651.164  264.224  14.8031   0.0148   -0.171       9.    2.342    0.369
     49  651.023  905.605  14.8288   0.0154   -0.008       4.    2.435   -0.237
     50  140.512  296.097  14.8293   0.0158   -0.261      10.    2.370    0.591
     51  128.932  367.812  14.8763   0.0155   -0.346      10.    1.893    0.510
     52   28.942  435.256  14.9028   0.0215    0.157      10.    2.803    0.409
     53  316.568  628.688  14.9125   0.0079   -0.437      10.    1.208   -0.085
     54  901.068  142.313  14.9175   0.0154   -0.156      10.    2.172    0.698
     55  952.062  399.065  14.9769   0.0109   -0.162       9.    1.376   -0.115
     56  620.901  553.101  14.9817   0.0578   -0.217      10.    7.524    2.203
     57  114.141  661.604  15.0321   0.0118   -0.259      10.    1.393    0.424
     58  443.840  627.074  15.0470   0.0150   -0.440       7.    2.119    0.212
     59  734.530  790.799  15.0587   0.0104   -0.385       9.    1.312   -0.303
     60  105.491  190.627  15.0613   0.0288   -0.146      10.    4.038    1.156
     61  327.588  927.158  15.0640   0.0085    0.199       9.    1.131    0.140
     62  993.093  438.613  15.0645   0.0114   -0.208      10.    1.428    0.040
     63  712.400   56.173  15.0776   0.0162    0.023      10.    1.969    0.392
     64 1071.151  106.264  15.1181   0.0269   -0.551      10.    3.601    1.145
     65  562.699  486.777  15.1225   0.0109   -0.326       9.    1.185   -0.464
     66 1068.786  658.123  15.1470   0.0190   -0.312       9.    2.336   -0.007
     67  526.668  871.954  15.1614   0.0086   -0.206       8.    1.108   -0.148
     68  801.484  374.455  15.1618   0.0104   -0.408      10.    1.124   -0.360
     69  731.528  344.718  15.1810   0.0093   -0.222       8.    1.247   -0.146
     70  588.588  384.715  15.1936   0.0093   -0.401       9.    1.030   -0.343
     71  605.255  353.785  15.2319   0.0084   -0.471       9.    1.005   -0.267
     72  605.064  664.842  15.2446   0.0092   -0.599       9.    1.066   -0.222
     73 1019.758  163.870  15.2459   0.0207   -0.284      10.    2.586    0.756
     74  545.753   97.060  15.2561   0.0123   -0.197      10.    1.507    0.260
     75  790.923  110.605  15.2616   0.0151   -0.458      10.    1.901    0.536
     76  235.405  508.533  15.2683   0.0083   -0.362       4.    1.109   -0.012
     77  713.597  659.115  15.2931   0.0133   -0.483      10.    1.279   -0.534
     78  797.066  673.492  15.2956   0.0107   -0.064      10.    1.173   -0.355
     79  322.782  681.224  15.3055   0.0085   -0.461       4.    1.117   -0.133
     80   59.665  239.197  15.3483   0.0236   -0.079      10.    2.708    1.032
     81 1111.851  194.918  15.3567   0.0263    0.126       9.    3.286    0.671
     82    5.905  351.892  15.3644   0.0329    0.131      10.    4.067    1.202
     83  623.148  698.772  15.3756   0.0109   -0.393       4.    1.390   -0.331
     84  205.507  603.560  15.3818   0.0080   -0.378       6.    0.994    0.011
     85  613.392  131.746  15.3818   0.0133   -0.455      10.    1.528    0.234
     86   91.564   87.290  15.3906   0.0349   -0.025      10.    3.934    1.859
     87   93.909 1081.852  15.4567   0.0338    0.363       8.    3.209    1.336
     88   71.457 1021.752  15.4597   0.0359   -0.270       6.    3.543    1.632
     89  171.713  152.256  15.5071   0.0214    0.035      10.    2.428    0.851
     90  315.466  541.381  15.5224   0.0116   -0.100       6.    1.371    0.048
     91  619.551  628.019  15.5577   0.0124   -0.381      10.    1.114   -0.492
     92  976.925  547.524  15.5718   0.0131    0.004       9.    1.406    0.231
     93  136.118  699.760  15.5991   0.0131   -0.270       6.    1.475    0.399
     94  147.328  867.777  15.6484   0.0157   -0.071       9.    1.657    0.558
     95  764.054  565.618  15.6618   0.0122    0.236      10.    1.143   -0.399
     96 1006.496  318.020  15.6914   0.0139   -0.183      10.    1.377    0.263
     97  474.036  584.769  15.6978   0.0102   -0.013       5.    1.090   -0.216
     98  453.148  848.018  15.7091   0.0115   -0.299       8.    1.167   -0.215
     99  220.376  853.134  15.7096   0.0109   -0.279       7.    1.154    0.232
    100 1061.872  674.808  15.7294   0.0214   -0.290      10.    1.956    0.792
    101  758.069  766.973  15.7358   0.0113   -0.529       8.    1.064   -0.315
    102  598.997  536.533  15.7361   0.0098    0.223       7.    1.054   -0.392
    103  953.945    9.206  15.7561   0.0271    0.257      10.    2.764    1.015
    104  417.881 1087.474  15.7586   0.0180    0.085       9.    1.808    0.355
    105  660.579  568.043  15.7665   0.0108    0.500       9.    1.021   -0.370
    106  552.661  717.912  15.7700   0.0115   -0.079      10.    1.044   -0.438
    107  727.208  732.114  15.7861   0.0130   -0.411       5.    1.330   -0.258
    108  611.679  230.399  15.7898   0.0122   -0.339      10.    1.244   -0.113
    109  756.954  196.338  15.8085   0.0119   -0.277       9.    1.134    0.058
    110  456.614  664.195  15.8293   0.0123   -0.432      10.    1.095   -0.429
